[0.008s] Invoking command in '/home/hoapham/ur_ws/build/ur_moveit_control': CMAKE_PREFIX_PATH=${CMAKE_PREFIX_PATH}:/opt/ros/humble /usr/bin/cmake --build /home/hoapham/ur_ws/build/ur_moveit_control -- -j16 -l16
[0.048s] [35m[1mConsolidate compiler generated dependencies of target move_joint[0m
[0.066s] [ 50%] [32mBuilding CXX object CMakeFiles/move_joint.dir/src/move_joint.cpp.o[0m
[0.229s] [01m[K/home/hoapham/ur_ws/src/ur_moveit_control/src/move_joint.cpp:40:10:[m[K [01;31m[Kfatal error: [m[Kmoveit/robot_model_loader/robot_model_loader.hpp: No such file or directory
[0.229s]    40 | #include [01;31m[K<moveit/robot_model_loader/robot_model_loader.hpp>[m[K
[0.229s]       |          [01;31m[K^~~~~~~~~~~~~~~~~~~~~~~~~~~~~~~~~~~~~~~~~~~~~~~~~~[m[K
[0.229s] compilation terminated.
[0.231s] gmake[2]: *** [CMakeFiles/move_joint.dir/build.make:76: CMakeFiles/move_joint.dir/src/move_joint.cpp.o] Error 1
[0.231s] gmake[1]: *** [CMakeFiles/Makefile2:137: CMakeFiles/move_joint.dir/all] Error 2
[0.232s] gmake: *** [Makefile:146: all] Error 2
[0.234s] Invoked command in '/home/hoapham/ur_ws/build/ur_moveit_control' returned '2': CMAKE_PREFIX_PATH=${CMAKE_PREFIX_PATH}:/opt/ros/humble /usr/bin/cmake --build /home/hoapham/ur_ws/build/ur_moveit_control -- -j16 -l16
