[0.008s] Invoking command in '/home/hoapham/ur_ws/build/ur16_control_ui': CMAKE_PREFIX_PATH=${CMAKE_PREFIX_PATH}:/opt/ros/humble /usr/bin/cmake /home/hoapham/ur_ws/src/ur16_control_ui -DCMAKE_INSTALL_PREFIX=/home/hoapham/ur_ws/install/ur16_control_ui
[0.077s] -- The C compiler identification is GNU 11.4.0
[0.134s] -- The CXX compiler identification is GNU 11.4.0
[0.142s] -- Detecting C compiler ABI info
[0.204s] -- Detecting C compiler ABI info - done
[0.208s] -- Check for working C compiler: /usr/bin/cc - skipped
[0.209s] -- Detecting C compile features
[0.210s] -- Detecting C compile features - done
[0.212s] -- Detecting CXX compiler ABI info
[0.277s] -- Detecting CXX compiler ABI info - done
[0.281s] -- Check for working CXX compiler: /usr/bin/c++ - skipped
[0.281s] -- Detecting CXX compile features
[0.281s] -- Detecting CXX compile features - done
[0.287s] -- Found ament_cmake: 1.3.11 (/opt/ros/humble/share/ament_cmake/cmake)
[0.403s] -- Found Python3: /usr/bin/python3 (found version "3.10.12") found components: Interpreter 
[0.491s] -- Found rclcpp: 16.0.12 (/opt/ros/humble/share/rclcpp/cmake)
[0.539s] -- Found rosidl_generator_c: 3.1.6 (/opt/ros/humble/share/rosidl_generator_c/cmake)
[0.545s] -- Found rosidl_adapter: 3.1.6 (/opt/ros/humble/share/rosidl_adapter/cmake)
[0.554s] -- Found rosidl_generator_cpp: 3.1.6 (/opt/ros/humble/share/rosidl_generator_cpp/cmake)
[0.566s] -- Using all available rosidl_typesupport_c: rosidl_typesupport_fastrtps_c;rosidl_typesupport_introspection_c
[0.583s] -- Using all available rosidl_typesupport_cpp: rosidl_typesupport_fastrtps_cpp;rosidl_typesupport_introspection_cpp
[0.629s] -- Found rmw_implementation_cmake: 6.1.2 (/opt/ros/humble/share/rmw_implementation_cmake/cmake)
[0.633s] -- Found rmw_cyclonedds_cpp: 1.3.4 (/opt/ros/humble/share/rmw_cyclonedds_cpp/cmake)
[0.659s] -- Using RMW implementation 'rmw_cyclonedds_cpp' as default
[0.670s] -- Looking for pthread.h
[0.730s] -- Looking for pthread.h - found
[0.730s] -- Performing Test CMAKE_HAVE_LIBC_PTHREAD
[0.792s] -- Performing Test CMAKE_HAVE_LIBC_PTHREAD - Success
[0.792s] -- Found Threads: TRUE  
[0.837s] -- Found moveit_ros_planning_interface: 2.5.9 (/opt/ros/humble/share/moveit_ros_planning_interface/cmake)
[0.865s] -- Found Boost: /usr/lib/x86_64-linux-gnu/cmake/Boost-1.74.0/BoostConfig.cmake (found version "1.74.0") found components: date_time filesystem program_options system thread 
[1.017s] -- Found Boost: /usr/lib/x86_64-linux-gnu/cmake/Boost-1.74.0/BoostConfig.cmake (found version "1.74.0") found components: chrono date_time filesystem iostreams program_options regex serialization system thread 
[1.065s] -- Found parameter_traits: 0.4.0 (/opt/ros/humble/share/parameter_traits/cmake)
[1.077s] -- Found Eigen3: TRUE (found version "3.4.0") 
[1.080s] -- Found rclcpp_lifecycle: 16.0.12 (/opt/ros/humble/share/rclcpp_lifecycle/cmake)
[1.104s] -- Found Boost: /usr/lib/x86_64-linux-gnu/cmake/Boost-1.74.0/BoostConfig.cmake (found version "1.74.0") found components: filesystem 
[1.194s] -- library: /usr/lib/x86_64-linux-gnu/libcurl.so
[1.224s] -- Ensuring Eigen3 include directory is part of orocos-kdl CMake target
[1.354s] -- Found Boost: /usr/lib/x86_64-linux-gnu/cmake/Boost-1.74.0/BoostConfig.cmake (found version "1.74.0") found components: system filesystem date_time program_options thread chrono 
[1.377s] -- Found Boost: /usr/lib/x86_64-linux-gnu/cmake/Boost-1.74.0/BoostConfig.cmake (found version "1.74.0") found components: thread system filesystem regex date_time program_options 
[1.451s] -- Found Boost: /usr/lib/x86_64-linux-gnu/cmake/Boost-1.74.0/BoostConfig.cmake (found version "1.74.0") found components: system filesystem date_time program_options thread 
[1.473s] -- Found moveit_common: 2.5.9 (/opt/ros/humble/share/moveit_common/cmake)
[1.532s] -- Configuring done
[1.559s] -- Generating done
[1.564s] -- Build files have been written to: /home/hoapham/ur_ws/build/ur16_control_ui
[1.576s] Invoked command in '/home/hoapham/ur_ws/build/ur16_control_ui' returned '0': CMAKE_PREFIX_PATH=${CMAKE_PREFIX_PATH}:/opt/ros/humble /usr/bin/cmake /home/hoapham/ur_ws/src/ur16_control_ui -DCMAKE_INSTALL_PREFIX=/home/hoapham/ur_ws/install/ur16_control_ui
[1.578s] Invoking command in '/home/hoapham/ur_ws/build/ur16_control_ui': CMAKE_PREFIX_PATH=${CMAKE_PREFIX_PATH}:/opt/ros/humble /usr/bin/cmake --build /home/hoapham/ur_ws/build/ur16_control_ui -- -j16 -l16
[1.617s] [35m[1mConsolidate compiler generated dependencies of target ur16_control_ui[0m
[1.658s] [ 50%] [32mBuilding CXX object CMakeFiles/ur16_control_ui.dir/src/ur16_control_ui_node.cpp.o[0m
[4.953s] [01m[K/home/hoapham/ur_ws/src/ur16_control_ui/src/ur16_control_ui_node.cpp:[m[K In member function â€˜[01m[Kvoid JointMoveServer::trigger_callback(std::shared_ptr<std_srvs::srv::Trigger_Request_<std::allocator<void> > >, std::shared_ptr<std_srvs::srv::Trigger_Response_<std::allocator<void> > >)[m[Kâ€™:
[4.953s] [01m[K/home/hoapham/ur_ws/src/ur16_control_ui/src/ur16_control_ui_node.cpp:41:17:[m[K [01;31m[Kerror: [m[Kâ€˜[01m[Kclass std::shared_ptr<moveit::planning_interface::MoveGroupInterface>[m[Kâ€™ has no member named â€˜[01m[KsetStartStateToCurrentState[m[Kâ€™
[4.953s]    41 |     move_group_.[01;31m[KsetStartStateToCurrentState[m[K();
[4.953s]       |                 [01;31m[K^~~~~~~~~~~~~~~~~~~~~~~~~~~[m[K
[4.953s] [01m[K/home/hoapham/ur_ws/src/ur16_control_ui/src/ur16_control_ui_node.cpp:42:17:[m[K [01;31m[Kerror: [m[Kâ€˜[01m[Kclass std::shared_ptr<moveit::planning_interface::MoveGroupInterface>[m[Kâ€™ has no member named â€˜[01m[KsetPlanningTime[m[Kâ€™
[4.953s]    42 |     move_group_.[01;31m[KsetPlanningTime[m[K(10.0);
[4.953s]       |                 [01;31m[K^~~~~~~~~~~~~~~[m[K
[4.953s] [01m[K/home/hoapham/ur_ws/src/ur16_control_ui/src/ur16_control_ui_node.cpp:43:17:[m[K [01;31m[Kerror: [m[Kâ€˜[01m[Kclass std::shared_ptr<moveit::planning_interface::MoveGroupInterface>[m[Kâ€™ has no member named â€˜[01m[KsetGoalTolerance[m[Kâ€™
[4.953s]    43 |     move_group_.[01;31m[KsetGoalTolerance[m[K(0.01);
[4.953s]       |                 [01;31m[K^~~~~~~~~~~~~~~~[m[K
[6.823s] gmake[2]: *** [CMakeFiles/ur16_control_ui.dir/build.make:76: CMakeFiles/ur16_control_ui.dir/src/ur16_control_ui_node.cpp.o] Error 1
[6.824s] gmake[1]: *** [CMakeFiles/Makefile2:137: CMakeFiles/ur16_control_ui.dir/all] Error 2
[6.824s] gmake: *** [Makefile:146: all] Error 2
[6.826s] Invoked command in '/home/hoapham/ur_ws/build/ur16_control_ui' returned '2': CMAKE_PREFIX_PATH=${CMAKE_PREFIX_PATH}:/opt/ros/humble /usr/bin/cmake --build /home/hoapham/ur_ws/build/ur16_control_ui -- -j16 -l16
