[0.010s] Invoking command in '/home/hoapham/ros2_ws/build/gui': CMAKE_PREFIX_PATH=${CMAKE_PREFIX_PATH}:/opt/ros/humble /usr/bin/cmake --build /home/hoapham/ros2_ws/build/gui -- -j16 -l16
[0.057s] [ 10%] [34m[1mAutomatic MOC and UIC for target gui[0m
[0.311s] [ 10%] Built target gui_autogen
[0.330s] [35m[1mConsolidate compiler generated dependencies of target gui[0m
[0.379s] [ 30%] [32mBuilding CXX object CMakeFiles/gui.dir/gui_autogen/mocs_compilation.cpp.o[0m
[0.379s] [ 30%] [32mBuilding CXX object CMakeFiles/gui.dir/src/rviz_window.cpp.o[0m
[2.857s] [01m[K/home/hoapham/ros2_ws/src/gui/src/rviz_window.cpp:[m[K In constructor â€˜[01m[KRvizWindow::RvizWindow(QWidget*)[m[Kâ€™:
[2.857s] [01m[K/home/hoapham/ros2_ws/src/gui/src/rviz_window.cpp:15:79:[m[K [01;31m[Kerror: [m[Kâ€˜[01m[Kcreate[m[Kâ€™ is not a member of â€˜[01m[Krviz_common::ros_integration::RosNodeAbstraction[m[Kâ€™
[2.857s]    15 |     ros_node_abstraction_ = rviz_common::ros_integration::RosNodeAbstraction::[01;31m[Kcreate[m[K(raw_ros_node);
[2.857s]       |                                                                               [01;31m[K^~~~~~[m[K
[2.858s] [01m[K/home/hoapham/ros2_ws/src/gui/src/rviz_window.cpp:26:41:[m[K [01;31m[Kerror: [m[Kâ€˜[01m[Kclass rviz_common::VisualizationManager[m[Kâ€™ has no member named â€˜[01m[KgetDisplayContext[m[Kâ€™; did you mean â€˜[01m[KDisplayContext[m[Kâ€™?
[2.859s]    26 |     render_panel_->initialize(manager_->[01;31m[KgetDisplayContext[m[K());  // fixed: DisplayContext, not SceneManager
[2.859s]       |                                         [01;31m[K^~~~~~~~~~~~~~~~~[m[K
[2.859s]       |                                         [32m[KDisplayContext[m[K
[3.503s] gmake[2]: *** [CMakeFiles/gui.dir/build.make:174: CMakeFiles/gui.dir/src/rviz_window.cpp.o] Error 1
[3.503s] gmake[2]: *** Waiting for unfinished jobs....
[5.805s] gmake[1]: *** [CMakeFiles/Makefile2:138: CMakeFiles/gui.dir/all] Error 2
[5.806s] gmake: *** [Makefile:146: all] Error 2
[5.808s] Invoked command in '/home/hoapham/ros2_ws/build/gui' returned '2': CMAKE_PREFIX_PATH=${CMAKE_PREFIX_PATH}:/opt/ros/humble /usr/bin/cmake --build /home/hoapham/ros2_ws/build/gui -- -j16 -l16
