[01m[K/home/hoapham/ros2_ws/src/gui/src/main.cpp:[m[K In lambda function:
[01m[K/home/hoapham/ros2_ws/src/gui/src/main.cpp:49:63:[m[K [01;31m[Kerror: [m[Kâ€˜[01m[Kmanager_[m[Kâ€™ was not declared in this scope; did you mean â€˜[01m[Kmanager[m[Kâ€™?
   49 |               rviz_common::Display * robot_model_display_ = [01;31m[Kmanager_[m[K->createDisplay("rviz_default_plugins/RobotModel", "Robot Model", true);
      |                                                             [01;31m[K^~~~~~~~[m[K
      |                                                             [32m[Kmanager[m[K
gmake[2]: *** [CMakeFiles/gui.dir/build.make:90: CMakeFiles/gui.dir/src/main.cpp.o] Error 1
gmake[1]: *** [CMakeFiles/Makefile2:138: CMakeFiles/gui.dir/all] Error 2
gmake: *** [Makefile:146: all] Error 2
