[0.009s] Invoking command in '/home/hoapham/ros2_ws/build/gui': CMAKE_PREFIX_PATH=${CMAKE_PREFIX_PATH}:/opt/ros/humble /usr/bin/cmake --build /home/hoapham/ros2_ws/build/gui -- -j16 -l16
[0.057s] [ 12%] [34m[1mAutomatic MOC and UIC for target gui[0m
[0.086s] [ 12%] Built target gui_autogen
[0.104s] [35m[1mConsolidate compiler generated dependencies of target gui[0m
[0.146s] [ 25%] [32mBuilding CXX object CMakeFiles/gui.dir/src/main.cpp.o[0m
[4.684s] [01m[K/home/hoapham/ros2_ws/src/gui/src/main.cpp:[m[K In lambda function:
[4.684s] [01m[K/home/hoapham/ros2_ws/src/gui/src/main.cpp:49:63:[m[K [01;31m[Kerror: [m[Kâ€˜[01m[Kmanager_[m[Kâ€™ was not declared in this scope; did you mean â€˜[01m[Kmanager[m[Kâ€™?
[4.684s]    49 |               rviz_common::Display * robot_model_display_ = [01;31m[Kmanager_[m[K->createDisplay("rviz_default_plugins/RobotModel", "Robot Model", true);
[4.684s]       |                                                             [01;31m[K^~~~~~~~[m[K
[4.684s]       |                                                             [32m[Kmanager[m[K
[5.512s] gmake[2]: *** [CMakeFiles/gui.dir/build.make:90: CMakeFiles/gui.dir/src/main.cpp.o] Error 1
[5.512s] gmake[1]: *** [CMakeFiles/Makefile2:138: CMakeFiles/gui.dir/all] Error 2
[5.512s] gmake: *** [Makefile:146: all] Error 2
[5.515s] Invoked command in '/home/hoapham/ros2_ws/build/gui' returned '2': CMAKE_PREFIX_PATH=${CMAKE_PREFIX_PATH}:/opt/ros/humble /usr/bin/cmake --build /home/hoapham/ros2_ws/build/gui -- -j16 -l16
