[35m[1mConsolidate compiler generated dependencies of target pointcloud_marker_node[0m
[ 50%] [32mBuilding CXX object CMakeFiles/pointcloud_marker_node.dir/src/pointcloud_marker_node.cpp.o[0m
[01m[K/home/hoapham/ros2_ws/src/pointcloud_marker/src/pointcloud_marker_node.cpp:197:5:[m[K [01;31m[Kerror: [m[Kexpected unqualified-id before â€˜[01m[Kif[m[Kâ€™
  197 |     [01;31m[Kif[m[K (point_log_.is_open()) {
      |     [01;31m[K^~[m[K
[01m[K/home/hoapham/ros2_ws/src/pointcloud_marker/src/pointcloud_marker_node.cpp:[m[K In constructor â€˜[01m[KPointLabeler::PointLabeler()[m[Kâ€™:
[01m[K/home/hoapham/ros2_ws/src/pointcloud_marker/src/pointcloud_marker_node.cpp:66:9:[m[K [01;31m[Kerror: [m[Kâ€˜[01m[Kpoint_log_[m[Kâ€™ was not declared in this scope; did you mean â€˜[01m[Kpoint_id_[m[Kâ€™?
   66 |         [01;31m[Kpoint_log_[m[K.open("logs/clicked_points.csv", std::ios::app);
      |         [01;31m[K^~~~~~~~~~[m[K
      |         [32m[Kpoint_id_[m[K
[01m[K/home/hoapham/ros2_ws/src/pointcloud_marker/src/pointcloud_marker_node.cpp:[m[K In destructor â€˜[01m[Kvirtual PointLabeler::~PointLabeler()[m[Kâ€™:
[01m[K/home/hoapham/ros2_ws/src/pointcloud_marker/src/pointcloud_marker_node.cpp:77:13:[m[K [01;31m[Kerror: [m[Kâ€˜[01m[Kpoint_log_[m[Kâ€™ was not declared in this scope; did you mean â€˜[01m[Kpoint_id_[m[Kâ€™?
   77 |         if ([01;31m[Kpoint_log_[m[K.is_open()) {
      |             [01;31m[K^~~~~~~~~~[m[K
      |             [32m[Kpoint_id_[m[K
gmake[2]: *** [CMakeFiles/pointcloud_marker_node.dir/build.make:76: CMakeFiles/pointcloud_marker_node.dir/src/pointcloud_marker_node.cpp.o] Error 1
gmake[1]: *** [CMakeFiles/Makefile2:137: CMakeFiles/pointcloud_marker_node.dir/all] Error 2
gmake: *** [Makefile:146: all] Error 2
