[0.010s] Invoking command in '/home/hoapham/ur_ws/build/ur_moveit_control': CMAKE_PREFIX_PATH=${CMAKE_PREFIX_PATH}:/opt/ros/humble /usr/bin/cmake --build /home/hoapham/ur_ws/build/ur_moveit_control -- -j16 -l16
[0.067s] [ 50%] [32mBuilding CXX object CMakeFiles/move_joint.dir/src/move_joint.cpp.o[0m
[0.221s] [01m[K/home/hoapham/ur_ws/src/ur_moveit_control/src/move_joint.cpp:41:10:[m[K [01;31m[Kfatal error: [m[Kmoveit/robot_state/conversions.hpp: No such file or directory
[0.221s]    41 | #include [01;31m[K<moveit/robot_state/conversions.hpp>[m[K
[0.221s]       |          [01;31m[K^~~~~~~~~~~~~~~~~~~~~~~~~~~~~~~~~~~~[m[K
[0.221s] compilation terminated.
[0.224s] gmake[2]: *** [CMakeFiles/move_joint.dir/build.make:76: CMakeFiles/move_joint.dir/src/move_joint.cpp.o] Error 1
[0.224s] gmake[1]: *** [CMakeFiles/Makefile2:137: CMakeFiles/move_joint.dir/all] Error 2
[0.224s] gmake: *** [Makefile:146: all] Error 2
[0.227s] Invoked command in '/home/hoapham/ur_ws/build/ur_moveit_control' returned '2': CMAKE_PREFIX_PATH=${CMAKE_PREFIX_PATH}:/opt/ros/humble /usr/bin/cmake --build /home/hoapham/ur_ws/build/ur_moveit_control -- -j16 -l16
