[0.009s] Invoking command in '/home/hoapham/ros2_ws/build/gui': CMAKE_PREFIX_PATH=${CMAKE_PREFIX_PATH}:/opt/ros/humble /usr/bin/cmake --build /home/hoapham/ros2_ws/build/gui -- -j16 -l16
[0.055s] [ 12%] [34m[1mAutomatic MOC and UIC for target gui[0m
[0.081s] [ 12%] Built target gui_autogen
[0.101s] [35m[1mConsolidate compiler generated dependencies of target gui[0m
[0.142s] [ 25%] [32mBuilding CXX object CMakeFiles/gui.dir/src/main.cpp.o[0m
[4.572s] [01m[K/home/hoapham/ros2_ws/src/gui/src/main.cpp:[m[K In lambda function:
[4.572s] [01m[K/home/hoapham/ros2_ws/src/gui/src/main.cpp:59:26:[m[K [01;31m[Kerror: [m[Kâ€˜[01m[Kclass rviz_common::VisualizationManager[m[Kâ€™ has no member named â€˜[01m[KremoveDisplay[m[Kâ€™; did you mean â€˜[01m[KcreateDisplay[m[Kâ€™?
[4.572s]    59 |                 manager->[01;31m[KremoveDisplay[m[K(robot_model_display_);
[4.572s]       |                          [01;31m[K^~~~~~~~~~~~~[m[K
[4.572s]       |                          [32m[KcreateDisplay[m[K
[5.430s] gmake[2]: *** [CMakeFiles/gui.dir/build.make:90: CMakeFiles/gui.dir/src/main.cpp.o] Error 1
[5.431s] gmake[1]: *** [CMakeFiles/Makefile2:138: CMakeFiles/gui.dir/all] Error 2
[5.431s] gmake: *** [Makefile:146: all] Error 2
[5.433s] Invoked command in '/home/hoapham/ros2_ws/build/gui' returned '2': CMAKE_PREFIX_PATH=${CMAKE_PREFIX_PATH}:/opt/ros/humble /usr/bin/cmake --build /home/hoapham/ros2_ws/build/gui -- -j16 -l16
