[0.010s] Invoking command in '/home/hoapham/ros2_ws/build/gui': CMAKE_PREFIX_PATH=${CMAKE_PREFIX_PATH}:/opt/ros/humble /usr/bin/cmake --build /home/hoapham/ros2_ws/build/gui -- -j16 -l16
[0.072s] [ 11%] [34m[1mAutomatic MOC and UIC for target gui[0m
[0.372s] [ 11%] Built target gui_autogen
[0.395s] [35m[1mConsolidate compiler generated dependencies of target gui[0m
[0.444s] [ 44%] [32mBuilding CXX object CMakeFiles/gui.dir/gui_autogen/mocs_compilation.cpp.o[0m
[0.445s] [ 44%] [32mBuilding CXX object CMakeFiles/gui.dir/src/preparation.cpp.o[0m
[0.445s] [ 44%] [32mBuilding CXX object CMakeFiles/gui.dir/src/rviz_window.cpp.o[0m
[0.875s] [01m[K/home/hoapham/ros2_ws/src/gui/src/preparation.cpp:3:10:[m[K [01;31m[Kfatal error: [m[Kgui/rviz_preparation.h: No such file or directory
[0.875s]     3 | #include [01;31m[K"gui/rviz_preparation.h"[m[K
[0.875s]       |          [01;31m[K^~~~~~~~~~~~~~~~~~~~~~~~[m[K
[0.875s] compilation terminated.
[0.881s] gmake[2]: *** [CMakeFiles/gui.dir/build.make:146: CMakeFiles/gui.dir/src/preparation.cpp.o] Error 1
[0.881s] gmake[2]: *** Waiting for unfinished jobs....
[3.233s] In file included from [01m[K/home/hoapham/ros2_ws/src/gui/src/rviz_window.cpp:2[m[K:
[3.233s] [01m[K/home/hoapham/ros2_ws/src/gui/include/gui/rviz_window.h:21:35:[m[K [01;31m[Kerror: [m[Kâ€˜[01m[KRosNodeAbstractionPtr[m[Kâ€™ in namespace â€˜[01m[Krviz_common::ros_integration[m[Kâ€™ does not name a type; did you mean â€˜[01m[KRosNodeAbstraction[m[Kâ€™?
[3.233s]    21 |     rviz_common::ros_integration::[01;31m[KRosNodeAbstractionPtr[m[K ros_node_abstraction_shared_;
[3.233s]       |                                   [01;31m[K^~~~~~~~~~~~~~~~~~~~~[m[K
[3.233s]       |                                   [32m[KRosNodeAbstraction[m[K
[3.248s] [01m[K/home/hoapham/ros2_ws/src/gui/src/rviz_window.cpp:[m[K In constructor â€˜[01m[KRvizWindow::RvizWindow(QWidget*)[m[Kâ€™:
[3.248s] [01m[K/home/hoapham/ros2_ws/src/gui/src/rviz_window.cpp:14:5:[m[K [01;31m[Kerror: [m[Kâ€˜[01m[Kros_node_abstraction_shared_[m[Kâ€™ was not declared in this scope; did you mean â€˜[01m[Kros_node_abstraction_[m[Kâ€™?
[3.248s]    14 |     [01;31m[Kros_node_abstraction_shared_[m[K = std::make_shared<rviz_common::ros_integration::RosNodeAbstraction>("rviz_window_node");
[3.248s]       |     [01;31m[K^~~~~~~~~~~~~~~~~~~~~~~~~~~~[m[K
[3.248s]       |     [32m[Kros_node_abstraction_[m[K
[3.250s] [01m[K/home/hoapham/ros2_ws/src/gui/src/rviz_window.cpp:27:56:[m[K [01;31m[Kerror: [m[Kcannot convert â€˜[01m[KOgre::SceneManager*[m[Kâ€™ to â€˜[01m[Krviz_common::DisplayContext*[m[Kâ€™
[3.250s]    27 |     render_panel_->initialize([01;31m[Kmanager_->getSceneManager()[m[K, manager_);
[3.250s]       |                               [01;31m[K~~~~~~~~~~~~~~~~~~~~~~~~~^~[m[K
[3.250s]       |                                                        [01;31m[K|[m[K
[3.251s]       |                                                        [01;31m[KOgre::SceneManager*[m[K
[3.251s] In file included from [01m[K/home/hoapham/ros2_ws/src/gui/include/gui/rviz_window.h:4[m[K,
[3.251s]                  from [01m[K/home/hoapham/ros2_ws/src/gui/src/rviz_window.cpp:2[m[K:
[3.251s] [01m[K/opt/ros/humble/include/rviz_common/rviz_common/render_panel.hpp:80:36:[m[K [01;36m[Knote: [m[K  initializing argument 1 of â€˜[01m[Kvoid rviz_common::RenderPanel::initialize(rviz_common::DisplayContext*, bool)[m[Kâ€™
[3.251s]    80 |   void initialize([01;36m[KDisplayContext * manager[m[K, bool use_main_scene = false);
[3.251s]       |                   [01;36m[K~~~~~~~~~~~~~~~~~^~~~~~~[m[K
[3.251s] In file included from [01m[K/opt/ros/humble/include/rclcpp/rclcpp/client.hpp:40[m[K,
[3.251s]                  from [01m[K/opt/ros/humble/include/rclcpp/rclcpp/callback_group.hpp:24[m[K,
[3.251s]                  from [01m[K/opt/ros/humble/include/rclcpp/rclcpp/any_executable.hpp:20[m[K,
[3.251s]                  from [01m[K/opt/ros/humble/include/rclcpp/rclcpp/memory_strategy.hpp:25[m[K,
[3.251s]                  from [01m[K/opt/ros/humble/include/rclcpp/rclcpp/memory_strategies.hpp:18[m[K,
[3.251s]                  from [01m[K/opt/ros/humble/include/rclcpp/rclcpp/executor_options.hpp:20[m[K,
[3.251s]                  from [01m[K/opt/ros/humble/include/rclcpp/rclcpp/executor.hpp:37[m[K,
[3.251s]                  from [01m[K/opt/ros/humble/include/rclcpp/rclcpp/executors/multi_threaded_executor.hpp:25[m[K,
[3.251s]                  from [01m[K/opt/ros/humble/include/rclcpp/rclcpp/executors.hpp:21[m[K,
[3.251s]                  from [01m[K/opt/ros/humble/include/rclcpp/rclcpp/rclcpp.hpp:155[m[K,
[3.251s]                  from [01m[K/opt/ros/humble/include/tf2_ros/tf2_ros/transform_listener.h:45[m[K,
[3.251s]                  from [01m[K/opt/ros/humble/include/rviz_common/rviz_common/visualization_manager.hpp:40[m[K,
[3.251s]                  from [01m[K/home/hoapham/ros2_ws/src/gui/include/gui/rviz_window.h:5[m[K,
[3.251s]                  from [01m[K/home/hoapham/ros2_ws/src/gui/src/rviz_window.cpp:2[m[K:
[3.251s] [01m[K/home/hoapham/ros2_ws/src/gui/src/rviz_window.cpp:34:9:[m[K [01;31m[Kerror: [m[Ktemplate argument 1 is invalid
[3.251s]    34 |         [01;31m[KRCLCPP_ERROR[m[K(raw_node->get_logger(), "Failed to create Grid display");
[3.252s]       |         [01;31m[K^~~~~~~~~~~~[m[K
[3.252s] [01m[K/home/hoapham/ros2_ws/src/gui/src/rviz_window.cpp:34:9:[m[K [01;31m[Kerror: [m[Ktemplate argument 1 is invalid
[3.252s]    34 |         [01;31m[KRCLCPP_ERROR[m[K(raw_node->get_logger(), "Failed to create Grid display");
[3.252s]       |         [01;31m[K^~~~~~~~~~~~[m[K
[3.252s] [01m[K/home/hoapham/ros2_ws/src/gui/src/rviz_window.cpp:34:9:[m[K [01;31m[Kerror: [m[Ktemplate argument 1 is invalid
[3.252s]    34 |         [01;31m[KRCLCPP_ERROR[m[K(raw_node->get_logger(), "Failed to create Grid display");
[3.252s]       |         [01;31m[K^~~~~~~~~~~~[m[K
[3.923s] gmake[2]: *** [CMakeFiles/gui.dir/build.make:160: CMakeFiles/gui.dir/src/rviz_window.cpp.o] Error 1
[5.344s] In file included from [01m[K/home/hoapham/ros2_ws/build/gui/gui_autogen/BMPI5EA7AM/moc_rviz_window.cpp:10[m[K,
[5.345s]                  from [01m[K/home/hoapham/ros2_ws/build/gui/gui_autogen/mocs_compilation.cpp:5[m[K:
[5.345s] [01m[K/home/hoapham/ros2_ws/build/gui/gui_autogen/BMPI5EA7AM/../../../../src/gui/include/gui/rviz_window.h:21:35:[m[K [01;31m[Kerror: [m[Kâ€˜[01m[KRosNodeAbstractionPtr[m[Kâ€™ in namespace â€˜[01m[Krviz_common::ros_integration[m[Kâ€™ does not name a type; did you mean â€˜[01m[KRosNodeAbstraction[m[Kâ€™?
[5.345s]    21 |     rviz_common::ros_integration::[01;31m[KRosNodeAbstractionPtr[m[K ros_node_abstraction_shared_;
[5.345s]       |                                   [01;31m[K^~~~~~~~~~~~~~~~~~~~~[m[K
[5.345s]       |                                   [32m[KRosNodeAbstraction[m[K
[6.398s] gmake[2]: *** [CMakeFiles/gui.dir/build.make:76: CMakeFiles/gui.dir/gui_autogen/mocs_compilation.cpp.o] Error 1
[6.398s] gmake[1]: *** [CMakeFiles/Makefile2:138: CMakeFiles/gui.dir/all] Error 2
[6.399s] gmake: *** [Makefile:146: all] Error 2
[6.402s] Invoked command in '/home/hoapham/ros2_ws/build/gui' returned '2': CMAKE_PREFIX_PATH=${CMAKE_PREFIX_PATH}:/opt/ros/humble /usr/bin/cmake --build /home/hoapham/ros2_ws/build/gui -- -j16 -l16
