[0.016s] Invoking command in '/home/hoapham/ros2_ws/build/gui': CMAKE_PREFIX_PATH=${CMAKE_PREFIX_PATH}:/opt/ros/humble /usr/bin/cmake --build /home/hoapham/ros2_ws/build/gui -- -j16 -l16
[0.080s] [ 14%] [34m[1mAutomatic MOC and UIC for target gui[0m
[0.623s] [ 14%] Built target gui_autogen
[0.642s] [35m[1mConsolidate compiler generated dependencies of target gui[0m
[0.679s] [ 28%] [32mBuilding CXX object CMakeFiles/gui.dir/gui_autogen/mocs_compilation.cpp.o[0m
[0.679s] [ 42%] [32mBuilding CXX object CMakeFiles/gui.dir/src/hello_gui.cpp.o[0m
[0.679s] [ 57%] [32mBuilding CXX object CMakeFiles/gui.dir/src/main.cpp.o[0m
[5.115s] In file included from [01m[K/home/hoapham/ros2_ws/build/gui/gui_autogen/BMPI5EA7AM/moc_hello_gui.cpp:10[m[K,
[5.115s]                  from [01m[K/home/hoapham/ros2_ws/build/gui/gui_autogen/mocs_compilation.cpp:2[m[K:
[5.116s] [01m[K/home/hoapham/ros2_ws/build/gui/gui_autogen/BMPI5EA7AM/../../../../src/gui/include/gui/hello_gui.h:74:38:[m[K [01;31m[Kerror: [m[Kâ€˜[01m[Ksetting_params[m[Kâ€™ is not a member of â€˜[01m[Kgui_msgs::msg[m[Kâ€™; did you mean â€˜[01m[KSettingParams[m[Kâ€™?
[5.116s]    74 |     rclcpp::Publisher<gui_msgs::msg::[01;31m[Ksetting_params[m[K>::SharedPtr pb_params;
[5.116s]       |                                      [01;31m[K^~~~~~~~~~~~~~[m[K
[5.116s]       |                                      [32m[KSettingParams[m[K
[5.116s] [01m[K/home/hoapham/ros2_ws/build/gui/gui_autogen/BMPI5EA7AM/../../../../src/gui/include/gui/hello_gui.h:74:52:[m[K [01;31m[Kerror: [m[Ktemplate argument 1 is invalid
[5.116s]    74 |     rclcpp::Publisher<gui_msgs::msg::setting_params[01;31m[K>[m[K::SharedPtr pb_params;
[5.116s]       |                                                    [01;31m[K^[m[K
[5.116s] [01m[K/home/hoapham/ros2_ws/build/gui/gui_autogen/BMPI5EA7AM/../../../../src/gui/include/gui/hello_gui.h:74:55:[m[K [01;31m[Kerror: [m[Kexpected â€˜[01m[K;[m[Kâ€™ at end of member declaration
[5.116s]    74 |     rclcpp::Publisher<gui_msgs::msg::setting_params>::[01;31m[KSharedPtr[m[K pb_params;
[5.116s]       |                                                       [01;31m[K^~~~~~~~~[m[K
[5.116s]       |                                                                [32m[K;[m[K
[5.120s] In file included from [01m[K/home/hoapham/ros2_ws/src/gui/src/main.cpp:1[m[K:
[5.120s] [01m[K/home/hoapham/ros2_ws/src/gui/include/gui/hello_gui.h:74:38:[m[K [01;31m[Kerror: [m[Kâ€˜[01m[Ksetting_params[m[Kâ€™ is not a member of â€˜[01m[Kgui_msgs::msg[m[Kâ€™; did you mean â€˜[01m[KSettingParams[m[Kâ€™?
[5.120s]    74 |     rclcpp::Publisher<gui_msgs::msg::[01;31m[Ksetting_params[m[K>::SharedPtr pb_params;
[5.120s]       |                                      [01;31m[K^~~~~~~~~~~~~~[m[K
[5.120s]       |                                      [32m[KSettingParams[m[K
[5.120s] [01m[K/home/hoapham/ros2_ws/src/gui/include/gui/hello_gui.h:74:52:[m[K [01;31m[Kerror: [m[Ktemplate argument 1 is invalid
[5.120s]    74 |     rclcpp::Publisher<gui_msgs::msg::setting_params[01;31m[K>[m[K::SharedPtr pb_params;
[5.120s]       |                                                    [01;31m[K^[m[K
[5.120s] [01m[K/home/hoapham/ros2_ws/src/gui/include/gui/hello_gui.h:74:55:[m[K [01;31m[Kerror: [m[Kexpected â€˜[01m[K;[m[Kâ€™ at end of member declaration
[5.120s]    74 |     rclcpp::Publisher<gui_msgs::msg::setting_params>::[01;31m[KSharedPtr[m[K pb_params;
[5.120s]       |                                                       [01;31m[K^~~~~~~~~[m[K
[5.121s]       |                                                                [32m[K;[m[K
[5.121s] [01m[K/home/hoapham/ros2_ws/build/gui/gui_autogen/BMPI5EA7AM/../../../../src/gui/include/gui/hello_gui.h:74:65:[m[K [01;31m[Kerror: [m[Kâ€˜[01m[Kpb_params[m[Kâ€™ does not name a type
[5.121s]    74 |  rclcpp::Publisher<gui_msgs::msg::setting_params>::SharedPtr [01;31m[Kpb_params[m[K;
[5.121s]       |                                                              [01;31m[K^~~~~~~~~[m[K
[5.121s] 
[5.122s] [01m[K/home/hoapham/ros2_ws/build/gui/gui_autogen/BMPI5EA7AM/../../../../src/gui/include/gui/hello_gui.h:75:38:[m[K [01;31m[Kerror: [m[Kâ€˜[01m[Ksetting_tool[m[Kâ€™ is not a member of â€˜[01m[Kgui_msgs::msg[m[Kâ€™; did you mean â€˜[01m[KSettingTool[m[Kâ€™?
[5.122s]    75 |     rclcpp::Publisher<gui_msgs::msg::[01;31m[Ksetting_tool[m[K>::SharedPtr pb_tool;
[5.122s]       |                                      [01;31m[K^~~~~~~~~~~~[m[K
[5.122s]       |                                      [32m[KSettingTool[m[K
[5.122s] [01m[K/home/hoapham/ros2_ws/build/gui/gui_autogen/BMPI5EA7AM/../../../../src/gui/include/gui/hello_gui.h:75:50:[m[K [01;31m[Kerror: [m[Ktemplate argument 1 is invalid
[5.122s]    75 |     rclcpp::Publisher<gui_msgs::msg::setting_tool[01;31m[K>[m[K::SharedPtr pb_tool;
[5.122s]       |                                                  [01;31m[K^[m[K
[5.122s] [01m[K/home/hoapham/ros2_ws/build/gui/gui_autogen/BMPI5EA7AM/../../../../src/gui/include/gui/hello_gui.h:75:53:[m[K [01;31m[Kerror: [m[Kexpected â€˜[01m[K;[m[Kâ€™ at end of member declaration
[5.122s]    75 |     rclcpp::Publisher<gui_msgs::msg::setting_tool>::[01;31m[KSharedPtr[m[K pb_tool;
[5.122s]       |                                                     [01;31m[K^~~~~~~~~[m[K
[5.122s]       |                                                              [32m[K;[m[K
[5.122s] [01m[K/home/hoapham/ros2_ws/build/gui/gui_autogen/BMPI5EA7AM/../../../../src/gui/include/gui/hello_gui.h:75:53:[m[K [01;31m[Kerror: [m[Kredeclaration of â€˜[01m[Kint HelloGui::SharedPtr[m[Kâ€™
[5.122s] [01m[K/home/hoapham/ros2_ws/build/gui/gui_autogen/BMPI5EA7AM/../../../../src/gui/include/gui/hello_gui.h:74:55:[m[K [01;36m[Knote: [m[Kprevious declaration â€˜[01m[Kint HelloGui::SharedPtr[m[Kâ€™
[5.122s]    74 |     rclcpp::Publisher<gui_msgs::msg::setting_params>::[01;36m[KSharedPtr[m[K pb_params;
[5.122s]       |                                                       [01;36m[K^~~~~~~~~[m[K
[5.124s] In file included from [01m[K/home/hoapham/ros2_ws/src/gui/src/hello_gui.cpp:3[m[K:
[5.124s] [01m[K/home/hoapham/ros2_ws/src/gui/include/gui/hello_gui.h:74:38:[m[K [01;31m[Kerror: [m[Kâ€˜[01m[Ksetting_params[m[Kâ€™ is not a member of â€˜[01m[Kgui_msgs::msg[m[Kâ€™; did you mean â€˜[01m[KSettingParams[m[Kâ€™?
[5.124s]    74 |     rclcpp::Publisher<gui_msgs::msg::[01;31m[Ksetting_params[m[K>::SharedPtr pb_params;
[5.124s]       |                                      [01;31m[K^~~~~~~~~~~~~~[m[K
[5.124s]       |                                      [32m[KSettingParams[m[K
[5.124s] [01m[K/home/hoapham/ros2_ws/src/gui/include/gui/hello_gui.h:74:52:[m[K [01;31m[Kerror: [m[Ktemplate argument 1 is invalid
[5.124s]    74 |     rclcpp::Publisher<gui_msgs::msg::setting_params[01;31m[K>[m[K::SharedPtr pb_params;
[5.124s]       |                                                    [01;31m[K^[m[K
[5.124s] [01m[K/home/hoapham/ros2_ws/src/gui/include/gui/hello_gui.h:74:55:[m[K [01;31m[Kerror: [m[Kexpected â€˜[01m[K;[m[Kâ€™ at end of member declaration
[5.124s]    74 |     rclcpp::Publisher<gui_msgs::msg::setting_params>::[01;31m[KSharedPtr[m[K pb_params;
[5.124s]       |                                                       [01;31m[K^~~~~~~~~[m[K
[5.124s]       |                                                                [32m[K;[m[K
[5.126s] [01m[K/home/hoapham/ros2_ws/src/gui/include/gui/hello_gui.h:74:65:[m[K [01;31m[Kerror: [m[Kâ€˜[01m[Kpb_params[m[Kâ€™ does not name a type
[5.126s]    74 |     rclcpp::Publisher<gui_msgs::msg::setting_params>::SharedPtr [01;31m[Kpb_params[m[K;
[5.126s]       |                                                                 [01;31m[K^~~~~~~~~[m[K
[5.126s] [01m[K/home/hoapham/ros2_ws/src/gui/include/gui/hello_gui.h:75:38:[m[K [01;31m[Kerror: [m[Kâ€˜[01m[Ksetting_tool[m[Kâ€™ is not a member of â€˜[01m[Kgui_msgs::msg[m[Kâ€™; did you mean â€˜[01m[KSettingTool[m[Kâ€™?
[5.126s]    75 |     rclcpp::Publisher<gui_msgs::msg::[01;31m[Ksetting_tool[m[K>::SharedPtr pb_tool;
[5.126s]       |                                      [01;31m[K^~~~~~~~~~~~[m[K
[5.126s]       |                                      [32m[KSettingTool[m[K
[5.126s] [01m[K/home/hoapham/ros2_ws/src/gui/include/gui/hello_gui.h:75:50:[m[K [01;31m[Kerror: [m[Ktemplate argument 1 is invalid
[5.126s]    75 |     rclcpp::Publisher<gui_msgs::msg::setting_tool[01;31m[K>[m[K::SharedPtr pb_tool;
[5.127s]       |                                                  [01;31m[K^[m[K
[5.127s] [01m[K/home/hoapham/ros2_ws/src/gui/include/gui/hello_gui.h:75:53:[m[K [01;31m[Kerror: [m[Kexpected â€˜[01m[K;[m[Kâ€™ at end of member declaration
[5.127s]    75 |     rclcpp::Publisher<gui_msgs::msg::setting_tool>::[01;31m[KSharedPtr[m[K pb_tool;
[5.127s]       |                                                     [01;31m[K^~~~~~~~~[m[K
[5.127s]       |                                                              [32m[K;[m[K
[5.127s] [01m[K/home/hoapham/ros2_ws/src/gui/include/gui/hello_gui.h:75:53:[m[K [01;31m[Kerror: [m[Kredeclaration of â€˜[01m[Kint HelloGui::SharedPtr[m[Kâ€™
[5.127s] [01m[K/home/hoapham/ros2_ws/src/gui/include/gui/hello_gui.h:74:55:[m[K [01;36m[Knote: [m[Kprevious declaration â€˜[01m[Kint HelloGui::SharedPtr[m[Kâ€™
[5.127s]    74 |     rclcpp::Publisher<gui_msgs::msg::setting_params>::[01;36m[KSharedPtr[m[K pb_params;
[5.127s]       |                                                       [01;36m[K^~~~~~~~~[m[K
[5.127s] [01m[K/home/hoapham/ros2_ws/build/gui/gui_autogen/BMPI5EA7AM/../../../../src/gui/include/gui/hello_gui.h:75:63:[m[K [01;31m[Kerror: [m[Kâ€˜[01m[Kpb_tool[m[Kâ€™ does not name a type; did you mean â€˜[01m[Kbool[m[Kâ€™?
[5.127s]    75 |     rclcpp::Publisher<gui_msgs::msg::setting_tool>::SharedPtr [01;31m[Kpb_tool[m[K;
[5.127s]       |                                                               [01;31m[K^~~~~~~[m[K
[5.127s]       |                                                               [32m[Kbool[m[K
[5.127s] [01m[K/home/hoapham/ros2_ws/build/gui/gui_autogen/BMPI5EA7AM/../../../../src/gui/include/gui/hello_gui.h:76:38:[m[K [01;31m[Kerror: [m[Kâ€˜[01m[Ktrajectory_setting[m[Kâ€™ is not a member of â€˜[01m[Kgui_msgs::msg[m[Kâ€™; did you mean â€˜[01m[KTrajectorySetting[m[Kâ€™?
[5.127s]    76 |     rclcpp::Publisher<gui_msgs::msg::[01;31m[Ktrajectory_setting[m[K>::SharedPtr pb_trajectory;
[5.127s]       |                                      [01;31m[K^~~~~~~~~~~~~~~~~~[m[K
[5.127s]       |                                      [32m[KTrajectorySetting[m[K
[5.127s] [01m[K/home/hoapham/ros2_ws/build/gui/gui_autogen/BMPI5EA7AM/../../../../src/gui/include/gui/hello_gui.h:76:56:[m[K [01;31m[Kerror: [m[Ktemplate argument 1 is invalid
[5.127s]    76 |     rclcpp::Publisher<gui_msgs::msg::trajectory_setting[01;31m[K>[m[K::SharedPtr pb_trajectory;
[5.127s]       |                                                        [01;31m[K^[m[K
[5.128s] [01m[K/home/hoapham/ros2_ws/build/gui/gui_autogen/BMPI5EA7AM/../../../../src/gui/include/gui/hello_gui.h:76:59:[m[K [01;31m[Kerror: [m[Kexpected â€˜[01m[K;[m[Kâ€™ at end of member declaration
[5.128s]    76 |     rclcpp::Publisher<gui_msgs::msg::trajectory_setting>::[01;31m[KSharedPtr[m[K pb_trajectory;
[5.128s]       |                                                           [01;31m[K^~~~~~~~~[m[K
[5.128s]       |                                                                    [32m[K;[m[K
[5.128s] [01m[K/home/hoapham/ros2_ws/build/gui/gui_autogen/BMPI5EA7AM/../../../../src/gui/include/gui/hello_gui.h:76:59:[m[K [01;31m[Kerror: [m[Kredeclaration of â€˜[01m[Kint HelloGui::SharedPtr[m[Kâ€™
[5.128s] [01m[K/home/hoapham/ros2_ws/build/gui/gui_autogen/BMPI5EA7AM/../../../../src/gui/include/gui/hello_gui.h:74:55:[m[K [01;36m[Knote: [m[Kprevious declaration â€˜[01m[Kint HelloGui::SharedPtr[m[Kâ€™
[5.128s]    74 |     rclcpp::Publisher<gui_msgs::msg::setting_params>::[01;36m[KSharedPtr[m[K pb_params;
[5.128s]       |                                                       [01;36m[K^~~~~~~~~[m[K
[5.130s] [01m[K/home/hoapham/ros2_ws/src/gui/include/gui/hello_gui.h:74:65:[m[K [01;31m[Kerror: [m[Kâ€˜[01m[Kpb_params[m[Kâ€™ does not name a type
[5.131s]    74 |     rclcpp::Publisher<gui_msgs::msg::setting_params>::SharedPtr [01;31m[Kpb_params[m[K;
[5.131s]       |                                                                 [01;31m[K^~~~~~~~~[m[K
[5.131s] [01m[K/home/hoapham/ros2_ws/src/gui/include/gui/hello_gui.h:75:38:[m[K [01;31m[Kerror: [m[Kâ€˜[01m[Ksetting_tool[m[Kâ€™ is not a member of â€˜[01m[Kgui_msgs::msg[m[Kâ€™; did you mean â€˜[01m[KSettingTool[m[Kâ€™?
[5.131s]    75 |     rclcpp::Publisher<gui_msgs::msg::[01;31m[Ksetting_tool[m[K>::SharedPtr pb_tool;
[5.131s]       |                                      [01;31m[K^~~~~~~~~~~~[m[K
[5.131s]       |                                      [32m[KSettingTool[m[K
[5.131s] [01m[K/home/hoapham/ros2_ws/src/gui/include/gui/hello_gui.h:75:50:[m[K [01;31m[Kerror: [m[Ktemplate argument 1 is invalid
[5.131s]    75 |     rclcpp::Publisher<gui_msgs::msg::setting_tool[01;31m[K>[m[K::SharedPtr pb_tool;
[5.131s]       |                                                  [01;31m[K^[m[K
[5.131s] [01m[K/home/hoapham/ros2_ws/src/gui/include/gui/hello_gui.h:75:53:[m[K [01;31m[Kerror: [m[Kexpected â€˜[01m[K;[m[Kâ€™ at end of member declaration
[5.131s]    75 |     rclcpp::Publisher<gui_msgs::msg::setting_tool>::[01;31m[KSharedPtr[m[K pb_tool;
[5.131s]       |                                                     [01;31m[K^~~~~~~~~[m[K
[5.131s]       |                                                              [32m[K;[m[K
[5.132s] [01m[K/home/hoapham/ros2_ws/src/gui/include/gui/hello_gui.h:75:53:[m[K [01;31m[Kerror: [m[Kredeclaration of â€˜[01m[Kint HelloGui::SharedPtr[m[Kâ€™
[5.132s] [01m[K/home/hoapham/ros2_ws/src/gui/include/gui/hello_gui.h:74:55:[m[K [01;36m[Knote: [m[Kprevious declaration â€˜[01m[Kint HelloGui::SharedPtr[m[Kâ€™
[5.132s]    74 |     rclcpp::Publisher<gui_msgs::msg::setting_params>::[01;36m[KSharedPtr[m[K pb_params;
[5.132s]       |                                                       [01;36m[K^~~~~~~~~[m[K
[5.132s] [01m[K/home/hoapham/ros2_ws/src/gui/include/gui/hello_gui.h:75:63:[m[K [01;31m[Kerror: [m[Kâ€˜[01m[Kpb_tool[m[Kâ€™ does not name a type; did you mean â€˜[01m[Kbool[m[Kâ€™?
[5.132s]    75 |     rclcpp::Publisher<gui_msgs::msg::setting_tool>::SharedPtr [01;31m[Kpb_tool[m[K;
[5.132s]       |                                                               [01;31m[K^~~~~~~[m[K
[5.132s]       |                                                               [32m[Kbool[m[K
[5.132s] [01m[K/home/hoapham/ros2_ws/src/gui/include/gui/hello_gui.h:76:38:[m[K [01;31m[Kerror: [m[Kâ€˜[01m[Ktrajectory_setting[m[Kâ€™ is not a member of â€˜[01m[Kgui_msgs::msg[m[Kâ€™; did you mean â€˜[01m[KTrajectorySetting[m[Kâ€™?
[5.132s]    76 |     rclcpp::Publisher<gui_msgs::msg::[01;31m[Ktrajectory_setting[m[K>::SharedPtr pb_trajectory;
[5.132s]       |                                      [01;31m[K^~~~~~~~~~~~~~~~~~[m[K
[5.132s]       |                                      [32m[KTrajectorySetting[m[K
[5.132s] [01m[K/home/hoapham/ros2_ws/src/gui/include/gui/hello_gui.h:76:56:[m[K [01;31m[Kerror: [m[Ktemplate argument 1 is invalid
[5.132s]    76 |     rclcpp::Publisher<gui_msgs::msg::trajectory_setting[01;31m[K>[m[K::SharedPtr pb_trajectory;
[5.132s]       |                                                        [01;31m[K^[m[K
[5.132s] [01m[K/home/hoapham/ros2_ws/src/gui/include/gui/hello_gui.h:76:59:[m[K [01;31m[Kerror: [m[Kexpected â€˜[01m[K;[m[Kâ€™ at end of member declaration
[5.132s]    76 |     rclcpp::Publisher<gui_msgs::msg::trajectory_setting>::[01;31m[KSharedPtr[m[K pb_trajectory;
[5.132s]       |                                                           [01;31m[K^~~~~~~~~[m[K
[5.132s]       |                                                                    [32m[K;[m[K
[5.132s] [01m[K/home/hoapham/ros2_ws/src/gui/include/gui/hello_gui.h:76:59:[m[K [01;31m[Kerror: [m[Kredeclaration of â€˜[01m[Kint HelloGui::SharedPtr[m[Kâ€™
[5.132s] [01m[K/home/hoapham/ros2_ws/src/gui/include/gui/hello_gui.h:74:55:[m[K [01;36m[Knote: [m[Kprevious declaration â€˜[01m[Kint HelloGui::SharedPtr[m[Kâ€™
[5.132s]    74 |     rclcpp::Publisher<gui_msgs::msg::setting_params>::[01;36m[KSharedPtr[m[K pb_params;
[5.132s]       |                                                       [01;36m[K^~~~~~~~~[m[K
[5.135s] [01m[K/home/hoapham/ros2_ws/src/gui/include/gui/hello_gui.h:75:63:[m[K [01;31m[Kerror: [m[Kâ€˜[01m[Kpb_tool[m[Kâ€™ does not name a type; did you mean â€˜[01m[Kbool[m[Kâ€™?
[5.136s]    75 |     rclcpp::Publisher<gui_msgs::msg::setting_tool>::SharedPtr [01;31m[Kpb_tool[m[K;
[5.136s]       |                                                               [01;31m[K^~~~~~~[m[K
[5.136s]       |                                                               [32m[Kbool[m[K
[5.136s] [01m[K/home/hoapham/ros2_ws/src/gui/include/gui/hello_gui.h:76:38:[m[K [01;31m[Kerror: [m[Kâ€˜[01m[Ktrajectory_setting[m[Kâ€™ is not a member of â€˜[01m[Kgui_msgs::msg[m[Kâ€™; did you mean â€˜[01m[KTrajectorySetting[m[Kâ€™?
[5.136s]    76 |     rclcpp::Publisher<gui_msgs::msg::[01;31m[Ktrajectory_setting[m[K>::SharedPtr pb_trajectory;
[5.136s]       |                                      [01;31m[K^~~~~~~~~~~~~~~~~~[m[K
[5.136s]       |                                      [32m[KTrajectorySetting[m[K
[5.136s] [01m[K/home/hoapham/ros2_ws/src/gui/include/gui/hello_gui.h:76:56:[m[K [01;31m[Kerror: [m[Ktemplate argument 1 is invalid
[5.136s]    76 |     rclcpp::Publisher<gui_msgs::msg::trajectory_setting[01;31m[K>[m[K::SharedPtr pb_trajectory;
[5.136s]       |                                                        [01;31m[K^[m[K
[5.136s] [01m[K/home/hoapham/ros2_ws/src/gui/include/gui/hello_gui.h:76:59:[m[K [01;31m[Kerror: [m[Kexpected â€˜[01m[K;[m[Kâ€™ at end of member declaration
[5.136s]    76 |     rclcpp::Publisher<gui_msgs::msg::trajectory_setting>::[01;31m[KSharedPtr[m[K pb_trajectory;
[5.136s]       |                                                           [01;31m[K^~~~~~~~~[m[K
[5.136s]       |                                                                    [32m[K;[m[K
[5.136s] [01m[K/home/hoapham/ros2_ws/src/gui/include/gui/hello_gui.h:76:59:[m[K [01;31m[Kerror: [m[Kredeclaration of â€˜[01m[Kint HelloGui::SharedPtr[m[Kâ€™
[5.136s] [01m[K/home/hoapham/ros2_ws/src/gui/include/gui/hello_gui.h:74:55:[m[K [01;36m[Knote: [m[Kprevious declaration â€˜[01m[Kint HelloGui::SharedPtr[m[Kâ€™
[5.136s]    74 |     rclcpp::Publisher<gui_msgs::msg::setting_params>::[01;36m[KSharedPtr[m[K pb_params;
[5.137s]       |                                                       [01;36m[K^~~~~~~~~[m[K
[5.137s] [01m[K/home/hoapham/ros2_ws/build/gui/gui_autogen/BMPI5EA7AM/../../../../src/gui/include/gui/hello_gui.h:76:69:[m[K [01;31m[Kerror: [m[Kâ€˜[01m[Kpb_trajectory[m[Kâ€™ does not name a type
[5.137s]    76 | pp::Publisher<gui_msgs::msg::trajectory_setting>::SharedPtr [01;31m[Kpb_trajectory[m[K;
[5.137s]       |                                                             [01;31m[K^~~~~~~~~~~~~[m[K
[5.137s] 
[5.141s] [01m[K/home/hoapham/ros2_ws/src/gui/include/gui/hello_gui.h:76:69:[m[K [01;31m[Kerror: [m[Kâ€˜[01m[Kpb_trajectory[m[Kâ€™ does not name a type
[5.141s]    76 |     rclcpp::Publisher<gui_msgs::msg::trajectory_setting>::SharedPtr [01;31m[Kpb_trajectory[m[K;
[5.141s]       |                                                                     [01;31m[K^~~~~~~~~~~~~[m[K
[5.146s] [01m[K/home/hoapham/ros2_ws/src/gui/include/gui/hello_gui.h:76:69:[m[K [01;31m[Kerror: [m[Kâ€˜[01m[Kpb_trajectory[m[Kâ€™ does not name a type
[5.146s]    76 |     rclcpp::Publisher<gui_msgs::msg::trajectory_setting>::SharedPtr [01;31m[Kpb_trajectory[m[K;
[5.146s]       |                                                                     [01;31m[K^~~~~~~~~~~~~[m[K
[5.154s] [01m[K/home/hoapham/ros2_ws/src/gui/include/gui/hello_gui.h:[m[K In constructor â€˜[01m[KHelloGui::HelloGui(QApplication*, rviz_common::ros_integration::RosNodeAbstractionIface::WeakPtr, QWidget*)[m[Kâ€™:
[5.154s] [01m[K/home/hoapham/ros2_ws/src/gui/include/gui/hello_gui.h:72:68:[m[K [01;35m[Kwarning: [m[Kâ€˜[01m[KHelloGui::node_weak_ptr_[m[Kâ€™ will be initialized after [[01;35m[K]8;;https://gcc.gnu.org/onlinedocs/gcc/Warning-Options.html#index-Wreorder-Wreorder]8;;[m[K]
[5.154s]    72 |     rviz_common::ros_integration::RosNodeAbstractionIface::WeakPtr [01;35m[Knode_weak_ptr_[m[K;
[5.154s]       |                                                                    [01;35m[K^~~~~~~~~~~~~~[m[K
[5.154s] [01m[K/home/hoapham/ros2_ws/src/gui/src/hello_gui.cpp:20:26:[m[K [01;35m[Kwarning: [m[K  base â€˜[01m[KQMainWindow[m[Kâ€™ [[01;35m[K]8;;https://gcc.gnu.org/onlinedocs/gcc/Warning-Options.html#index-Wreorder-Wreorder]8;;[m[K]
[5.155s]    20 |     , ui(new Ui::HelloGui[01;35m[K)[m[K
[5.155s]       |                          [01;35m[K^[m[K
[5.155s] [01m[K/home/hoapham/ros2_ws/src/gui/src/hello_gui.cpp:15:1:[m[K [01;35m[Kwarning: [m[K  when initialized here [[01;35m[K]8;;https://gcc.gnu.org/onlinedocs/gcc/Warning-Options.html#index-Wreorder-Wreorder]8;;[m[K]
[5.155s]    15 | [01;35m[KHelloGui[m[K::HelloGui(
[5.155s]       | [01;35m[K^~~~~~~~[m[K
[5.169s] [01m[K/home/hoapham/ros2_ws/src/gui/src/hello_gui.cpp:[m[K In member function â€˜[01m[Kvoid HelloGui::on_combo_box1_changed(int)[m[Kâ€™:
[5.169s] [01m[K/home/hoapham/ros2_ws/src/gui/src/hello_gui.cpp:162:42:[m[K [01;35m[Kwarning: [m[Kunused parameter â€˜[01m[Kindex[m[Kâ€™ [[01;35m[K]8;;https://gcc.gnu.org/onlinedocs/gcc/Warning-Options.html#index-Wunused-parameter-Wunused-parameter]8;;[m[K]
[5.169s]   162 | void HelloGui::on_combo_box1_changed([01;35m[Kint index[m[K)
[5.169s]       |                                      [01;35m[K~~~~^~~~~[m[K
[5.170s] [01m[K/home/hoapham/ros2_ws/src/gui/src/hello_gui.cpp:[m[K In member function â€˜[01m[Kvoid HelloGui::on_combo_box2_changed(int)[m[Kâ€™:
[5.170s] [01m[K/home/hoapham/ros2_ws/src/gui/src/hello_gui.cpp:177:42:[m[K [01;35m[Kwarning: [m[Kunused parameter â€˜[01m[Kindex[m[Kâ€™ [[01;35m[K]8;;https://gcc.gnu.org/onlinedocs/gcc/Warning-Options.html#index-Wunused-parameter-Wunused-parameter]8;;[m[K]
[5.170s]   177 | void HelloGui::on_combo_box2_changed([01;35m[Kint index[m[K)
[5.170s]       |                                      [01;35m[K~~~~^~~~~[m[K
[5.171s] [01m[K/home/hoapham/ros2_ws/src/gui/src/hello_gui.cpp:[m[K In member function â€˜[01m[Kvoid HelloGui::on_combo_box0_changed(int)[m[Kâ€™:
[5.171s] [01m[K/home/hoapham/ros2_ws/src/gui/src/hello_gui.cpp:196:42:[m[K [01;35m[Kwarning: [m[Kunused parameter â€˜[01m[Kindex[m[Kâ€™ [[01;35m[K]8;;https://gcc.gnu.org/onlinedocs/gcc/Warning-Options.html#index-Wunused-parameter-Wunused-parameter]8;;[m[K]
[5.171s]   196 | void HelloGui::on_combo_box0_changed([01;35m[Kint index[m[K)
[5.171s]       |                                      [01;35m[K~~~~^~~~~[m[K
[6.484s] gmake[2]: *** [CMakeFiles/gui.dir/build.make:90: CMakeFiles/gui.dir/src/main.cpp.o] Error 1
[6.484s] gmake[2]: *** Waiting for unfinished jobs....
[6.484s] gmake[2]: *** [CMakeFiles/gui.dir/build.make:76: CMakeFiles/gui.dir/gui_autogen/mocs_compilation.cpp.o] Error 1
[6.531s] gmake[2]: *** [CMakeFiles/gui.dir/build.make:104: CMakeFiles/gui.dir/src/hello_gui.cpp.o] Error 1
[6.531s] gmake[1]: *** [CMakeFiles/Makefile2:138: CMakeFiles/gui.dir/all] Error 2
[6.532s] gmake: *** [Makefile:146: all] Error 2
[6.534s] Invoked command in '/home/hoapham/ros2_ws/build/gui' returned '2': CMAKE_PREFIX_PATH=${CMAKE_PREFIX_PATH}:/opt/ros/humble /usr/bin/cmake --build /home/hoapham/ros2_ws/build/gui -- -j16 -l16
