In file included from [01m[K/home/hoapham/ros2_ws/src/gui/src/hello_gui.cpp:3[m[K:
[01m[K/home/hoapham/ros2_ws/src/gui/include/gui/hello_gui.h:[m[K In constructor â€˜[01m[KHelloGui::HelloGui(QApplication*, rviz_common::ros_integration::RosNodeAbstractionIface::WeakPtr, QWidget*)[m[Kâ€™:
[01m[K/home/hoapham/ros2_ws/src/gui/include/gui/hello_gui.h:72:68:[m[K [01;35m[Kwarning: [m[Kâ€˜[01m[KHelloGui::node_weak_ptr_[m[Kâ€™ will be initialized after [[01;35m[K]8;;https://gcc.gnu.org/onlinedocs/gcc/Warning-Options.html#index-Wreorder-Wreorder]8;;[m[K]
   72 | z_common::ros_integration::RosNodeAbstractionIface::WeakPtr [01;35m[Knode_weak_ptr_[m[K;
      |                                                             [01;35m[K^~~~~~~~~~~~~~[m[K

[01m[K/home/hoapham/ros2_ws/src/gui/src/hello_gui.cpp:20:26:[m[K [01;35m[Kwarning: [m[K  base â€˜[01m[KQMainWindow[m[Kâ€™ [[01;35m[K]8;;https://gcc.gnu.org/onlinedocs/gcc/Warning-Options.html#index-Wreorder-Wreorder]8;;[m[K]
   20 |     , ui(new Ui::HelloGui[01;35m[K)[m[K
      |                          [01;35m[K^[m[K
[01m[K/home/hoapham/ros2_ws/src/gui/src/hello_gui.cpp:15:1:[m[K [01;35m[Kwarning: [m[K  when initialized here [[01;35m[K]8;;https://gcc.gnu.org/onlinedocs/gcc/Warning-Options.html#index-Wreorder-Wreorder]8;;[m[K]
   15 | [01;35m[KHelloGui[m[K::HelloGui(
      | [01;35m[K^~~~~~~~[m[K
[01m[K/home/hoapham/ros2_ws/src/gui/src/hello_gui.cpp:33:11:[m[K [01;31m[Kerror: [m[Kâ€˜[01m[Kclass HelloGui[m[Kâ€™ has no member named â€˜[01m[Kdeclare_parameter[m[Kâ€™
   33 |     this->[01;31m[Kdeclare_parameter[m[K<std::string>("battery_names", "JKBMS");
      |           [01;31m[K^~~~~~~~~~~~~~~~~[m[K
[01m[K/home/hoapham/ros2_ws/src/gui/src/hello_gui.cpp:33:40:[m[K [01;31m[Kerror: [m[Kexpected primary-expression before â€˜[01m[K>[m[Kâ€™ token
   33 |     this->declare_parameter<std::string[01;31m[K>[m[K("battery_names", "JKBMS");
      |                                        [01;31m[K^[m[K
[01m[K/home/hoapham/ros2_ws/src/gui/src/hello_gui.cpp:33:42:[m[K [01;35m[Kwarning: [m[Kleft operand of comma operator has no effect [[01;35m[K]8;;https://gcc.gnu.org/onlinedocs/gcc/Warning-Options.html#index-Wunused-value-Wunused-value]8;;[m[K]
   33 |     this->declare_parameter<std::string>([01;35m[K"battery_names"[m[K, "JKBMS");
      |                                          [01;35m[K^~~~~~~~~~~~~~~[m[K
[01m[K/home/hoapham/ros2_ws/src/gui/src/hello_gui.cpp:34:30:[m[K [01;31m[Kerror: [m[Kâ€˜[01m[Kclass HelloGui[m[Kâ€™ has no member named â€˜[01m[Kget_parameter[m[Kâ€™
   34 |     std::string name = this->[01;31m[Kget_parameter[m[K("battery_names").as_string();
      |                              [01;31m[K^~~~~~~~~~~~~[m[K
[01m[K/home/hoapham/ros2_ws/src/gui/src/hello_gui.cpp:35:11:[m[K [01;31m[Kerror: [m[Kâ€˜[01m[Kclass HelloGui[m[Kâ€™ has no member named â€˜[01m[Kdeclare_parameter[m[Kâ€™
   35 |     this->[01;31m[Kdeclare_parameter[m[K<std::int32_t>("battery_types."  + name + ".BAUDRATE");
      |           [01;31m[K^~~~~~~~~~~~~~~~~[m[K
[01m[K/home/hoapham/ros2_ws/src/gui/src/hello_gui.cpp:35:41:[m[K [01;31m[Kerror: [m[Kexpected primary-expression before â€˜[01m[K>[m[Kâ€™ token
   35 |     this->declare_parameter<std::int32_t[01;31m[K>[m[K("battery_types."  + name + ".BAUDRATE");
      |                                         [01;31m[K^[m[K
[01m[K/home/hoapham/ros2_ws/src/gui/src/hello_gui.cpp:36:5:[m[K [01;31m[Kerror: [m[Kâ€˜[01m[KBAUDRATE_[m[Kâ€™ was not declared in this scope
   36 |     [01;31m[KBAUDRATE_[m[K = this->get_parameter("battery_types." + name + ".BAUDRATE").as_int();
      |     [01;31m[K^~~~~~~~~[m[K
[01m[K/home/hoapham/ros2_ws/src/gui/src/hello_gui.cpp:36:23:[m[K [01;31m[Kerror: [m[Kâ€˜[01m[Kclass HelloGui[m[Kâ€™ has no member named â€˜[01m[Kget_parameter[m[Kâ€™
   36 |     BAUDRATE_ = this->[01;31m[Kget_parameter[m[K("battery_types." + name + ".BAUDRATE").as_int();
      |                       [01;31m[K^~~~~~~~~~~~~[m[K
[01m[K/home/hoapham/ros2_ws/src/gui/src/hello_gui.cpp:37:11:[m[K [01;31m[Kerror: [m[Kâ€˜[01m[Kclass HelloGui[m[Kâ€™ has no member named â€˜[01m[Kdeclare_parameter[m[Kâ€™
   37 |     this->[01;31m[Kdeclare_parameter[m[K<std::string>("battery_types."  + name + ".portname");
      |           [01;31m[K^~~~~~~~~~~~~~~~~[m[K
[01m[K/home/hoapham/ros2_ws/src/gui/src/hello_gui.cpp:37:40:[m[K [01;31m[Kerror: [m[Kexpected primary-expression before â€˜[01m[K>[m[Kâ€™ token
   37 |     this->declare_parameter<std::string[01;31m[K>[m[K("battery_types."  + name + ".portname");
      |                                        [01;31m[K^[m[K
[01m[K/home/hoapham/ros2_ws/src/gui/src/hello_gui.cpp:38:5:[m[K [01;31m[Kerror: [m[Kâ€˜[01m[Kportname_[m[Kâ€™ was not declared in this scope
   38 |     [01;31m[Kportname_[m[K = this->get_parameter("battery_types." + name + ".portname").as_string();
      |     [01;31m[K^~~~~~~~~[m[K
[01m[K/home/hoapham/ros2_ws/src/gui/src/hello_gui.cpp:38:23:[m[K [01;31m[Kerror: [m[Kâ€˜[01m[Kclass HelloGui[m[Kâ€™ has no member named â€˜[01m[Kget_parameter[m[Kâ€™
   38 |     portname_ = this->[01;31m[Kget_parameter[m[K("battery_types." + name + ".portname").as_string();
      |                       [01;31m[K^~~~~~~~~~~~~[m[K
[01m[K/home/hoapham/ros2_ws/src/gui/src/hello_gui.cpp:39:11:[m[K [01;31m[Kerror: [m[Kâ€˜[01m[Kclass HelloGui[m[Kâ€™ has no member named â€˜[01m[Kdeclare_parameter[m[Kâ€™
   39 |     this->[01;31m[Kdeclare_parameter[m[K<std::int16_t>("battery_types."  + name + ".NUM_REGISTER_READ");
      |           [01;31m[K^~~~~~~~~~~~~~~~~[m[K
[01m[K/home/hoapham/ros2_ws/src/gui/src/hello_gui.cpp:39:41:[m[K [01;31m[Kerror: [m[Kexpected primary-expression before â€˜[01m[K>[m[Kâ€™ token
   39 |     this->declare_parameter<std::int16_t[01;31m[K>[m[K("battery_types."  + name + ".NUM_REGISTER_READ");
      |                                         [01;31m[K^[m[K
[01m[K/home/hoapham/ros2_ws/src/gui/src/hello_gui.cpp:40:5:[m[K [01;31m[Kerror: [m[Kâ€˜[01m[KNUM_REGISTER_READ_[m[Kâ€™ was not declared in this scope
   40 |     [01;31m[KNUM_REGISTER_READ_[m[K = this->get_parameter("battery_types."  + name + ".NUM_REGISTER_READ").as_int();
      |     [01;31m[K^~~~~~~~~~~~~~~~~~[m[K
[01m[K/home/hoapham/ros2_ws/src/gui/src/hello_gui.cpp:40:32:[m[K [01;31m[Kerror: [m[Kâ€˜[01m[Kclass HelloGui[m[Kâ€™ has no member named â€˜[01m[Kget_parameter[m[Kâ€™
   40 |     NUM_REGISTER_READ_ = this->[01;31m[Kget_parameter[m[K("battery_types."  + name + ".NUM_REGISTER_READ").as_int();
      |                                [01;31m[K^~~~~~~~~~~~~[m[K
[01m[K/home/hoapham/ros2_ws/src/gui/src/hello_gui.cpp:41:11:[m[K [01;31m[Kerror: [m[Kâ€˜[01m[Kclass HelloGui[m[Kâ€™ has no member named â€˜[01m[Kdeclare_parameter[m[Kâ€™
   41 |     this->[01;31m[Kdeclare_parameter[m[K<std::int16_t>("battery_types."  + name + ".NUM_REGISTER_WRITE");
      |           [01;31m[K^~~~~~~~~~~~~~~~~[m[K
[01m[K/home/hoapham/ros2_ws/src/gui/src/hello_gui.cpp:41:41:[m[K [01;31m[Kerror: [m[Kexpected primary-expression before â€˜[01m[K>[m[Kâ€™ token
   41 |     this->declare_parameter<std::int16_t[01;31m[K>[m[K("battery_types."  + name + ".NUM_REGISTER_WRITE");
      |                                         [01;31m[K^[m[K
[01m[K/home/hoapham/ros2_ws/src/gui/src/hello_gui.cpp:42:5:[m[K [01;31m[Kerror: [m[Kâ€˜[01m[KNUM_REGISTER_WRITE_[m[Kâ€™ was not declared in this scope
   42 |     [01;31m[KNUM_REGISTER_WRITE_[m[K = this->get_parameter("battery_types."  + name + ".NUM_REGISTER_WRITE").as_int();
      |     [01;31m[K^~~~~~~~~~~~~~~~~~~[m[K
[01m[K/home/hoapham/ros2_ws/src/gui/src/hello_gui.cpp:42:33:[m[K [01;31m[Kerror: [m[Kâ€˜[01m[Kclass HelloGui[m[Kâ€™ has no member named â€˜[01m[Kget_parameter[m[Kâ€™
   42 |     NUM_REGISTER_WRITE_ = this->[01;31m[Kget_parameter[m[K("battery_types."  + name + ".NUM_REGISTER_WRITE").as_int();
      |                                 [01;31m[K^~~~~~~~~~~~~[m[K
[01m[K/home/hoapham/ros2_ws/src/gui/src/hello_gui.cpp:43:11:[m[K [01;31m[Kerror: [m[Kâ€˜[01m[Kclass HelloGui[m[Kâ€™ has no member named â€˜[01m[Kdeclare_parameter[m[Kâ€™
   43 |     this->[01;31m[Kdeclare_parameter[m[K<std::int16_t>("battery_types."  + name + ".START_REGISTER_ADDR");
      |           [01;31m[K^~~~~~~~~~~~~~~~~[m[K
[01m[K/home/hoapham/ros2_ws/src/gui/src/hello_gui.cpp:43:41:[m[K [01;31m[Kerror: [m[Kexpected primary-expression before â€˜[01m[K>[m[Kâ€™ token
   43 |     this->declare_parameter<std::int16_t[01;31m[K>[m[K("battery_types."  + name + ".START_REGISTER_ADDR");
      |                                         [01;31m[K^[m[K
[01m[K/home/hoapham/ros2_ws/src/gui/src/hello_gui.cpp:44:5:[m[K [01;31m[Kerror: [m[Kâ€˜[01m[KSTART_REGISTER_ADDR_[m[Kâ€™ was not declared in this scope
   44 |     [01;31m[KSTART_REGISTER_ADDR_[m[K = this->get_parameter("battery_types."  + name + ".START_REGISTER_ADDR").as_int();
      |     [01;31m[K^~~~~~~~~~~~~~~~~~~~[m[K
[01m[K/home/hoapham/ros2_ws/src/gui/src/hello_gui.cpp:44:34:[m[K [01;31m[Kerror: [m[Kâ€˜[01m[Kclass HelloGui[m[Kâ€™ has no member named â€˜[01m[Kget_parameter[m[Kâ€™
   44 |     START_REGISTER_ADDR_ = this->[01;31m[Kget_parameter[m[K("battery_types."  + name + ".START_REGISTER_ADDR").as_int();
      |                                  [01;31m[K^~~~~~~~~~~~~[m[K
[01m[K/home/hoapham/ros2_ws/src/gui/src/hello_gui.cpp:45:11:[m[K [01;31m[Kerror: [m[Kâ€˜[01m[Kclass HelloGui[m[Kâ€™ has no member named â€˜[01m[Kdeclare_parameter[m[Kâ€™
   45 |     this->[01;31m[Kdeclare_parameter[m[K<std::int16_t>("battery_types."  + name + ".BMS_SLAVE_ID");
      |           [01;31m[K^~~~~~~~~~~~~~~~~[m[K
[01m[K/home/hoapham/ros2_ws/src/gui/src/hello_gui.cpp:45:41:[m[K [01;31m[Kerror: [m[Kexpected primary-expression before â€˜[01m[K>[m[Kâ€™ token
   45 |     this->declare_parameter<std::int16_t[01;31m[K>[m[K("battery_types."  + name + ".BMS_SLAVE_ID");
      |                                         [01;31m[K^[m[K
[01m[K/home/hoapham/ros2_ws/src/gui/src/hello_gui.cpp:46:5:[m[K [01;31m[Kerror: [m[Kâ€˜[01m[KBMS_SLAVE_ID_[m[Kâ€™ was not declared in this scope
   46 |     [01;31m[KBMS_SLAVE_ID_[m[K = this->get_parameter("battery_types."  + name + ".BMS_SLAVE_ID").as_int();
      |     [01;31m[K^~~~~~~~~~~~~[m[K
[01m[K/home/hoapham/ros2_ws/src/gui/src/hello_gui.cpp:46:27:[m[K [01;31m[Kerror: [m[Kâ€˜[01m[Kclass HelloGui[m[Kâ€™ has no member named â€˜[01m[Kget_parameter[m[Kâ€™
   46 |     BMS_SLAVE_ID_ = this->[01;31m[Kget_parameter[m[K("battery_types."  + name + ".BMS_SLAVE_ID").as_int();
      |                           [01;31m[K^~~~~~~~~~~~~[m[K
[01m[K/home/hoapham/ros2_ws/src/gui/src/hello_gui.cpp:47:11:[m[K [01;31m[Kerror: [m[Kâ€˜[01m[Kclass HelloGui[m[Kâ€™ has no member named â€˜[01m[Kdeclare_parameter[m[Kâ€™
   47 |     this->[01;31m[Kdeclare_parameter[m[K<std::float_t>("battery_types."  + name + ".VOLTAGE_MAX");
      |           [01;31m[K^~~~~~~~~~~~~~~~~[m[K
[01m[K/home/hoapham/ros2_ws/src/gui/src/hello_gui.cpp:47:41:[m[K [01;31m[Kerror: [m[Kexpected primary-expression before â€˜[01m[K>[m[Kâ€™ token
   47 |     this->declare_parameter<std::float_t[01;31m[K>[m[K("battery_types."  + name + ".VOLTAGE_MAX");
      |                                         [01;31m[K^[m[K
[01m[K/home/hoapham/ros2_ws/src/gui/src/hello_gui.cpp:48:5:[m[K [01;31m[Kerror: [m[Kâ€˜[01m[Kvol_max_[m[Kâ€™ was not declared in this scope
   48 |     [01;31m[Kvol_max_[m[K = this->get_parameter("battery_types."  + name + ".VOLTAGE_MAX").as_double();
      |     [01;31m[K^~~~~~~~[m[K
[01m[K/home/hoapham/ros2_ws/src/gui/src/hello_gui.cpp:48:22:[m[K [01;31m[Kerror: [m[Kâ€˜[01m[Kclass HelloGui[m[Kâ€™ has no member named â€˜[01m[Kget_parameter[m[Kâ€™
   48 |     vol_max_ = this->[01;31m[Kget_parameter[m[K("battery_types."  + name + ".VOLTAGE_MAX").as_double();
      |                      [01;31m[K^~~~~~~~~~~~~[m[K
[01m[K/home/hoapham/ros2_ws/src/gui/src/hello_gui.cpp:[m[K In member function â€˜[01m[Kvoid HelloGui::on_combo_box1_changed(int)[m[Kâ€™:
[01m[K/home/hoapham/ros2_ws/src/gui/src/hello_gui.cpp:198:42:[m[K [01;35m[Kwarning: [m[Kunused parameter â€˜[01m[Kindex[m[Kâ€™ [[01;35m[K]8;;https://gcc.gnu.org/onlinedocs/gcc/Warning-Options.html#index-Wunused-parameter-Wunused-parameter]8;;[m[K]
  198 | void HelloGui::on_combo_box1_changed([01;35m[Kint index[m[K)
      |                                      [01;35m[K~~~~^~~~~[m[K
[01m[K/home/hoapham/ros2_ws/src/gui/src/hello_gui.cpp:[m[K In member function â€˜[01m[Kvoid HelloGui::on_combo_box2_changed(int)[m[Kâ€™:
[01m[K/home/hoapham/ros2_ws/src/gui/src/hello_gui.cpp:213:42:[m[K [01;35m[Kwarning: [m[Kunused parameter â€˜[01m[Kindex[m[Kâ€™ [[01;35m[K]8;;https://gcc.gnu.org/onlinedocs/gcc/Warning-Options.html#index-Wunused-parameter-Wunused-parameter]8;;[m[K]
  213 | void HelloGui::on_combo_box2_changed([01;35m[Kint index[m[K)
      |                                      [01;35m[K~~~~^~~~~[m[K
[01m[K/home/hoapham/ros2_ws/src/gui/src/hello_gui.cpp:[m[K In member function â€˜[01m[Kvoid HelloGui::on_combo_box0_changed(int)[m[Kâ€™:
[01m[K/home/hoapham/ros2_ws/src/gui/src/hello_gui.cpp:232:42:[m[K [01;35m[Kwarning: [m[Kunused parameter â€˜[01m[Kindex[m[Kâ€™ [[01;35m[K]8;;https://gcc.gnu.org/onlinedocs/gcc/Warning-Options.html#index-Wunused-parameter-Wunused-parameter]8;;[m[K]
  232 | void HelloGui::on_combo_box0_changed([01;35m[Kint index[m[K)
      |                                      [01;35m[K~~~~^~~~~[m[K
gmake[2]: *** [CMakeFiles/gui.dir/build.make:104: CMakeFiles/gui.dir/src/hello_gui.cpp.o] Error 1
gmake[1]: *** [CMakeFiles/Makefile2:138: CMakeFiles/gui.dir/all] Error 2
gmake: *** [Makefile:146: all] Error 2
