-- Found ament_cmake: 1.3.11 (/opt/ros/humble/share/ament_cmake/cmake)
-- Found rclcpp: 16.0.12 (/opt/ros/humble/share/rclcpp/cmake)
-- Found rosidl_generator_c: 3.1.6 (/opt/ros/humble/share/rosidl_generator_c/cmake)
-- Found rosidl_adapter: 3.1.6 (/opt/ros/humble/share/rosidl_adapter/cmake)
-- Found rosidl_generator_cpp: 3.1.6 (/opt/ros/humble/share/rosidl_generator_cpp/cmake)
-- Using all available rosidl_typesupport_c: rosidl_typesupport_fastrtps_c;rosidl_typesupport_introspection_c
-- Using all available rosidl_typesupport_cpp: rosidl_typesupport_fastrtps_cpp;rosidl_typesupport_introspection_cpp
-- Found rmw_implementation_cmake: 6.1.2 (/opt/ros/humble/share/rmw_implementation_cmake/cmake)
-- Found rmw_cyclonedds_cpp: 1.3.4 (/opt/ros/humble/share/rmw_cyclonedds_cpp/cmake)
-- Using RMW implementation 'rmw_cyclonedds_cpp' as default
-- Found example_interfaces: 0.9.3 (/opt/ros/humble/share/example_interfaces/cmake)
-- Found action_tutorials_interfaces: 0.20.5 (/opt/ros/humble/share/action_tutorials_interfaces/cmake)
-- Found rclcpp_action: 16.0.12 (/opt/ros/humble/share/rclcpp_action/cmake)
-- Found geometry_msgs: 4.8.0 (/opt/ros/humble/share/geometry_msgs/cmake)
-- Found rviz_default_plugins: 11.2.16 (/opt/ros/humble/share/rviz_default_plugins/cmake)
-- library: /usr/lib/x86_64-linux-gnu/libcurl.so
-- Setting assimp_DIR to: '/opt/ros/humble/share/rviz_assimp_vendor/cmake/../../../opt/rviz_assimp_vendor/lib/cmake/assimp-4.1'
-- Setting OGRE_DIR to: '/opt/ros/humble/share/rviz_ogre_vendor/cmake/../../../opt/rviz_ogre_vendor/lib/OGRE/cmake'
-- Found OGRE
--   static     : OFF
--   components : HLMS;MeshLodGenerator;Overlay;Paging;Property;RTShaderSystem;Terrain;Volume
--   plugins    : Plugin_BSPSceneManager;Plugin_OctreeSceneManager;Plugin_PCZSceneManager;Plugin_ParticleFX;RenderSystem_GL;RenderSystem_GL3Plus;Codec_STBI
--   media      : /opt/ros/humble/opt/rviz_ogre_vendor/share/OGRE/Media
-- OGRE_LIBRARIES: OgreHLMS;OgreMeshLodGenerator;OgreOverlay;OgrePaging;OgreProperty;OgreRTShaderSystem;OgreTerrain;OgreVolume;OgreMain
-- OGRE_LIBRARY_DIRS: /opt/ros/humble/opt/rviz_ogre_vendor/lib
-- OGRE_PLUGINS: Plugin_BSPSceneManager;Plugin_OctreeSceneManager;Plugin_PCZSceneManager;Plugin_ParticleFX;RenderSystem_GL;RenderSystem_GL3Plus;Codec_STBI
-- OGRE_PLUGIN_DIR: /opt/ros/humble/opt/rviz_ogre_vendor/lib/OGRE
-- rviz_ogre_vendor::OgreOverlay for IMPORTED_LOCATION_RELEASE: /opt/ros/humble/opt/rviz_ogre_vendor/lib/libOgreOverlay.so
-- rviz_ogre_vendor::OgreOverlay for IMPORTED_LOCATION_DEBUG: /opt/ros/humble/opt/rviz_ogre_vendor/lib/libOgreOverlay.so
-- rviz_ogre_vendor::OgreMain for IMPORTED_LOCATION_RELEASE: /opt/ros/humble/opt/rviz_ogre_vendor/lib/libOgreMain.so
-- rviz_ogre_vendor::OgreMain for IMPORTED_LOCATION_DEBUG: /opt/ros/humble/opt/rviz_ogre_vendor/lib/libOgreMain.so
-- Ensuring Eigen3 include directory is part of orocos-kdl CMake target
-- Found gui_msgs: 1.1.0 (/home/hoapham/ros2_ws/install/gui_msgs/share/gui_msgs/cmake)
-- Found ament_lint_auto: 0.12.12 (/opt/ros/humble/share/ament_lint_auto/cmake)
-- Added test 'copyright' to check source files copyright and LICENSE
-- Added test 'cppcheck' to perform static code analysis on C / C++ code
-- Configured cppcheck include dirs: /home/hoapham/ros2_ws/src/gui/include
-- Configured cppcheck exclude dirs and/or files: 
-- Added test 'cpplint' to check C / C++ code against the Google style
-- Configured cpplint exclude dirs and/or files: 
-- Added test 'flake8' to check Python code syntax and style conventions
-- Added test 'lint_cmake' to check CMake code style
-- Added test 'pep257' to check Python code against some of the docstring style conventions in PEP 257
-- Added test 'uncrustify' to check C / C++ code style
-- Configured uncrustify additional arguments: 
-- Added test 'xmllint' to check XML markup files
-- Configuring done
-- Generating done
-- Build files have been written to: /home/hoapham/ros2_ws/build/gui
[ 14%] [34m[1mAutomatic MOC and UIC for target gui[0m
[ 14%] Built target gui_autogen
[35m[1mConsolidate compiler generated dependencies of target gui[0m
[ 28%] [32mBuilding CXX object CMakeFiles/gui.dir/src/hello_gui.cpp.o[0m
In file included from [01m[K/home/hoapham/ros2_ws/src/gui/src/hello_gui.cpp:3[m[K:
[01m[K/home/hoapham/ros2_ws/src/gui/include/gui/hello_gui.h:[m[K In constructor â€˜[01m[KHelloGui::HelloGui(QApplication*, rviz_common::ros_integration::RosNodeAbstractionIface::WeakPtr, QWidget*)[m[Kâ€™:
[01m[K/home/hoapham/ros2_ws/src/gui/include/gui/hello_gui.h:72:68:[m[K [01;35m[Kwarning: [m[Kâ€˜[01m[KHelloGui::node_weak_ptr_[m[Kâ€™ will be initialized after [[01;35m[K]8;;https://gcc.gnu.org/onlinedocs/gcc/Warning-Options.html#index-Wreorder-Wreorder]8;;[m[K]
   72 | z_common::ros_integration::RosNodeAbstractionIface::WeakPtr [01;35m[Knode_weak_ptr_[m[K;
      |                                                             [01;35m[K^~~~~~~~~~~~~~[m[K

[01m[K/home/hoapham/ros2_ws/src/gui/src/hello_gui.cpp:20:26:[m[K [01;35m[Kwarning: [m[K  base â€˜[01m[KQMainWindow[m[Kâ€™ [[01;35m[K]8;;https://gcc.gnu.org/onlinedocs/gcc/Warning-Options.html#index-Wreorder-Wreorder]8;;[m[K]
   20 |     , ui(new Ui::HelloGui[01;35m[K)[m[K
      |                          [01;35m[K^[m[K
[01m[K/home/hoapham/ros2_ws/src/gui/src/hello_gui.cpp:15:1:[m[K [01;35m[Kwarning: [m[K  when initialized here [[01;35m[K]8;;https://gcc.gnu.org/onlinedocs/gcc/Warning-Options.html#index-Wreorder-Wreorder]8;;[m[K]
   15 | [01;35m[KHelloGui[m[K::HelloGui(
      | [01;35m[K^~~~~~~~[m[K
[01m[K/home/hoapham/ros2_ws/src/gui/src/hello_gui.cpp:33:11:[m[K [01;31m[Kerror: [m[Kâ€˜[01m[Kclass HelloGui[m[Kâ€™ has no member named â€˜[01m[Kdeclare_parameter[m[Kâ€™
   33 |     this->[01;31m[Kdeclare_parameter[m[K<std::string>("battery_names", "JKBMS");
      |           [01;31m[K^~~~~~~~~~~~~~~~~[m[K
[01m[K/home/hoapham/ros2_ws/src/gui/src/hello_gui.cpp:33:40:[m[K [01;31m[Kerror: [m[Kexpected primary-expression before â€˜[01m[K>[m[Kâ€™ token
   33 |     this->declare_parameter<std::string[01;31m[K>[m[K("battery_names", "JKBMS");
      |                                        [01;31m[K^[m[K
[01m[K/home/hoapham/ros2_ws/src/gui/src/hello_gui.cpp:33:42:[m[K [01;35m[Kwarning: [m[Kleft operand of comma operator has no effect [[01;35m[K]8;;https://gcc.gnu.org/onlinedocs/gcc/Warning-Options.html#index-Wunused-value-Wunused-value]8;;[m[K]
   33 |     this->declare_parameter<std::string>([01;35m[K"battery_names"[m[K, "JKBMS");
      |                                          [01;35m[K^~~~~~~~~~~~~~~[m[K
[01m[K/home/hoapham/ros2_ws/src/gui/src/hello_gui.cpp:34:30:[m[K [01;31m[Kerror: [m[Kâ€˜[01m[Kclass HelloGui[m[Kâ€™ has no member named â€˜[01m[Kget_parameter[m[Kâ€™
   34 |     std::string name = this->[01;31m[Kget_parameter[m[K("battery_names").as_string();
      |                              [01;31m[K^~~~~~~~~~~~~[m[K
[01m[K/home/hoapham/ros2_ws/src/gui/src/hello_gui.cpp:35:11:[m[K [01;31m[Kerror: [m[Kâ€˜[01m[Kclass HelloGui[m[Kâ€™ has no member named â€˜[01m[Kdeclare_parameter[m[Kâ€™
   35 |     this->[01;31m[Kdeclare_parameter[m[K<std::int32_t>("battery_types."  + name + ".BAUDRATE");
      |           [01;31m[K^~~~~~~~~~~~~~~~~[m[K
[01m[K/home/hoapham/ros2_ws/src/gui/src/hello_gui.cpp:35:41:[m[K [01;31m[Kerror: [m[Kexpected primary-expression before â€˜[01m[K>[m[Kâ€™ token
   35 |     this->declare_parameter<std::int32_t[01;31m[K>[m[K("battery_types."  + name + ".BAUDRATE");
      |                                         [01;31m[K^[m[K
[01m[K/home/hoapham/ros2_ws/src/gui/src/hello_gui.cpp:36:5:[m[K [01;31m[Kerror: [m[Kâ€˜[01m[KBAUDRATE_[m[Kâ€™ was not declared in this scope
   36 |     [01;31m[KBAUDRATE_[m[K = this->get_parameter("battery_types." + name + ".BAUDRATE").as_int();
      |     [01;31m[K^~~~~~~~~[m[K
[01m[K/home/hoapham/ros2_ws/src/gui/src/hello_gui.cpp:36:23:[m[K [01;31m[Kerror: [m[Kâ€˜[01m[Kclass HelloGui[m[Kâ€™ has no member named â€˜[01m[Kget_parameter[m[Kâ€™
   36 |     BAUDRATE_ = this->[01;31m[Kget_parameter[m[K("battery_types." + name + ".BAUDRATE").as_int();
      |                       [01;31m[K^~~~~~~~~~~~~[m[K
[01m[K/home/hoapham/ros2_ws/src/gui/src/hello_gui.cpp:37:11:[m[K [01;31m[Kerror: [m[Kâ€˜[01m[Kclass HelloGui[m[Kâ€™ has no member named â€˜[01m[Kdeclare_parameter[m[Kâ€™
   37 |     this->[01;31m[Kdeclare_parameter[m[K<std::string>("battery_types."  + name + ".portname");
      |           [01;31m[K^~~~~~~~~~~~~~~~~[m[K
[01m[K/home/hoapham/ros2_ws/src/gui/src/hello_gui.cpp:37:40:[m[K [01;31m[Kerror: [m[Kexpected primary-expression before â€˜[01m[K>[m[Kâ€™ token
   37 |     this->declare_parameter<std::string[01;31m[K>[m[K("battery_types."  + name + ".portname");
      |                                        [01;31m[K^[m[K
[01m[K/home/hoapham/ros2_ws/src/gui/src/hello_gui.cpp:38:5:[m[K [01;31m[Kerror: [m[Kâ€˜[01m[Kportname_[m[Kâ€™ was not declared in this scope
   38 |     [01;31m[Kportname_[m[K = this->get_parameter("battery_types." + name + ".portname").as_string();
      |     [01;31m[K^~~~~~~~~[m[K
[01m[K/home/hoapham/ros2_ws/src/gui/src/hello_gui.cpp:38:23:[m[K [01;31m[Kerror: [m[Kâ€˜[01m[Kclass HelloGui[m[Kâ€™ has no member named â€˜[01m[Kget_parameter[m[Kâ€™
   38 |     portname_ = this->[01;31m[Kget_parameter[m[K("battery_types." + name + ".portname").as_string();
      |                       [01;31m[K^~~~~~~~~~~~~[m[K
[01m[K/home/hoapham/ros2_ws/src/gui/src/hello_gui.cpp:39:11:[m[K [01;31m[Kerror: [m[Kâ€˜[01m[Kclass HelloGui[m[Kâ€™ has no member named â€˜[01m[Kdeclare_parameter[m[Kâ€™
   39 |     this->[01;31m[Kdeclare_parameter[m[K<std::int16_t>("battery_types."  + name + ".NUM_REGISTER_READ");
      |           [01;31m[K^~~~~~~~~~~~~~~~~[m[K
[01m[K/home/hoapham/ros2_ws/src/gui/src/hello_gui.cpp:39:41:[m[K [01;31m[Kerror: [m[Kexpected primary-expression before â€˜[01m[K>[m[Kâ€™ token
   39 |     this->declare_parameter<std::int16_t[01;31m[K>[m[K("battery_types."  + name + ".NUM_REGISTER_READ");
      |                                         [01;31m[K^[m[K
[01m[K/home/hoapham/ros2_ws/src/gui/src/hello_gui.cpp:40:5:[m[K [01;31m[Kerror: [m[Kâ€˜[01m[KNUM_REGISTER_READ_[m[Kâ€™ was not declared in this scope
   40 |     [01;31m[KNUM_REGISTER_READ_[m[K = this->get_parameter("battery_types."  + name + ".NUM_REGISTER_READ").as_int();
      |     [01;31m[K^~~~~~~~~~~~~~~~~~[m[K
[01m[K/home/hoapham/ros2_ws/src/gui/src/hello_gui.cpp:40:32:[m[K [01;31m[Kerror: [m[Kâ€˜[01m[Kclass HelloGui[m[Kâ€™ has no member named â€˜[01m[Kget_parameter[m[Kâ€™
   40 |     NUM_REGISTER_READ_ = this->[01;31m[Kget_parameter[m[K("battery_types."  + name + ".NUM_REGISTER_READ").as_int();
      |                                [01;31m[K^~~~~~~~~~~~~[m[K
[01m[K/home/hoapham/ros2_ws/src/gui/src/hello_gui.cpp:41:11:[m[K [01;31m[Kerror: [m[Kâ€˜[01m[Kclass HelloGui[m[Kâ€™ has no member named â€˜[01m[Kdeclare_parameter[m[Kâ€™
   41 |     this->[01;31m[Kdeclare_parameter[m[K<std::int16_t>("battery_types."  + name + ".NUM_REGISTER_WRITE");
      |           [01;31m[K^~~~~~~~~~~~~~~~~[m[K
[01m[K/home/hoapham/ros2_ws/src/gui/src/hello_gui.cpp:41:41:[m[K [01;31m[Kerror: [m[Kexpected primary-expression before â€˜[01m[K>[m[Kâ€™ token
   41 |     this->declare_parameter<std::int16_t[01;31m[K>[m[K("battery_types."  + name + ".NUM_REGISTER_WRITE");
      |                                         [01;31m[K^[m[K
[01m[K/home/hoapham/ros2_ws/src/gui/src/hello_gui.cpp:42:5:[m[K [01;31m[Kerror: [m[Kâ€˜[01m[KNUM_REGISTER_WRITE_[m[Kâ€™ was not declared in this scope
   42 |     [01;31m[KNUM_REGISTER_WRITE_[m[K = this->get_parameter("battery_types."  + name + ".NUM_REGISTER_WRITE").as_int();
      |     [01;31m[K^~~~~~~~~~~~~~~~~~~[m[K
[01m[K/home/hoapham/ros2_ws/src/gui/src/hello_gui.cpp:42:33:[m[K [01;31m[Kerror: [m[Kâ€˜[01m[Kclass HelloGui[m[Kâ€™ has no member named â€˜[01m[Kget_parameter[m[Kâ€™
   42 |     NUM_REGISTER_WRITE_ = this->[01;31m[Kget_parameter[m[K("battery_types."  + name + ".NUM_REGISTER_WRITE").as_int();
      |                                 [01;31m[K^~~~~~~~~~~~~[m[K
[01m[K/home/hoapham/ros2_ws/src/gui/src/hello_gui.cpp:43:11:[m[K [01;31m[Kerror: [m[Kâ€˜[01m[Kclass HelloGui[m[Kâ€™ has no member named â€˜[01m[Kdeclare_parameter[m[Kâ€™
   43 |     this->[01;31m[Kdeclare_parameter[m[K<std::int16_t>("battery_types."  + name + ".START_REGISTER_ADDR");
      |           [01;31m[K^~~~~~~~~~~~~~~~~[m[K
[01m[K/home/hoapham/ros2_ws/src/gui/src/hello_gui.cpp:43:41:[m[K [01;31m[Kerror: [m[Kexpected primary-expression before â€˜[01m[K>[m[Kâ€™ token
   43 |     this->declare_parameter<std::int16_t[01;31m[K>[m[K("battery_types."  + name + ".START_REGISTER_ADDR");
      |                                         [01;31m[K^[m[K
[01m[K/home/hoapham/ros2_ws/src/gui/src/hello_gui.cpp:44:5:[m[K [01;31m[Kerror: [m[Kâ€˜[01m[KSTART_REGISTER_ADDR_[m[Kâ€™ was not declared in this scope
   44 |     [01;31m[KSTART_REGISTER_ADDR_[m[K = this->get_parameter("battery_types."  + name + ".START_REGISTER_ADDR").as_int();
      |     [01;31m[K^~~~~~~~~~~~~~~~~~~~[m[K
[01m[K/home/hoapham/ros2_ws/src/gui/src/hello_gui.cpp:44:34:[m[K [01;31m[Kerror: [m[Kâ€˜[01m[Kclass HelloGui[m[Kâ€™ has no member named â€˜[01m[Kget_parameter[m[Kâ€™
   44 |     START_REGISTER_ADDR_ = this->[01;31m[Kget_parameter[m[K("battery_types."  + name + ".START_REGISTER_ADDR").as_int();
      |                                  [01;31m[K^~~~~~~~~~~~~[m[K
[01m[K/home/hoapham/ros2_ws/src/gui/src/hello_gui.cpp:45:11:[m[K [01;31m[Kerror: [m[Kâ€˜[01m[Kclass HelloGui[m[Kâ€™ has no member named â€˜[01m[Kdeclare_parameter[m[Kâ€™
   45 |     this->[01;31m[Kdeclare_parameter[m[K<std::int16_t>("battery_types."  + name + ".BMS_SLAVE_ID");
      |           [01;31m[K^~~~~~~~~~~~~~~~~[m[K
[01m[K/home/hoapham/ros2_ws/src/gui/src/hello_gui.cpp:45:41:[m[K [01;31m[Kerror: [m[Kexpected primary-expression before â€˜[01m[K>[m[Kâ€™ token
   45 |     this->declare_parameter<std::int16_t[01;31m[K>[m[K("battery_types."  + name + ".BMS_SLAVE_ID");
      |                                         [01;31m[K^[m[K
[01m[K/home/hoapham/ros2_ws/src/gui/src/hello_gui.cpp:46:5:[m[K [01;31m[Kerror: [m[Kâ€˜[01m[KBMS_SLAVE_ID_[m[Kâ€™ was not declared in this scope
   46 |     [01;31m[KBMS_SLAVE_ID_[m[K = this->get_parameter("battery_types."  + name + ".BMS_SLAVE_ID").as_int();
      |     [01;31m[K^~~~~~~~~~~~~[m[K
[01m[K/home/hoapham/ros2_ws/src/gui/src/hello_gui.cpp:46:27:[m[K [01;31m[Kerror: [m[Kâ€˜[01m[Kclass HelloGui[m[Kâ€™ has no member named â€˜[01m[Kget_parameter[m[Kâ€™
   46 |     BMS_SLAVE_ID_ = this->[01;31m[Kget_parameter[m[K("battery_types."  + name + ".BMS_SLAVE_ID").as_int();
      |                           [01;31m[K^~~~~~~~~~~~~[m[K
[01m[K/home/hoapham/ros2_ws/src/gui/src/hello_gui.cpp:47:11:[m[K [01;31m[Kerror: [m[Kâ€˜[01m[Kclass HelloGui[m[Kâ€™ has no member named â€˜[01m[Kdeclare_parameter[m[Kâ€™
   47 |     this->[01;31m[Kdeclare_parameter[m[K<std::float_t>("battery_types."  + name + ".VOLTAGE_MAX");
      |           [01;31m[K^~~~~~~~~~~~~~~~~[m[K
[01m[K/home/hoapham/ros2_ws/src/gui/src/hello_gui.cpp:47:41:[m[K [01;31m[Kerror: [m[Kexpected primary-expression before â€˜[01m[K>[m[Kâ€™ token
   47 |     this->declare_parameter<std::float_t[01;31m[K>[m[K("battery_types."  + name + ".VOLTAGE_MAX");
      |                                         [01;31m[K^[m[K
[01m[K/home/hoapham/ros2_ws/src/gui/src/hello_gui.cpp:48:5:[m[K [01;31m[Kerror: [m[Kâ€˜[01m[Kvol_max_[m[Kâ€™ was not declared in this scope
   48 |     [01;31m[Kvol_max_[m[K = this->get_parameter("battery_types."  + name + ".VOLTAGE_MAX").as_double();
      |     [01;31m[K^~~~~~~~[m[K
[01m[K/home/hoapham/ros2_ws/src/gui/src/hello_gui.cpp:48:22:[m[K [01;31m[Kerror: [m[Kâ€˜[01m[Kclass HelloGui[m[Kâ€™ has no member named â€˜[01m[Kget_parameter[m[Kâ€™
   48 |     vol_max_ = this->[01;31m[Kget_parameter[m[K("battery_types."  + name + ".VOLTAGE_MAX").as_double();
      |                      [01;31m[K^~~~~~~~~~~~~[m[K
[01m[K/home/hoapham/ros2_ws/src/gui/src/hello_gui.cpp:[m[K In member function â€˜[01m[Kvoid HelloGui::on_combo_box1_changed(int)[m[Kâ€™:
[01m[K/home/hoapham/ros2_ws/src/gui/src/hello_gui.cpp:198:42:[m[K [01;35m[Kwarning: [m[Kunused parameter â€˜[01m[Kindex[m[Kâ€™ [[01;35m[K]8;;https://gcc.gnu.org/onlinedocs/gcc/Warning-Options.html#index-Wunused-parameter-Wunused-parameter]8;;[m[K]
  198 | void HelloGui::on_combo_box1_changed([01;35m[Kint index[m[K)
      |                                      [01;35m[K~~~~^~~~~[m[K
[01m[K/home/hoapham/ros2_ws/src/gui/src/hello_gui.cpp:[m[K In member function â€˜[01m[Kvoid HelloGui::on_combo_box2_changed(int)[m[Kâ€™:
[01m[K/home/hoapham/ros2_ws/src/gui/src/hello_gui.cpp:213:42:[m[K [01;35m[Kwarning: [m[Kunused parameter â€˜[01m[Kindex[m[Kâ€™ [[01;35m[K]8;;https://gcc.gnu.org/onlinedocs/gcc/Warning-Options.html#index-Wunused-parameter-Wunused-parameter]8;;[m[K]
  213 | void HelloGui::on_combo_box2_changed([01;35m[Kint index[m[K)
      |                                      [01;35m[K~~~~^~~~~[m[K
[01m[K/home/hoapham/ros2_ws/src/gui/src/hello_gui.cpp:[m[K In member function â€˜[01m[Kvoid HelloGui::on_combo_box0_changed(int)[m[Kâ€™:
[01m[K/home/hoapham/ros2_ws/src/gui/src/hello_gui.cpp:232:42:[m[K [01;35m[Kwarning: [m[Kunused parameter â€˜[01m[Kindex[m[Kâ€™ [[01;35m[K]8;;https://gcc.gnu.org/onlinedocs/gcc/Warning-Options.html#index-Wunused-parameter-Wunused-parameter]8;;[m[K]
  232 | void HelloGui::on_combo_box0_changed([01;35m[Kint index[m[K)
      |                                      [01;35m[K~~~~^~~~~[m[K
gmake[2]: *** [CMakeFiles/gui.dir/build.make:104: CMakeFiles/gui.dir/src/hello_gui.cpp.o] Error 1
gmake[1]: *** [CMakeFiles/Makefile2:138: CMakeFiles/gui.dir/all] Error 2
gmake: *** [Makefile:146: all] Error 2
