[0.009s] Invoking command in '/home/hoapham/ros2_ws/build/gui': CMAKE_PREFIX_PATH=${CMAKE_PREFIX_PATH}:/opt/ros/humble /usr/bin/cmake --build /home/hoapham/ros2_ws/build/gui -- -j16 -l16
[0.076s] -- Found ament_cmake: 1.3.11 (/opt/ros/humble/share/ament_cmake/cmake)
[0.171s] -- Found rclcpp: 16.0.12 (/opt/ros/humble/share/rclcpp/cmake)
[0.193s] -- Found rosidl_generator_c: 3.1.6 (/opt/ros/humble/share/rosidl_generator_c/cmake)
[0.196s] -- Found rosidl_adapter: 3.1.6 (/opt/ros/humble/share/rosidl_adapter/cmake)
[0.201s] -- Found rosidl_generator_cpp: 3.1.6 (/opt/ros/humble/share/rosidl_generator_cpp/cmake)
[0.208s] -- Using all available rosidl_typesupport_c: rosidl_typesupport_fastrtps_c;rosidl_typesupport_introspection_c
[0.218s] -- Using all available rosidl_typesupport_cpp: rosidl_typesupport_fastrtps_cpp;rosidl_typesupport_introspection_cpp
[0.244s] -- Found rmw_implementation_cmake: 6.1.2 (/opt/ros/humble/share/rmw_implementation_cmake/cmake)
[0.246s] -- Found rmw_cyclonedds_cpp: 1.3.4 (/opt/ros/humble/share/rmw_cyclonedds_cpp/cmake)
[0.261s] -- Using RMW implementation 'rmw_cyclonedds_cpp' as default
[0.298s] -- Found example_interfaces: 0.9.3 (/opt/ros/humble/share/example_interfaces/cmake)
[0.324s] -- Found action_tutorials_interfaces: 0.20.5 (/opt/ros/humble/share/action_tutorials_interfaces/cmake)
[0.333s] -- Found rclcpp_action: 16.0.12 (/opt/ros/humble/share/rclcpp_action/cmake)
[0.339s] -- Found geometry_msgs: 4.8.0 (/opt/ros/humble/share/geometry_msgs/cmake)
[0.349s] -- Found rviz_default_plugins: 11.2.16 (/opt/ros/humble/share/rviz_default_plugins/cmake)
[0.459s] -- library: /usr/lib/x86_64-linux-gnu/libcurl.so
[0.462s] -- Setting assimp_DIR to: '/opt/ros/humble/share/rviz_assimp_vendor/cmake/../../../opt/rviz_assimp_vendor/lib/cmake/assimp-4.1'
[0.467s] -- Setting OGRE_DIR to: '/opt/ros/humble/share/rviz_ogre_vendor/cmake/../../../opt/rviz_ogre_vendor/lib/OGRE/cmake'
[0.468s] -- Found OGRE
[0.468s] --   static     : OFF
[0.468s] --   components : HLMS;MeshLodGenerator;Overlay;Paging;Property;RTShaderSystem;Terrain;Volume
[0.468s] --   plugins    : Plugin_BSPSceneManager;Plugin_OctreeSceneManager;Plugin_PCZSceneManager;Plugin_ParticleFX;RenderSystem_GL;RenderSystem_GL3Plus;Codec_STBI
[0.469s] --   media      : /opt/ros/humble/opt/rviz_ogre_vendor/share/OGRE/Media
[0.469s] -- OGRE_LIBRARIES: OgreHLMS;OgreMeshLodGenerator;OgreOverlay;OgrePaging;OgreProperty;OgreRTShaderSystem;OgreTerrain;OgreVolume;OgreMain
[0.469s] -- OGRE_LIBRARY_DIRS: /opt/ros/humble/opt/rviz_ogre_vendor/lib
[0.469s] -- OGRE_PLUGINS: Plugin_BSPSceneManager;Plugin_OctreeSceneManager;Plugin_PCZSceneManager;Plugin_ParticleFX;RenderSystem_GL;RenderSystem_GL3Plus;Codec_STBI
[0.469s] -- OGRE_PLUGIN_DIR: /opt/ros/humble/opt/rviz_ogre_vendor/lib/OGRE
[0.469s] -- rviz_ogre_vendor::OgreOverlay for IMPORTED_LOCATION_RELEASE: /opt/ros/humble/opt/rviz_ogre_vendor/lib/libOgreOverlay.so
[0.469s] -- rviz_ogre_vendor::OgreOverlay for IMPORTED_LOCATION_DEBUG: /opt/ros/humble/opt/rviz_ogre_vendor/lib/libOgreOverlay.so
[0.469s] -- rviz_ogre_vendor::OgreMain for IMPORTED_LOCATION_RELEASE: /opt/ros/humble/opt/rviz_ogre_vendor/lib/libOgreMain.so
[0.469s] -- rviz_ogre_vendor::OgreMain for IMPORTED_LOCATION_DEBUG: /opt/ros/humble/opt/rviz_ogre_vendor/lib/libOgreMain.so
[0.507s] -- Ensuring Eigen3 include directory is part of orocos-kdl CMake target
[0.550s] -- Found gui_msgs: 1.1.0 (/home/hoapham/ros2_ws/install/gui_msgs/share/gui_msgs/cmake)
[0.565s] -- Found ament_lint_auto: 0.12.12 (/opt/ros/humble/share/ament_lint_auto/cmake)
[0.614s] -- Added test 'copyright' to check source files copyright and LICENSE
[0.615s] -- Added test 'cppcheck' to perform static code analysis on C / C++ code
[0.615s] -- Configured cppcheck include dirs: /home/hoapham/ros2_ws/src/gui/include
[0.615s] -- Configured cppcheck exclude dirs and/or files: 
[0.616s] -- Added test 'cpplint' to check C / C++ code against the Google style
[0.617s] -- Configured cpplint exclude dirs and/or files: 
[0.617s] -- Added test 'flake8' to check Python code syntax and style conventions
[0.617s] -- Added test 'lint_cmake' to check CMake code style
[0.618s] -- Added test 'pep257' to check Python code against some of the docstring style conventions in PEP 257
[0.619s] -- Added test 'uncrustify' to check C / C++ code style
[0.619s] -- Configured uncrustify additional arguments: 
[0.619s] -- Added test 'xmllint' to check XML markup files
[0.620s] -- Configuring done
[0.671s] -- Generating done
[0.676s] -- Build files have been written to: /home/hoapham/ros2_ws/build/gui
[0.710s] [ 14%] [34m[1mAutomatic MOC and UIC for target gui[0m
[0.747s] [ 14%] Built target gui_autogen
[0.761s] [35m[1mConsolidate compiler generated dependencies of target gui[0m
[0.800s] [ 28%] [32mBuilding CXX object CMakeFiles/gui.dir/src/hello_gui.cpp.o[0m
[4.966s] In file included from [01m[K/home/hoapham/ros2_ws/src/gui/src/hello_gui.cpp:3[m[K:
[4.966s] [01m[K/home/hoapham/ros2_ws/src/gui/include/gui/hello_gui.h:[m[K In constructor â€˜[01m[KHelloGui::HelloGui(QApplication*, rviz_common::ros_integration::RosNodeAbstractionIface::WeakPtr, QWidget*)[m[Kâ€™:
[4.966s] [01m[K/home/hoapham/ros2_ws/src/gui/include/gui/hello_gui.h:72:68:[m[K [01;35m[Kwarning: [m[Kâ€˜[01m[KHelloGui::node_weak_ptr_[m[Kâ€™ will be initialized after [[01;35m[K]8;;https://gcc.gnu.org/onlinedocs/gcc/Warning-Options.html#index-Wreorder-Wreorder]8;;[m[K]
[4.966s]    72 | z_common::ros_integration::RosNodeAbstractionIface::WeakPtr [01;35m[Knode_weak_ptr_[m[K;
[4.966s]       |                                                             [01;35m[K^~~~~~~~~~~~~~[m[K
[4.966s] 
[4.966s] [01m[K/home/hoapham/ros2_ws/src/gui/src/hello_gui.cpp:20:26:[m[K [01;35m[Kwarning: [m[K  base â€˜[01m[KQMainWindow[m[Kâ€™ [[01;35m[K]8;;https://gcc.gnu.org/onlinedocs/gcc/Warning-Options.html#index-Wreorder-Wreorder]8;;[m[K]
[4.966s]    20 |     , ui(new Ui::HelloGui[01;35m[K)[m[K
[4.967s]       |                          [01;35m[K^[m[K
[4.967s] [01m[K/home/hoapham/ros2_ws/src/gui/src/hello_gui.cpp:15:1:[m[K [01;35m[Kwarning: [m[K  when initialized here [[01;35m[K]8;;https://gcc.gnu.org/onlinedocs/gcc/Warning-Options.html#index-Wreorder-Wreorder]8;;[m[K]
[4.967s]    15 | [01;35m[KHelloGui[m[K::HelloGui(
[4.967s]       | [01;35m[K^~~~~~~~[m[K
[4.969s] [01m[K/home/hoapham/ros2_ws/src/gui/src/hello_gui.cpp:33:11:[m[K [01;31m[Kerror: [m[Kâ€˜[01m[Kclass HelloGui[m[Kâ€™ has no member named â€˜[01m[Kdeclare_parameter[m[Kâ€™
[4.970s]    33 |     this->[01;31m[Kdeclare_parameter[m[K<std::string>("battery_names", "JKBMS");
[4.970s]       |           [01;31m[K^~~~~~~~~~~~~~~~~[m[K
[4.970s] [01m[K/home/hoapham/ros2_ws/src/gui/src/hello_gui.cpp:33:40:[m[K [01;31m[Kerror: [m[Kexpected primary-expression before â€˜[01m[K>[m[Kâ€™ token
[4.970s]    33 |     this->declare_parameter<std::string[01;31m[K>[m[K("battery_names", "JKBMS");
[4.970s]       |                                        [01;31m[K^[m[K
[4.970s] [01m[K/home/hoapham/ros2_ws/src/gui/src/hello_gui.cpp:33:42:[m[K [01;35m[Kwarning: [m[Kleft operand of comma operator has no effect [[01;35m[K]8;;https://gcc.gnu.org/onlinedocs/gcc/Warning-Options.html#index-Wunused-value-Wunused-value]8;;[m[K]
[4.970s]    33 |     this->declare_parameter<std::string>([01;35m[K"battery_names"[m[K, "JKBMS");
[4.970s]       |                                          [01;35m[K^~~~~~~~~~~~~~~[m[K
[4.970s] [01m[K/home/hoapham/ros2_ws/src/gui/src/hello_gui.cpp:34:30:[m[K [01;31m[Kerror: [m[Kâ€˜[01m[Kclass HelloGui[m[Kâ€™ has no member named â€˜[01m[Kget_parameter[m[Kâ€™
[4.970s]    34 |     std::string name = this->[01;31m[Kget_parameter[m[K("battery_names").as_string();
[4.970s]       |                              [01;31m[K^~~~~~~~~~~~~[m[K
[4.970s] [01m[K/home/hoapham/ros2_ws/src/gui/src/hello_gui.cpp:35:11:[m[K [01;31m[Kerror: [m[Kâ€˜[01m[Kclass HelloGui[m[Kâ€™ has no member named â€˜[01m[Kdeclare_parameter[m[Kâ€™
[4.970s]    35 |     this->[01;31m[Kdeclare_parameter[m[K<std::int32_t>("battery_types."  + name + ".BAUDRATE");
[4.970s]       |           [01;31m[K^~~~~~~~~~~~~~~~~[m[K
[4.970s] [01m[K/home/hoapham/ros2_ws/src/gui/src/hello_gui.cpp:35:41:[m[K [01;31m[Kerror: [m[Kexpected primary-expression before â€˜[01m[K>[m[Kâ€™ token
[4.971s]    35 |     this->declare_parameter<std::int32_t[01;31m[K>[m[K("battery_types."  + name + ".BAUDRATE");
[4.971s]       |                                         [01;31m[K^[m[K
[4.983s] [01m[K/home/hoapham/ros2_ws/src/gui/src/hello_gui.cpp:36:5:[m[K [01;31m[Kerror: [m[Kâ€˜[01m[KBAUDRATE_[m[Kâ€™ was not declared in this scope
[4.983s]    36 |     [01;31m[KBAUDRATE_[m[K = this->get_parameter("battery_types." + name + ".BAUDRATE").as_int();
[4.983s]       |     [01;31m[K^~~~~~~~~[m[K
[4.983s] [01m[K/home/hoapham/ros2_ws/src/gui/src/hello_gui.cpp:36:23:[m[K [01;31m[Kerror: [m[Kâ€˜[01m[Kclass HelloGui[m[Kâ€™ has no member named â€˜[01m[Kget_parameter[m[Kâ€™
[4.983s]    36 |     BAUDRATE_ = this->[01;31m[Kget_parameter[m[K("battery_types." + name + ".BAUDRATE").as_int();
[4.983s]       |                       [01;31m[K^~~~~~~~~~~~~[m[K
[4.984s] [01m[K/home/hoapham/ros2_ws/src/gui/src/hello_gui.cpp:37:11:[m[K [01;31m[Kerror: [m[Kâ€˜[01m[Kclass HelloGui[m[Kâ€™ has no member named â€˜[01m[Kdeclare_parameter[m[Kâ€™
[4.984s]    37 |     this->[01;31m[Kdeclare_parameter[m[K<std::string>("battery_types."  + name + ".portname");
[4.984s]       |           [01;31m[K^~~~~~~~~~~~~~~~~[m[K
[4.984s] [01m[K/home/hoapham/ros2_ws/src/gui/src/hello_gui.cpp:37:40:[m[K [01;31m[Kerror: [m[Kexpected primary-expression before â€˜[01m[K>[m[Kâ€™ token
[4.984s]    37 |     this->declare_parameter<std::string[01;31m[K>[m[K("battery_types."  + name + ".portname");
[4.984s]       |                                        [01;31m[K^[m[K
[4.994s] [01m[K/home/hoapham/ros2_ws/src/gui/src/hello_gui.cpp:38:5:[m[K [01;31m[Kerror: [m[Kâ€˜[01m[Kportname_[m[Kâ€™ was not declared in this scope
[4.994s]    38 |     [01;31m[Kportname_[m[K = this->get_parameter("battery_types." + name + ".portname").as_string();
[4.994s]       |     [01;31m[K^~~~~~~~~[m[K
[4.994s] [01m[K/home/hoapham/ros2_ws/src/gui/src/hello_gui.cpp:38:23:[m[K [01;31m[Kerror: [m[Kâ€˜[01m[Kclass HelloGui[m[Kâ€™ has no member named â€˜[01m[Kget_parameter[m[Kâ€™
[4.995s]    38 |     portname_ = this->[01;31m[Kget_parameter[m[K("battery_types." + name + ".portname").as_string();
[4.995s]       |                       [01;31m[K^~~~~~~~~~~~~[m[K
[4.995s] [01m[K/home/hoapham/ros2_ws/src/gui/src/hello_gui.cpp:39:11:[m[K [01;31m[Kerror: [m[Kâ€˜[01m[Kclass HelloGui[m[Kâ€™ has no member named â€˜[01m[Kdeclare_parameter[m[Kâ€™
[4.995s]    39 |     this->[01;31m[Kdeclare_parameter[m[K<std::int16_t>("battery_types."  + name + ".NUM_REGISTER_READ");
[4.995s]       |           [01;31m[K^~~~~~~~~~~~~~~~~[m[K
[4.995s] [01m[K/home/hoapham/ros2_ws/src/gui/src/hello_gui.cpp:39:41:[m[K [01;31m[Kerror: [m[Kexpected primary-expression before â€˜[01m[K>[m[Kâ€™ token
[4.995s]    39 |     this->declare_parameter<std::int16_t[01;31m[K>[m[K("battery_types."  + name + ".NUM_REGISTER_READ");
[4.995s]       |                                         [01;31m[K^[m[K
[5.016s] [01m[K/home/hoapham/ros2_ws/src/gui/src/hello_gui.cpp:40:5:[m[K [01;31m[Kerror: [m[Kâ€˜[01m[KNUM_REGISTER_READ_[m[Kâ€™ was not declared in this scope
[5.016s]    40 |     [01;31m[KNUM_REGISTER_READ_[m[K = this->get_parameter("battery_types."  + name + ".NUM_REGISTER_READ").as_int();
[5.016s]       |     [01;31m[K^~~~~~~~~~~~~~~~~~[m[K
[5.017s] [01m[K/home/hoapham/ros2_ws/src/gui/src/hello_gui.cpp:40:32:[m[K [01;31m[Kerror: [m[Kâ€˜[01m[Kclass HelloGui[m[Kâ€™ has no member named â€˜[01m[Kget_parameter[m[Kâ€™
[5.017s]    40 |     NUM_REGISTER_READ_ = this->[01;31m[Kget_parameter[m[K("battery_types."  + name + ".NUM_REGISTER_READ").as_int();
[5.017s]       |                                [01;31m[K^~~~~~~~~~~~~[m[K
[5.017s] [01m[K/home/hoapham/ros2_ws/src/gui/src/hello_gui.cpp:41:11:[m[K [01;31m[Kerror: [m[Kâ€˜[01m[Kclass HelloGui[m[Kâ€™ has no member named â€˜[01m[Kdeclare_parameter[m[Kâ€™
[5.017s]    41 |     this->[01;31m[Kdeclare_parameter[m[K<std::int16_t>("battery_types."  + name + ".NUM_REGISTER_WRITE");
[5.017s]       |           [01;31m[K^~~~~~~~~~~~~~~~~[m[K
[5.017s] [01m[K/home/hoapham/ros2_ws/src/gui/src/hello_gui.cpp:41:41:[m[K [01;31m[Kerror: [m[Kexpected primary-expression before â€˜[01m[K>[m[Kâ€™ token
[5.017s]    41 |     this->declare_parameter<std::int16_t[01;31m[K>[m[K("battery_types."  + name + ".NUM_REGISTER_WRITE");
[5.017s]       |                                         [01;31m[K^[m[K
[5.039s] [01m[K/home/hoapham/ros2_ws/src/gui/src/hello_gui.cpp:42:5:[m[K [01;31m[Kerror: [m[Kâ€˜[01m[KNUM_REGISTER_WRITE_[m[Kâ€™ was not declared in this scope
[5.039s]    42 |     [01;31m[KNUM_REGISTER_WRITE_[m[K = this->get_parameter("battery_types."  + name + ".NUM_REGISTER_WRITE").as_int();
[5.039s]       |     [01;31m[K^~~~~~~~~~~~~~~~~~~[m[K
[5.039s] [01m[K/home/hoapham/ros2_ws/src/gui/src/hello_gui.cpp:42:33:[m[K [01;31m[Kerror: [m[Kâ€˜[01m[Kclass HelloGui[m[Kâ€™ has no member named â€˜[01m[Kget_parameter[m[Kâ€™
[5.039s]    42 |     NUM_REGISTER_WRITE_ = this->[01;31m[Kget_parameter[m[K("battery_types."  + name + ".NUM_REGISTER_WRITE").as_int();
[5.039s]       |                                 [01;31m[K^~~~~~~~~~~~~[m[K
[5.039s] [01m[K/home/hoapham/ros2_ws/src/gui/src/hello_gui.cpp:43:11:[m[K [01;31m[Kerror: [m[Kâ€˜[01m[Kclass HelloGui[m[Kâ€™ has no member named â€˜[01m[Kdeclare_parameter[m[Kâ€™
[5.039s]    43 |     this->[01;31m[Kdeclare_parameter[m[K<std::int16_t>("battery_types."  + name + ".START_REGISTER_ADDR");
[5.039s]       |           [01;31m[K^~~~~~~~~~~~~~~~~[m[K
[5.040s] [01m[K/home/hoapham/ros2_ws/src/gui/src/hello_gui.cpp:43:41:[m[K [01;31m[Kerror: [m[Kexpected primary-expression before â€˜[01m[K>[m[Kâ€™ token
[5.040s]    43 |     this->declare_parameter<std::int16_t[01;31m[K>[m[K("battery_types."  + name + ".START_REGISTER_ADDR");
[5.040s]       |                                         [01;31m[K^[m[K
[5.063s] [01m[K/home/hoapham/ros2_ws/src/gui/src/hello_gui.cpp:44:5:[m[K [01;31m[Kerror: [m[Kâ€˜[01m[KSTART_REGISTER_ADDR_[m[Kâ€™ was not declared in this scope
[5.063s]    44 |     [01;31m[KSTART_REGISTER_ADDR_[m[K = this->get_parameter("battery_types."  + name + ".START_REGISTER_ADDR").as_int();
[5.063s]       |     [01;31m[K^~~~~~~~~~~~~~~~~~~~[m[K
[5.063s] [01m[K/home/hoapham/ros2_ws/src/gui/src/hello_gui.cpp:44:34:[m[K [01;31m[Kerror: [m[Kâ€˜[01m[Kclass HelloGui[m[Kâ€™ has no member named â€˜[01m[Kget_parameter[m[Kâ€™
[5.063s]    44 |     START_REGISTER_ADDR_ = this->[01;31m[Kget_parameter[m[K("battery_types."  + name + ".START_REGISTER_ADDR").as_int();
[5.064s]       |                                  [01;31m[K^~~~~~~~~~~~~[m[K
[5.064s] [01m[K/home/hoapham/ros2_ws/src/gui/src/hello_gui.cpp:45:11:[m[K [01;31m[Kerror: [m[Kâ€˜[01m[Kclass HelloGui[m[Kâ€™ has no member named â€˜[01m[Kdeclare_parameter[m[Kâ€™
[5.064s]    45 |     this->[01;31m[Kdeclare_parameter[m[K<std::int16_t>("battery_types."  + name + ".BMS_SLAVE_ID");
[5.064s]       |           [01;31m[K^~~~~~~~~~~~~~~~~[m[K
[5.064s] [01m[K/home/hoapham/ros2_ws/src/gui/src/hello_gui.cpp:45:41:[m[K [01;31m[Kerror: [m[Kexpected primary-expression before â€˜[01m[K>[m[Kâ€™ token
[5.064s]    45 |     this->declare_parameter<std::int16_t[01;31m[K>[m[K("battery_types."  + name + ".BMS_SLAVE_ID");
[5.064s]       |                                         [01;31m[K^[m[K
[5.080s] [01m[K/home/hoapham/ros2_ws/src/gui/src/hello_gui.cpp:46:5:[m[K [01;31m[Kerror: [m[Kâ€˜[01m[KBMS_SLAVE_ID_[m[Kâ€™ was not declared in this scope
[5.080s]    46 |     [01;31m[KBMS_SLAVE_ID_[m[K = this->get_parameter("battery_types."  + name + ".BMS_SLAVE_ID").as_int();
[5.080s]       |     [01;31m[K^~~~~~~~~~~~~[m[K
[5.080s] [01m[K/home/hoapham/ros2_ws/src/gui/src/hello_gui.cpp:46:27:[m[K [01;31m[Kerror: [m[Kâ€˜[01m[Kclass HelloGui[m[Kâ€™ has no member named â€˜[01m[Kget_parameter[m[Kâ€™
[5.080s]    46 |     BMS_SLAVE_ID_ = this->[01;31m[Kget_parameter[m[K("battery_types."  + name + ".BMS_SLAVE_ID").as_int();
[5.080s]       |                           [01;31m[K^~~~~~~~~~~~~[m[K
[5.080s] [01m[K/home/hoapham/ros2_ws/src/gui/src/hello_gui.cpp:47:11:[m[K [01;31m[Kerror: [m[Kâ€˜[01m[Kclass HelloGui[m[Kâ€™ has no member named â€˜[01m[Kdeclare_parameter[m[Kâ€™
[5.080s]    47 |     this->[01;31m[Kdeclare_parameter[m[K<std::float_t>("battery_types."  + name + ".VOLTAGE_MAX");
[5.080s]       |           [01;31m[K^~~~~~~~~~~~~~~~~[m[K
[5.080s] [01m[K/home/hoapham/ros2_ws/src/gui/src/hello_gui.cpp:47:41:[m[K [01;31m[Kerror: [m[Kexpected primary-expression before â€˜[01m[K>[m[Kâ€™ token
[5.080s]    47 |     this->declare_parameter<std::float_t[01;31m[K>[m[K("battery_types."  + name + ".VOLTAGE_MAX");
[5.081s]       |                                         [01;31m[K^[m[K
[5.090s] [01m[K/home/hoapham/ros2_ws/src/gui/src/hello_gui.cpp:48:5:[m[K [01;31m[Kerror: [m[Kâ€˜[01m[Kvol_max_[m[Kâ€™ was not declared in this scope
[5.090s]    48 |     [01;31m[Kvol_max_[m[K = this->get_parameter("battery_types."  + name + ".VOLTAGE_MAX").as_double();
[5.090s]       |     [01;31m[K^~~~~~~~[m[K
[5.090s] [01m[K/home/hoapham/ros2_ws/src/gui/src/hello_gui.cpp:48:22:[m[K [01;31m[Kerror: [m[Kâ€˜[01m[Kclass HelloGui[m[Kâ€™ has no member named â€˜[01m[Kget_parameter[m[Kâ€™
[5.090s]    48 |     vol_max_ = this->[01;31m[Kget_parameter[m[K("battery_types."  + name + ".VOLTAGE_MAX").as_double();
[5.090s]       |                      [01;31m[K^~~~~~~~~~~~~[m[K
[5.101s] [01m[K/home/hoapham/ros2_ws/src/gui/src/hello_gui.cpp:[m[K In member function â€˜[01m[Kvoid HelloGui::on_combo_box1_changed(int)[m[Kâ€™:
[5.102s] [01m[K/home/hoapham/ros2_ws/src/gui/src/hello_gui.cpp:198:42:[m[K [01;35m[Kwarning: [m[Kunused parameter â€˜[01m[Kindex[m[Kâ€™ [[01;35m[K]8;;https://gcc.gnu.org/onlinedocs/gcc/Warning-Options.html#index-Wunused-parameter-Wunused-parameter]8;;[m[K]
[5.102s]   198 | void HelloGui::on_combo_box1_changed([01;35m[Kint index[m[K)
[5.102s]       |                                      [01;35m[K~~~~^~~~~[m[K
[5.103s] [01m[K/home/hoapham/ros2_ws/src/gui/src/hello_gui.cpp:[m[K In member function â€˜[01m[Kvoid HelloGui::on_combo_box2_changed(int)[m[Kâ€™:
[5.103s] [01m[K/home/hoapham/ros2_ws/src/gui/src/hello_gui.cpp:213:42:[m[K [01;35m[Kwarning: [m[Kunused parameter â€˜[01m[Kindex[m[Kâ€™ [[01;35m[K]8;;https://gcc.gnu.org/onlinedocs/gcc/Warning-Options.html#index-Wunused-parameter-Wunused-parameter]8;;[m[K]
[5.103s]   213 | void HelloGui::on_combo_box2_changed([01;35m[Kint index[m[K)
[5.103s]       |                                      [01;35m[K~~~~^~~~~[m[K
[5.103s] [01m[K/home/hoapham/ros2_ws/src/gui/src/hello_gui.cpp:[m[K In member function â€˜[01m[Kvoid HelloGui::on_combo_box0_changed(int)[m[Kâ€™:
[5.104s] [01m[K/home/hoapham/ros2_ws/src/gui/src/hello_gui.cpp:232:42:[m[K [01;35m[Kwarning: [m[Kunused parameter â€˜[01m[Kindex[m[Kâ€™ [[01;35m[K]8;;https://gcc.gnu.org/onlinedocs/gcc/Warning-Options.html#index-Wunused-parameter-Wunused-parameter]8;;[m[K]
[5.104s]   232 | void HelloGui::on_combo_box0_changed([01;35m[Kint index[m[K)
[5.104s]       |                                      [01;35m[K~~~~^~~~~[m[K
[6.696s] gmake[2]: *** [CMakeFiles/gui.dir/build.make:104: CMakeFiles/gui.dir/src/hello_gui.cpp.o] Error 1
[6.696s] gmake[1]: *** [CMakeFiles/Makefile2:138: CMakeFiles/gui.dir/all] Error 2
[6.696s] gmake: *** [Makefile:146: all] Error 2
[6.699s] Invoked command in '/home/hoapham/ros2_ws/build/gui' returned '2': CMAKE_PREFIX_PATH=${CMAKE_PREFIX_PATH}:/opt/ros/humble /usr/bin/cmake --build /home/hoapham/ros2_ws/build/gui -- -j16 -l16
