[0.011s] Invoking command in '/home/hoapham/ros2_ws/build/gui': CMAKE_PREFIX_PATH=${CMAKE_PREFIX_PATH}:/opt/ros/humble /usr/bin/cmake --build /home/hoapham/ros2_ws/build/gui -- -j16 -l16
[0.059s] [ 12%] [34m[1mAutomatic MOC and UIC for target gui[0m
[0.085s] [ 12%] Built target gui_autogen
[0.103s] [35m[1mConsolidate compiler generated dependencies of target gui[0m
[0.145s] [ 25%] [32mBuilding CXX object CMakeFiles/gui.dir/src/main.cpp.o[0m
[4.738s] [01m[K/home/hoapham/ros2_ws/src/gui/src/main.cpp:[m[K In lambda function:
[4.738s] [01m[K/home/hoapham/ros2_ws/src/gui/src/main.cpp:43:13:[m[K [01;31m[Kerror: [m[Kâ€˜[01m[Krviz_panel[m[Kâ€™ was not declared in this scope; did you mean â€˜[01m[KRvizPanel[m[Kâ€™?
[4.739s]    43 |             [01;31m[Krviz_panel[m[K->getManager()->setFixedFrame("zivid_optical_frame");
[4.739s]       |             [01;31m[K^~~~~~~~~~[m[K
[4.739s]       |             [32m[KRvizPanel[m[K
[5.589s] gmake[2]: *** [CMakeFiles/gui.dir/build.make:90: CMakeFiles/gui.dir/src/main.cpp.o] Error 1
[5.590s] gmake[1]: *** [CMakeFiles/Makefile2:138: CMakeFiles/gui.dir/all] Error 2
[5.590s] gmake: *** [Makefile:146: all] Error 2
[5.593s] Invoked command in '/home/hoapham/ros2_ws/build/gui' returned '2': CMAKE_PREFIX_PATH=${CMAKE_PREFIX_PATH}:/opt/ros/humble /usr/bin/cmake --build /home/hoapham/ros2_ws/build/gui -- -j16 -l16
