[0.010s] Invoking command in '/home/hoapham/ros2_ws/build/gui': CMAKE_PREFIX_PATH=${CMAKE_PREFIX_PATH}:/opt/ros/humble /usr/bin/cmake --build /home/hoapham/ros2_ws/build/gui -- -j16 -l16
[0.055s] [ 12%] [34m[1mAutomatic MOC and UIC for target gui[0m
[0.082s] [ 12%] Built target gui_autogen
[0.103s] [35m[1mConsolidate compiler generated dependencies of target gui[0m
[0.144s] [ 25%] [32mBuilding CXX object CMakeFiles/gui.dir/src/main.cpp.o[0m
[4.702s] [01m[K/home/hoapham/ros2_ws/src/gui/src/main.cpp:[m[K In lambda function:
[4.702s] [01m[K/home/hoapham/ros2_ws/src/gui/src/main.cpp:45:12:[m[K [01;31m[Kerror: [m[Kâ€˜[01m[Kflag[m[Kâ€™ is not captured
[4.702s]    45 |         if([01;31m[Kflag[m[K == 0){
[4.702s]       |            [01;31m[K^~~~[m[K
[4.702s] [01m[K/home/hoapham/ros2_ws/src/gui/src/main.cpp:42:126:[m[K [01;36m[Knote: [m[Kthe lambda has no capture-default
[4.702s]    42 | lo_gui, second_window, shared_rviz_widget, shared_rviz_panel[01;36m[K][m[K(int index) {
[4.702s]       |                                                             [01;36m[K^[m[K
[4.702s] 
[4.702s] [01m[K/home/hoapham/ros2_ws/src/gui/src/main.cpp:40:9:[m[K [01;36m[Knote: [m[Kâ€˜[01m[Kint flag[m[Kâ€™ declared here
[4.702s]    40 |     int [01;36m[Kflag[m[K = 0;
[4.702s]       |         [01;36m[K^~~~[m[K
[4.702s] [01m[K/home/hoapham/ros2_ws/src/gui/src/main.cpp:47:13:[m[K [01;31m[Kerror: [m[Kâ€˜[01m[Kflag[m[Kâ€™ is not captured
[4.702s]    47 |             [01;31m[Kflag[m[K = 1;
[4.702s]       |             [01;31m[K^~~~[m[K
[4.702s] [01m[K/home/hoapham/ros2_ws/src/gui/src/main.cpp:42:126:[m[K [01;36m[Knote: [m[Kthe lambda has no capture-default
[4.703s]    42 | lo_gui, second_window, shared_rviz_widget, shared_rviz_panel[01;36m[K][m[K(int index) {
[4.703s]       |                                                             [01;36m[K^[m[K
[4.703s] 
[4.703s] [01m[K/home/hoapham/ros2_ws/src/gui/src/main.cpp:40:9:[m[K [01;36m[Knote: [m[Kâ€˜[01m[Kint flag[m[Kâ€™ declared here
[4.703s]    40 |     int [01;36m[Kflag[m[K = 0;
[4.703s]       |         [01;36m[K^~~~[m[K
[4.703s] [01m[K/home/hoapham/ros2_ws/src/gui/src/main.cpp:46:36:[m[K [01;35m[Kwarning: [m[Kunused variable â€˜[01m[Krobot_model_display_[m[Kâ€™ [[01;35m[K]8;;https://gcc.gnu.org/onlinedocs/gcc/Warning-Options.html#index-Wunused-variable-Wunused-variable]8;;[m[K]
[4.703s]    46 |             rviz_common::Display * [01;35m[Krobot_model_display_[m[K = manager->createDisplay("rviz_default_plugins/RobotModel", "Robot Model", true);
[4.703s]       |                                    [01;35m[K^~~~~~~~~~~~~~~~~~~~[m[K
[4.725s] [01m[K/home/hoapham/ros2_ws/src/gui/src/main.cpp:55:26:[m[K [01;31m[Kerror: [m[Kâ€˜[01m[Krobot_model_display_[m[Kâ€™ was not declared in this scope
[4.725s]    55 |                     if (![01;31m[Krobot_model_display_[m[K) {
[4.725s]       |                          [01;31m[K^~~~~~~~~~~~~~~~~~~~[m[K
[4.747s] [01m[K/home/hoapham/ros2_ws/src/gui/src/main.cpp:58:21:[m[K [01;31m[Kerror: [m[Kâ€˜[01m[Krobot_model_display_[m[Kâ€™ was not declared in this scope
[4.748s]    58 |                     [01;31m[Krobot_model_display_[m[K = manager->createDisplay("rviz_default_plugins/RobotModel", "RobotModel", true);
[4.748s]       |                     [01;31m[K^~~~~~~~~~~~~~~~~~~~[m[K
[4.770s] [01m[K/home/hoapham/ros2_ws/src/gui/src/main.cpp:72:17:[m[K [01;31m[Kerror: [m[Kâ€˜[01m[Krobot_model_display_[m[Kâ€™ was not declared in this scope
[4.770s]    72 |                 [01;31m[Krobot_model_display_[m[K = manager->createDisplay("rviz_default_plugins/RobotModel", "Robot Model", false);
[4.770s]       |                 [01;31m[K^~~~~~~~~~~~~~~~~~~~[m[K
[5.595s] gmake[2]: *** [CMakeFiles/gui.dir/build.make:90: CMakeFiles/gui.dir/src/main.cpp.o] Error 1
[5.595s] gmake[1]: *** [CMakeFiles/Makefile2:138: CMakeFiles/gui.dir/all] Error 2
[5.595s] gmake: *** [Makefile:146: all] Error 2
[5.598s] Invoked command in '/home/hoapham/ros2_ws/build/gui' returned '2': CMAKE_PREFIX_PATH=${CMAKE_PREFIX_PATH}:/opt/ros/humble /usr/bin/cmake --build /home/hoapham/ros2_ws/build/gui -- -j16 -l16
