Traceback (most recent call last):
  File "/usr/lib/python3/dist-packages/lark/load_grammar.py", line 918, in _get_parser
    return _get_parser.cache
AttributeError: 'function' object has no attribute 'cache'

During handling of the above exception, another exception occurred:

Traceback (most recent call last):
  File "/opt/ros/humble/share/rosidl_generator_py/cmake/../../../lib/rosidl_generator_py/rosidl_generator_py", line 40, in <module>
    sys.exit(main())
  File "/opt/ros/humble/share/rosidl_generator_py/cmake/../../../lib/rosidl_generator_py/rosidl_generator_py", line 36, in main
    generate_py(args.generator_arguments_file, args.typesupport_impls.split(';'))
  File "/opt/ros/humble/local/lib/python3.10/dist-packages/rosidl_generator_py/generate_py_impl.py", line 61, in generate_py
    generated_files = generate_files(generator_arguments_file, mapping)
  File "/opt/ros/humble/local/lib/python3.10/dist-packages/rosidl_cmake/__init__.py", line 74, in generate_files
    idl_file = parse_idl_file(locator)
  File "/opt/ros/humble/local/lib/python3.10/dist-packages/rosidl_parser/parser.py", line 64, in parse_idl_file
    content = parse_idl_string(string, png_file=png_file)
  File "/opt/ros/humble/local/lib/python3.10/dist-packages/rosidl_parser/parser.py", line 72, in parse_idl_string
    tree = get_ast_from_idl_string(idl_string)
  File "/opt/ros/humble/local/lib/python3.10/dist-packages/rosidl_parser/parser.py", line 88, in get_ast_from_idl_string
    _parser = Lark(grammar, start='specification', maybe_placeholders=False)
  File "/usr/lib/python3/dist-packages/lark/lark.py", line 333, in __init__
    self.grammar, used_files = load_grammar(grammar, self.source_path, self.options.import_paths, self.options.keep_all_tokens)
  File "/usr/lib/python3/dist-packages/lark/load_grammar.py", line 1408, in load_grammar
    builder.load_grammar(grammar, source)
  File "/usr/lib/python3/dist-packages/lark/load_grammar.py", line 1233, in load_grammar
    tree = _parse_grammar(grammar_text, grammar_name)
  File "/usr/lib/python3/dist-packages/lark/load_grammar.py", line 961, in _parse_grammar
    tree = _get_parser().parse(text + '\n', start)
  File "/usr/lib/python3/dist-packages/lark/load_grammar.py", line 933, in _get_parser
    _get_parser.cache = ParsingFrontend(lexer_conf, parser_conf, None)
  File "/usr/lib/python3/dist-packages/lark/parser_frontends.py", line 57, in __init__
    self.parser = create_parser(lexer_conf, parser_conf, options)
  File "/usr/lib/python3/dist-packages/lark/parser_frontends.py", line 154, in create_lalr_parser
    return cls(parser_conf, debug=debug)
  File "/usr/lib/python3/dist-packages/lark/parsers/lalr_parser.py", line 18, in __init__
    analysis = LALR_Analyzer(parser_conf, debug=debug)
  File "/usr/lib/python3/dist-packages/lark/parsers/lalr_analysis.py", line 138, in __init__
    GrammarAnalyzer.__init__(self, parser_conf, debug)
  File "/usr/lib/python3/dist-packages/lark/parsers/grammar_analysis.py", line 128, in __init__
    root_rules = {start: Rule(NonTerminal('$root_' + start), [NonTerminal(start), Terminal('$END')])
  File "/usr/lib/python3/dist-packages/lark/parsers/grammar_analysis.py", line 128, in <dictcomp>
    root_rules = {start: Rule(NonTerminal('$root_' + start), [NonTerminal(start), Terminal('$END')])
  File "/usr/lib/python3/dist-packages/lark/grammar.py", line 15, in __init__
    def __init__(self, name: str) -> None:
KeyboardInterrupt
gmake[2]: *** [ur_dashboard_msgs__py/CMakeFiles/ur_dashboard_msgs__py.dir/build.make:139: rosidl_generator_py/ur_dashboard_msgs/_ur_dashboard_msgs_s.ep.rosidl_typesupport_fastrtps_c.c] Interrupt
gmake[1]: *** [CMakeFiles/Makefile2:590: ur_dashboard_msgs__py/CMakeFiles/ur_dashboard_msgs__py.dir/all] Interrupt
gmake: *** [Makefile:146: all] Interrupt
