In file included from [01m[K/home/hoapham/ros2_ws/src/gui/src/hello_gui.cpp:3[m[K:
[01m[K/home/hoapham/ros2_ws/src/gui/include/gui/hello_gui.h:[m[K In constructor â€˜[01m[KHelloGui::HelloGui(QApplication*, rviz_common::ros_integration::RosNodeAbstractionIface::WeakPtr, QWidget*)[m[Kâ€™:
[01m[K/home/hoapham/ros2_ws/src/gui/include/gui/hello_gui.h:67:68:[m[K [01;35m[Kwarning: [m[Kâ€˜[01m[KHelloGui::node_weak_ptr_[m[Kâ€™ will be initialized after [[01;35m[K]8;;https://gcc.gnu.org/onlinedocs/gcc/Warning-Options.html#index-Wreorder-Wreorder]8;;[m[K]
   67 | z_common::ros_integration::RosNodeAbstractionIface::WeakPtr [01;35m[Knode_weak_ptr_[m[K;
      |                                                             [01;35m[K^~~~~~~~~~~~~~[m[K

[01m[K/home/hoapham/ros2_ws/src/gui/src/hello_gui.cpp:19:26:[m[K [01;35m[Kwarning: [m[K  base â€˜[01m[KQMainWindow[m[Kâ€™ [[01;35m[K]8;;https://gcc.gnu.org/onlinedocs/gcc/Warning-Options.html#index-Wreorder-Wreorder]8;;[m[K]
   19 |     , ui(new Ui::HelloGui[01;35m[K)[m[K
      |                          [01;35m[K^[m[K
[01m[K/home/hoapham/ros2_ws/src/gui/src/hello_gui.cpp:14:1:[m[K [01;35m[Kwarning: [m[K  when initialized here [[01;35m[K]8;;https://gcc.gnu.org/onlinedocs/gcc/Warning-Options.html#index-Wreorder-Wreorder]8;;[m[K]
   14 | [01;35m[KHelloGui[m[K::HelloGui(
      | [01;35m[K^~~~~~~~[m[K
[01m[K/home/hoapham/ros2_ws/src/gui/src/hello_gui.cpp:[m[K In member function â€˜[01m[Kvoid HelloGui::load_combobox_value_from_txt()[m[Kâ€™:
[01m[K/home/hoapham/ros2_ws/src/gui/src/hello_gui.cpp:262:16:[m[K [01;31m[Kerror: [m[Kâ€˜[01m[Kcombobox_value[m[Kâ€™ was not declared in this scope
  262 |     QFile file([01;31m[Kcombobox_value[m[K.txt);
      |                [01;31m[K^~~~~~~~~~~~~~[m[K
gmake[2]: *** [CMakeFiles/gui.dir/build.make:104: CMakeFiles/gui.dir/src/hello_gui.cpp.o] Error 1
gmake[1]: *** [CMakeFiles/Makefile2:138: CMakeFiles/gui.dir/all] Error 2
gmake: *** [Makefile:146: all] Error 2
