[01m[K/home/hoapham/ros2_ws/src/pointcloud_marker/src/pointcloud_marker_node.cpp:[m[K In lambda function:
[01m[K/home/hoapham/ros2_ws/src/pointcloud_marker/src/pointcloud_marker_node.cpp:42:37:[m[K [01;31m[Kerror: [m[Kâ€˜[01m[Kpoint_id_[m[Kâ€™ was not declared in this scope
   42 |                 for (int i = 0; i < [01;31m[Kpoint_id_[m[K; ++i) {
      |                                     [01;31m[K^~~~~~~~~[m[K
[01m[K/home/hoapham/ros2_ws/src/pointcloud_marker/src/pointcloud_marker_node.cpp:62:17:[m[K [01;31m[Kerror: [m[Kâ€˜[01m[Kpoint_id_[m[Kâ€™ was not declared in this scope
   62 |                 [01;31m[Kpoint_id_[m[K = 1000;
      |                 [01;31m[K^~~~~~~~~[m[K
gmake[2]: *** [CMakeFiles/pointcloud_marker_node.dir/build.make:76: CMakeFiles/pointcloud_marker_node.dir/src/pointcloud_marker_node.cpp.o] Error 1
gmake[1]: *** [CMakeFiles/Makefile2:137: CMakeFiles/pointcloud_marker_node.dir/all] Error 2
gmake: *** [Makefile:146: all] Error 2
