[0.010s] Invoking command in '/home/hoapham/ros2_ws/build/pointcloud_marker': BYOBU_DATE=%Y-%m-%d CMAKE_PREFIX_PATH=${CMAKE_PREFIX_PATH}:/opt/ros/humble /usr/bin/cmake --build /home/hoapham/ros2_ws/build/pointcloud_marker -- -j16 -l16
[0.078s] [ 50%] [32mBuilding CXX object CMakeFiles/pointcloud_marker_node.dir/src/pointcloud_marker_node.cpp.o[0m
[3.392s] [01m[K/home/hoapham/ros2_ws/src/pointcloud_marker/src/pointcloud_marker_node.cpp:[m[K In lambda function:
[3.392s] [01m[K/home/hoapham/ros2_ws/src/pointcloud_marker/src/pointcloud_marker_node.cpp:42:37:[m[K [01;31m[Kerror: [m[Kâ€˜[01m[Kpoint_id_[m[Kâ€™ was not declared in this scope
[3.392s]    42 |                 for (int i = 0; i < [01;31m[Kpoint_id_[m[K; ++i) {
[3.392s]       |                                     [01;31m[K^~~~~~~~~[m[K
[6.052s] gmake[2]: *** [CMakeFiles/pointcloud_marker_node.dir/build.make:76: CMakeFiles/pointcloud_marker_node.dir/src/pointcloud_marker_node.cpp.o] Error 1
[6.052s] gmake[1]: *** [CMakeFiles/Makefile2:137: CMakeFiles/pointcloud_marker_node.dir/all] Error 2
[6.052s] gmake: *** [Makefile:146: all] Error 2
[6.055s] Invoked command in '/home/hoapham/ros2_ws/build/pointcloud_marker' returned '2': BYOBU_DATE=%Y-%m-%d CMAKE_PREFIX_PATH=${CMAKE_PREFIX_PATH}:/opt/ros/humble /usr/bin/cmake --build /home/hoapham/ros2_ws/build/pointcloud_marker -- -j16 -l16
