[0.013s] Invoking command in '/home/hoapham/ros2_ws/build/gui': CMAKE_PREFIX_PATH=${CMAKE_PREFIX_PATH}:/opt/ros/humble /usr/bin/cmake --build /home/hoapham/ros2_ws/build/gui -- -j16 -l16
[0.087s] [ 11%] [34m[1mAutomatic MOC and UIC for target gui[0m
[0.125s] [ 11%] Built target gui_autogen
[0.152s] [35m[1mConsolidate compiler generated dependencies of target gui[0m
[0.202s] [ 22%] [32mBuilding CXX object CMakeFiles/gui.dir/src/main.cpp.o[0m
[0.202s] [ 33%] [32mBuilding CXX object CMakeFiles/gui.dir/src/preparation.cpp.o[0m
[5.242s] [01m[K/home/hoapham/ros2_ws/src/gui/src/preparation.cpp:[m[K In constructor â€˜[01m[KForm::Form(rviz_common::ros_integration::RosNodeAbstractionIface::WeakPtr, QWidget*)[m[Kâ€™:
[5.242s] [01m[K/home/hoapham/ros2_ws/src/gui/src/preparation.cpp:9:5:[m[K [01;31m[Kerror: [m[Kclass â€˜[01m[KForm[m[Kâ€™ does not have any field named â€˜[01m[Knode_weak_ptr_[m[Kâ€™
[5.243s]     9 |     [01;31m[Knode_weak_ptr_[m[K(rviz_preparation_node),
[5.243s]       |     [01;31m[K^~~~~~~~~~~~~~[m[K
[5.255s] [01m[K/home/hoapham/ros2_ws/src/gui/src/preparation.cpp:17:5:[m[K [01;31m[Kerror: [m[Kâ€˜[01m[Krviz_panel[m[Kâ€™ was not declared in this scope
[5.255s]    17 |     [01;31m[Krviz_panel[m[K = std::make_shared<RvizPanel>(app_);
[5.256s]       |     [01;31m[K^~~~~~~~~~[m[K
[5.265s] [01m[K/home/hoapham/ros2_ws/src/gui/src/preparation.cpp:17:35:[m[K [01;31m[Kerror: [m[Kâ€˜[01m[KRvizPanel[m[Kâ€™ was not declared in this scope
[5.265s]    17 |     rviz_panel = std::make_shared<[01;31m[KRvizPanel[m[K>(app_);
[5.265s]       |                                   [01;31m[K^~~~~~~~~[m[K
[5.273s] [01m[K/home/hoapham/ros2_ws/src/gui/src/preparation.cpp:17:46:[m[K [01;31m[Kerror: [m[Kâ€˜[01m[Kapp_[m[Kâ€™ was not declared in this scope
[5.273s]    17 |     rviz_panel = std::make_shared<RvizPanel>([01;31m[Kapp_[m[K);
[5.273s]       |                                              [01;31m[K^~~~[m[K
[5.287s] [01m[K/home/hoapham/ros2_ws/src/gui/src/preparation.cpp:18:57:[m[K [01;31m[Kerror: [m[Kâ€˜[01m[Knode_weak_ptr_[m[Kâ€™ was not declared in this scope
[5.288s]    18 |     QWidget *rviz_widget = rviz_panel->initializeWidget([01;31m[Knode_weak_ptr_[m[K);
[5.288s]       |                                                         [01;31m[K^~~~~~~~~~~~~~[m[K
[5.295s] [01m[K/home/hoapham/ros2_ws/src/gui/src/preparation.cpp:24:5:[m[K [01;31m[Kerror: [m[Kâ€˜[01m[Knode[m[Kâ€™ was not declared in this scope
[5.295s]    24 |     [01;31m[Knode[m[K = node_weak_ptr_.lock()->get_raw_node();
[5.295s]       |     [01;31m[K^~~~[m[K
[5.304s] [01m[K/home/hoapham/ros2_ws/src/gui/src/preparation.cpp:26:5:[m[K [01;31m[Kerror: [m[Kâ€˜[01m[Kros_timer[m[Kâ€™ was not declared in this scope
[5.304s]    26 |     [01;31m[Kros_timer[m[K = new QTimer(this);
[5.304s]       |     [01;31m[K^~~~~~~~~[m[K
[5.315s] [01m[K/home/hoapham/ros2_ws/src/gui/src/preparation.cpp:30:5:[m[K [01;31m[Kerror: [m[Kâ€˜[01m[Kcount_timer[m[Kâ€™ was not declared in this scope
[5.315s]    30 |     [01;31m[Kcount_timer[m[K = new QTimer(this);
[5.315s]       |     [01;31m[K^~~~~~~~~~~[m[K
[5.323s] [01m[K/home/hoapham/ros2_ws/src/gui/src/preparation.cpp:[m[K In member function â€˜[01m[Kvoid Form::spin_once()[m[Kâ€™:
[5.323s] [01m[K/home/hoapham/ros2_ws/src/gui/src/preparation.cpp:41:9:[m[K [01;31m[Kerror: [m[Kâ€˜[01m[Kapp_[m[Kâ€™ was not declared in this scope
[5.323s]    41 |         [01;31m[Kapp_[m[K->processEvents();
[5.323s]       |         [01;31m[K^~~~[m[K
[5.330s] [01m[K/home/hoapham/ros2_ws/src/gui/src/preparation.cpp:43:9:[m[K [01;31m[Kerror: [m[Kâ€˜[01m[Kapp_[m[Kâ€™ was not declared in this scope
[5.330s]    43 |         [01;31m[Kapp_[m[K->quit();
[5.330s]       |         [01;31m[K^~~~[m[K
[6.622s] gmake[2]: *** [CMakeFiles/gui.dir/build.make:160: CMakeFiles/gui.dir/src/preparation.cpp.o] Error 1
[6.622s] gmake[2]: *** Waiting for unfinished jobs....
[6.726s] gmake[1]: *** [CMakeFiles/Makefile2:138: CMakeFiles/gui.dir/all] Error 2
[6.726s] gmake: *** [Makefile:146: all] Error 2
[6.729s] Invoked command in '/home/hoapham/ros2_ws/build/gui' returned '2': CMAKE_PREFIX_PATH=${CMAKE_PREFIX_PATH}:/opt/ros/humble /usr/bin/cmake --build /home/hoapham/ros2_ws/build/gui -- -j16 -l16
