[01m[K/home/hoapham/ros2_ws/src/gui/src/main.cpp:[m[K In lambda function:
[01m[K/home/hoapham/ros2_ws/src/gui/src/main.cpp:47:18:[m[K [01;31m[Kerror: [m[Kassignment of read-only variable â€˜[01m[Kflag[m[Kâ€™
   47 |             [01;31m[Kflag = 1[m[K;
      |             [01;31m[K~~~~~^~~[m[K
[01m[K/home/hoapham/ros2_ws/src/gui/src/main.cpp:46:36:[m[K [01;35m[Kwarning: [m[Kunused variable â€˜[01m[Krobot_model_display_[m[Kâ€™ [[01;35m[K]8;;https://gcc.gnu.org/onlinedocs/gcc/Warning-Options.html#index-Wunused-variable-Wunused-variable]8;;[m[K]
   46 |             rviz_common::Display * [01;35m[Krobot_model_display_[m[K = manager->createDisplay("rviz_default_plugins/RobotModel", "Robot Model", true);
      |                                    [01;35m[K^~~~~~~~~~~~~~~~~~~~[m[K
[01m[K/home/hoapham/ros2_ws/src/gui/src/main.cpp:55:26:[m[K [01;31m[Kerror: [m[Kâ€˜[01m[Krobot_model_display_[m[Kâ€™ was not declared in this scope
   55 |                     if (![01;31m[Krobot_model_display_[m[K) {
      |                          [01;31m[K^~~~~~~~~~~~~~~~~~~~[m[K
[01m[K/home/hoapham/ros2_ws/src/gui/src/main.cpp:58:21:[m[K [01;31m[Kerror: [m[Kâ€˜[01m[Krobot_model_display_[m[Kâ€™ was not declared in this scope
   58 |                     [01;31m[Krobot_model_display_[m[K = manager->createDisplay("rviz_default_plugins/RobotModel", "RobotModel", true);
      |                     [01;31m[K^~~~~~~~~~~~~~~~~~~~[m[K
[01m[K/home/hoapham/ros2_ws/src/gui/src/main.cpp:72:17:[m[K [01;31m[Kerror: [m[Kâ€˜[01m[Krobot_model_display_[m[Kâ€™ was not declared in this scope
   72 |                 [01;31m[Krobot_model_display_[m[K = manager->createDisplay("rviz_default_plugins/RobotModel", "Robot Model", false);
      |                 [01;31m[K^~~~~~~~~~~~~~~~~~~~[m[K
gmake[2]: *** [CMakeFiles/gui.dir/build.make:90: CMakeFiles/gui.dir/src/main.cpp.o] Error 1
gmake[1]: *** [CMakeFiles/Makefile2:138: CMakeFiles/gui.dir/all] Error 2
gmake: *** [Makefile:146: all] Error 2
