[0.009s] Invoking command in '/home/hoapham/ros2_ws/build/gui': CMAKE_PREFIX_PATH=${CMAKE_PREFIX_PATH}:/opt/ros/humble /usr/bin/cmake --build /home/hoapham/ros2_ws/build/gui -- -j16 -l16
[0.059s] [ 12%] [34m[1mAutomatic MOC and UIC for target gui[0m
[0.083s] [ 12%] Built target gui_autogen
[0.102s] [35m[1mConsolidate compiler generated dependencies of target gui[0m
[0.144s] [ 25%] [32mBuilding CXX object CMakeFiles/gui.dir/src/main.cpp.o[0m
[4.682s] [01m[K/home/hoapham/ros2_ws/src/gui/src/main.cpp:[m[K In lambda function:
[4.682s] [01m[K/home/hoapham/ros2_ws/src/gui/src/main.cpp:53:42:[m[K [01;31m[Kerror: [m[Kassignment of read-only variable â€˜[01m[Krobot_model_display_[m[Kâ€™
[4.682s]    53 |                     [01;31m[Krobot_model_display_ = manager->createDisplay("rviz_default_plugins/RobotModel", "RobotModel", true)[m[K;
[4.683s]       |                     [01;31m[K~~~~~~~~~~~~~~~~~~~~~^~~~~~~~~~~~~~~~~~~~~~~~~~~~~~~~~~~~~~~~~~~~~~~~~~~~~~~~~~~~~~~~~~~~~~~~~~~~~~~[m[K
[5.516s] gmake[2]: *** [CMakeFiles/gui.dir/build.make:90: CMakeFiles/gui.dir/src/main.cpp.o] Error 1
[5.516s] gmake[1]: *** [CMakeFiles/Makefile2:138: CMakeFiles/gui.dir/all] Error 2
[5.516s] gmake: *** [Makefile:146: all] Error 2
[5.519s] Invoked command in '/home/hoapham/ros2_ws/build/gui' returned '2': CMAKE_PREFIX_PATH=${CMAKE_PREFIX_PATH}:/opt/ros/humble /usr/bin/cmake --build /home/hoapham/ros2_ws/build/gui -- -j16 -l16
