[0.009s] Invoking command in '/home/hoapham/ros2_ws/build/gui': CMAKE_PREFIX_PATH=${CMAKE_PREFIX_PATH}:/opt/ros/humble /usr/bin/cmake --build /home/hoapham/ros2_ws/build/gui -- -j16 -l16
[0.056s] [ 10%] [34m[1mAutomatic MOC and UIC for target gui[0m
[0.083s] [ 10%] Built target gui_autogen
[0.122s] [ 30%] [32mBuilding CXX object CMakeFiles/gui.dir/src/rviz_window.cpp.o[0m
[0.122s] [ 30%] [32mBuilding CXX object CMakeFiles/gui.dir/gui_autogen/mocs_compilation.cpp.o[0m
[0.732s] In file included from [01m[K/home/hoapham/ros2_ws/build/gui/gui_autogen/mocs_compilation.cpp:6[m[K:
[0.732s] [01m[K/home/hoapham/ros2_ws/build/gui/gui_autogen/BMPI5EA7AM/moc_rviz_window.cpp:10:10:[m[K [01;31m[Kfatal error: [m[K../../../../src/gui/include/gui/rviz_window.h: No such file or directory
[0.732s]    10 | #include [01;31m[K"../../../../src/gui/include/gui/rviz_window.h"[m[K
[0.732s]       |          [01;31m[K^~~~~~~~~~~~~~~~~~~~~~~~~~~~~~~~~~~~~~~~~~~~~~~[m[K
[0.732s] compilation terminated.
[0.741s] gmake[2]: *** [CMakeFiles/gui.dir/build.make:76: CMakeFiles/gui.dir/gui_autogen/mocs_compilation.cpp.o] Error 1
[0.741s] gmake[2]: *** Waiting for unfinished jobs....
[2.605s] [01m[K/home/hoapham/ros2_ws/src/gui/src/rviz_window.cpp:[m[K In constructor â€˜[01m[KRvizWindow::RvizWindow(QWidget*)[m[Kâ€™:
[2.605s] [01m[K/home/hoapham/ros2_ws/src/gui/src/rviz_window.cpp:11:67:[m[K [01;31m[Kerror: [m[Kno matching function for call to â€˜[01m[Krviz_common::VisualizationManager::VisualizationManager(rviz_common::RenderPanel*&)[m[Kâ€™
[2.605s]    11 |     manager_ = new rviz_common::VisualizationManager(render_panel_[01;31m[K)[m[K;
[2.605s]       |                                                                   [01;31m[K^[m[K
[2.606s] In file included from [01m[K/home/hoapham/ros2_ws/src/gui/include/gui/rviz_window.hpp:6[m[K,
[2.606s]                  from [01m[K/home/hoapham/ros2_ws/src/gui/src/rviz_window.cpp:2[m[K:
[2.606s] [01m[K/opt/ros/humble/include/rviz_common/rviz_common/visualization_manager.hpp:103:12:[m[K [01;36m[Knote: [m[Kcandidate: â€˜[01m[Krviz_common::VisualizationManager::VisualizationManager(rviz_common::RenderPanel*, rviz_common::ros_integration::RosNodeAbstractionIface::WeakPtr, rviz_common::WindowManagerInterface*, rclcpp::Clock::SharedPtr)[m[Kâ€™
[2.606s]   103 |   explicit [01;36m[KVisualizationManager[m[K(
[2.606s]       |            [01;36m[K^~~~~~~~~~~~~~~~~~~~[m[K
[2.606s] [01m[K/opt/ros/humble/include/rviz_common/rviz_common/visualization_manager.hpp:103:12:[m[K [01;36m[Knote: [m[K  candidate expects 4 arguments, 1 provided
[2.606s] [01m[K/home/hoapham/ros2_ws/src/gui/src/rviz_window.cpp:12:56:[m[K [01;31m[Kerror: [m[Kcannot convert â€˜[01m[KOgre::SceneManager*[m[Kâ€™ to â€˜[01m[Krviz_common::DisplayContext*[m[Kâ€™
[2.606s]    12 |     render_panel_->initialize([01;31m[Kmanager_->getSceneManager()[m[K, manager_);
[2.607s]       |                               [01;31m[K~~~~~~~~~~~~~~~~~~~~~~~~~^~[m[K
[2.607s]       |                                                        [01;31m[K|[m[K
[2.607s]       |                                                        [01;31m[KOgre::SceneManager*[m[K
[2.607s] In file included from [01m[K/home/hoapham/ros2_ws/src/gui/include/gui/rviz_window.hpp:5[m[K,
[2.607s]                  from [01m[K/home/hoapham/ros2_ws/src/gui/src/rviz_window.cpp:2[m[K:
[2.607s] [01m[K/opt/ros/humble/include/rviz_common/rviz_common/render_panel.hpp:80:36:[m[K [01;36m[Knote: [m[K  initializing argument 1 of â€˜[01m[Kvoid rviz_common::RenderPanel::initialize(rviz_common::DisplayContext*, bool)[m[Kâ€™
[2.607s]    80 |   void initialize([01;36m[KDisplayContext * manager[m[K, bool use_main_scene = false);
[2.607s]       |                   [01;36m[K~~~~~~~~~~~~~~~~~^~~~~~~[m[K
[3.249s] gmake[2]: *** [CMakeFiles/gui.dir/build.make:174: CMakeFiles/gui.dir/src/rviz_window.cpp.o] Error 1
[3.249s] gmake[1]: *** [CMakeFiles/Makefile2:138: CMakeFiles/gui.dir/all] Error 2
[3.249s] gmake: *** [Makefile:146: all] Error 2
[3.252s] Invoked command in '/home/hoapham/ros2_ws/build/gui' returned '2': CMAKE_PREFIX_PATH=${CMAKE_PREFIX_PATH}:/opt/ros/humble /usr/bin/cmake --build /home/hoapham/ros2_ws/build/gui -- -j16 -l16
