[0.014s] Invoking command in '/home/hoapham/ros2_ws/build/pointcloud_marker': CMAKE_PREFIX_PATH=${CMAKE_PREFIX_PATH}:/opt/ros/humble /usr/bin/cmake --build /home/hoapham/ros2_ws/build/pointcloud_marker -- -j16 -l16
[0.071s] [35m[1mConsolidate compiler generated dependencies of target pointcloud_marker_node[0m
[0.102s] [ 50%] [32mBuilding CXX object CMakeFiles/pointcloud_marker_node.dir/src/pointcloud_marker_node.cpp.o[0m
[3.825s] [01m[K/home/hoapham/ros2_ws/src/pointcloud_marker/src/pointcloud_marker_node.cpp:199:5:[m[K [01;31m[Kerror: [m[Kexpected unqualified-id before â€˜[01m[Kif[m[Kâ€™
[3.825s]   199 |     [01;31m[Kif[m[K (point_log_.is_open()) {
[3.826s]       |     [01;31m[K^~[m[K
[6.960s] gmake[2]: *** [CMakeFiles/pointcloud_marker_node.dir/build.make:76: CMakeFiles/pointcloud_marker_node.dir/src/pointcloud_marker_node.cpp.o] Error 1
[6.960s] gmake[1]: *** [CMakeFiles/Makefile2:137: CMakeFiles/pointcloud_marker_node.dir/all] Error 2
[6.961s] gmake: *** [Makefile:146: all] Error 2
[6.963s] Invoked command in '/home/hoapham/ros2_ws/build/pointcloud_marker' returned '2': CMAKE_PREFIX_PATH=${CMAKE_PREFIX_PATH}:/opt/ros/humble /usr/bin/cmake --build /home/hoapham/ros2_ws/build/pointcloud_marker -- -j16 -l16
