[01m[K/home/hoapham/ros2_ws/src/gui/src/ExecutePage.cpp:26:1:[m[K [01;31m[Kerror: [m[Kâ€˜[01m[KTimeSeriesPlot[m[Kâ€™ does not name a type
   26 | [01;31m[KTimeSeriesPlot[m[K::TimeSeriesPlot(QWidget *parent)
      | [01;31m[K^~~~~~~~~~~~~~[m[K
[01m[K/home/hoapham/ros2_ws/src/gui/src/ExecutePage.cpp:59:1:[m[K [01;31m[Kerror: [m[Kâ€˜[01m[KTimeSeriesPlot[m[Kâ€™ does not name a type
   59 | [01;31m[KTimeSeriesPlot[m[K::~TimeSeriesPlot()
      | [01;31m[K^~~~~~~~~~~~~~[m[K
[01m[K/home/hoapham/ros2_ws/src/gui/src/ExecutePage.cpp:65:6:[m[K [01;31m[Kerror: [m[Kâ€˜[01m[KTimeSeriesPlot[m[Kâ€™ has not been declared
   65 | void [01;31m[KTimeSeriesPlot[m[K::reset()
      |      [01;31m[K^~~~~~~~~~~~~~[m[K
[01m[K/home/hoapham/ros2_ws/src/gui/src/ExecutePage.cpp:[m[K In function â€˜[01m[Kvoid reset()[m[Kâ€™:
[01m[K/home/hoapham/ros2_ws/src/gui/src/ExecutePage.cpp:68:33:[m[K [01;31m[Kerror: [m[Kâ€˜[01m[KplotDataSize[m[Kâ€™ was not declared in this scope
   68 |     for (int index = 0; index < [01;31m[KplotDataSize[m[K; ++index) {
      |                                 [01;31m[K^~~~~~~~~~~~[m[K
[01m[K/home/hoapham/ros2_ws/src/gui/src/ExecutePage.cpp:69:9:[m[K [01;31m[Kerror: [m[Kâ€˜[01m[KxData[m[Kâ€™ was not declared in this scope
   69 |         [01;31m[KxData[m[K[index] = index;
      |         [01;31m[K^~~~~[m[K
[01m[K/home/hoapham/ros2_ws/src/gui/src/ExecutePage.cpp:70:9:[m[K [01;31m[Kerror: [m[Kâ€˜[01m[KyData[m[Kâ€™ was not declared in this scope
   70 |         [01;31m[KyData[m[K[index] = 0;
      |         [01;31m[K^~~~~[m[K
[01m[K/home/hoapham/ros2_ws/src/gui/src/ExecutePage.cpp:[m[K At global scope:
[01m[K/home/hoapham/ros2_ws/src/gui/src/ExecutePage.cpp:74:6:[m[K [01;31m[Kerror: [m[Kâ€˜[01m[KTimeSeriesPlot[m[Kâ€™ has not been declared
   74 | void [01;31m[KTimeSeriesPlot[m[K::append_graph(double inVal)
      |      [01;31m[K^~~~~~~~~~~~~~[m[K
[01m[K/home/hoapham/ros2_ws/src/gui/src/ExecutePage.cpp:[m[K In function â€˜[01m[Kvoid append_graph(double)[m[Kâ€™:
[01m[K/home/hoapham/ros2_ws/src/gui/src/ExecutePage.cpp:76:5:[m[K [01;31m[Kerror: [m[Kâ€˜[01m[Kmtx[m[Kâ€™ was not declared in this scope
   76 |     [01;31m[Kmtx[m[K.lock();
      |     [01;31m[K^~~[m[K
[01m[K/home/hoapham/ros2_ws/src/gui/src/ExecutePage.cpp:77:15:[m[K [01;31m[Kerror: [m[Kâ€˜[01m[KyData[m[Kâ€™ was not declared in this scope
   77 |     std::move([01;31m[KyData[m[K, yData + plotDataSize - 1, yData + 1);
      |               [01;31m[K^~~~~[m[K
[01m[K/home/hoapham/ros2_ws/src/gui/src/ExecutePage.cpp:77:30:[m[K [01;31m[Kerror: [m[Kâ€˜[01m[KplotDataSize[m[Kâ€™ was not declared in this scope
   77 |     std::move(yData, yData + [01;31m[KplotDataSize[m[K - 1, yData + 1);
      |                              [01;31m[K^~~~~~~~~~~~[m[K
[01m[K/home/hoapham/ros2_ws/src/gui/src/ExecutePage.cpp:[m[K At global scope:
[01m[K/home/hoapham/ros2_ws/src/gui/src/ExecutePage.cpp:82:6:[m[K [01;31m[Kerror: [m[Kâ€˜[01m[KTimeSeriesPlot[m[Kâ€™ has not been declared
   82 | void [01;31m[KTimeSeriesPlot[m[K::refreshPlot()
      |      [01;31m[K^~~~~~~~~~~~~~[m[K
[01m[K/home/hoapham/ros2_ws/src/gui/src/ExecutePage.cpp:[m[K In function â€˜[01m[Kvoid refreshPlot()[m[Kâ€™:
[01m[K/home/hoapham/ros2_ws/src/gui/src/ExecutePage.cpp:84:5:[m[K [01;31m[Kerror: [m[Kâ€˜[01m[Kmtx[m[Kâ€™ was not declared in this scope
   84 |     [01;31m[Kmtx[m[K.lock();
      |     [01;31m[K^~~[m[K
[01m[K/home/hoapham/ros2_ws/src/gui/src/ExecutePage.cpp:85:5:[m[K [01;31m[Kerror: [m[Kâ€˜[01m[Kcurve[m[Kâ€™ was not declared in this scope
   85 |     [01;31m[Kcurve[m[K->setSamples(xData, yData, plotDataSize);
      |     [01;31m[K^~~~~[m[K
[01m[K/home/hoapham/ros2_ws/src/gui/src/ExecutePage.cpp:85:23:[m[K [01;31m[Kerror: [m[Kâ€˜[01m[KxData[m[Kâ€™ was not declared in this scope
   85 |     curve->setSamples([01;31m[KxData[m[K, yData, plotDataSize);
      |                       [01;31m[K^~~~~[m[K
[01m[K/home/hoapham/ros2_ws/src/gui/src/ExecutePage.cpp:85:30:[m[K [01;31m[Kerror: [m[Kâ€˜[01m[KyData[m[Kâ€™ was not declared in this scope
   85 |     curve->setSamples(xData, [01;31m[KyData[m[K, plotDataSize);
      |                              [01;31m[K^~~~~[m[K
[01m[K/home/hoapham/ros2_ws/src/gui/src/ExecutePage.cpp:85:37:[m[K [01;31m[Kerror: [m[Kâ€˜[01m[KplotDataSize[m[Kâ€™ was not declared in this scope
   85 |     curve->setSamples(xData, yData, [01;31m[KplotDataSize[m[K);
      |                                     [01;31m[K^~~~~~~~~~~~[m[K
[01m[K/home/hoapham/ros2_ws/src/gui/src/ExecutePage.cpp:87:5:[m[K [01;31m[Kerror: [m[Kâ€˜[01m[Kplot[m[Kâ€™ was not declared in this scope
   87 |     [01;31m[Kplot[m[K->replot();
      |     [01;31m[K^~~~[m[K
[01m[K/home/hoapham/ros2_ws/src/gui/src/ExecutePage.cpp:[m[K At global scope:
[01m[K/home/hoapham/ros2_ws/src/gui/src/ExecutePage.cpp:90:6:[m[K [01;31m[Kerror: [m[Kâ€˜[01m[KTimeSeriesPlot[m[Kâ€™ has not been declared
   90 | void [01;31m[KTimeSeriesPlot[m[K::set_xTitle(const QString &title)
      |      [01;31m[K^~~~~~~~~~~~~~[m[K
[01m[K/home/hoapham/ros2_ws/src/gui/src/ExecutePage.cpp:[m[K In function â€˜[01m[Kvoid set_xTitle(const QString&)[m[Kâ€™:
[01m[K/home/hoapham/ros2_ws/src/gui/src/ExecutePage.cpp:92:5:[m[K [01;31m[Kerror: [m[Kâ€˜[01m[Kplot[m[Kâ€™ was not declared in this scope
   92 |     [01;31m[Kplot[m[K->setAxisTitle(QwtPlot::xBottom, title);
      |     [01;31m[K^~~~[m[K
[01m[K/home/hoapham/ros2_ws/src/gui/src/ExecutePage.cpp:[m[K At global scope:
[01m[K/home/hoapham/ros2_ws/src/gui/src/ExecutePage.cpp:94:6:[m[K [01;31m[Kerror: [m[Kâ€˜[01m[KTimeSeriesPlot[m[Kâ€™ has not been declared
   94 | void [01;31m[KTimeSeriesPlot[m[K::set_yTitle(const QString &title)
      |      [01;31m[K^~~~~~~~~~~~~~[m[K
[01m[K/home/hoapham/ros2_ws/src/gui/src/ExecutePage.cpp:[m[K In function â€˜[01m[Kvoid set_yTitle(const QString&)[m[Kâ€™:
[01m[K/home/hoapham/ros2_ws/src/gui/src/ExecutePage.cpp:96:5:[m[K [01;31m[Kerror: [m[Kâ€˜[01m[Kplot[m[Kâ€™ was not declared in this scope
   96 |     [01;31m[Kplot[m[K->setAxisTitle(QwtPlot::yLeft, title);
      |     [01;31m[K^~~~[m[K
[01m[K/home/hoapham/ros2_ws/src/gui/src/ExecutePage.cpp:[m[K At global scope:
[01m[K/home/hoapham/ros2_ws/src/gui/src/ExecutePage.cpp:98:6:[m[K [01;31m[Kerror: [m[Kâ€˜[01m[KTimeSeriesPlot[m[Kâ€™ has not been declared
   98 | void [01;31m[KTimeSeriesPlot[m[K::set_Title(const QString &title)
      |      [01;31m[K^~~~~~~~~~~~~~[m[K
[01m[K/home/hoapham/ros2_ws/src/gui/src/ExecutePage.cpp:[m[K In function â€˜[01m[Kvoid set_Title(const QString&)[m[Kâ€™:
[01m[K/home/hoapham/ros2_ws/src/gui/src/ExecutePage.cpp:100:5:[m[K [01;31m[Kerror: [m[Kâ€˜[01m[Kplot[m[Kâ€™ was not declared in this scope
  100 |     [01;31m[Kplot[m[K->setTitle(title);
      |     [01;31m[K^~~~[m[K
In file included from [01m[K/home/hoapham/ros2_ws/src/gui/src/ExecutePage.cpp:1[m[K:
[01m[K/home/hoapham/ros2_ws/src/gui/include/gui/ExecutePage.h:[m[K In constructor â€˜[01m[KFormHau::FormHau(QApplication*, rviz_common::ros_integration::RosNodeAbstractionIface::WeakPtr, QWidget*, QWidget*)[m[Kâ€™:
[01m[K/home/hoapham/ros2_ws/src/gui/include/gui/ExecutePage.h:51:14:[m[K [01;35m[Kwarning: [m[Kâ€˜[01m[KFormHau::rviz_widget[m[Kâ€™ will be initialized after [[01;35m[K]8;;https://gcc.gnu.org/onlinedocs/gcc/Warning-Options.html#index-Wreorder-Wreorder]8;;[m[K]
   51 |     QWidget* [01;35m[Krviz_widget[m[K = nullptr;
      |              [01;35m[K^~~~~~~~~~~[m[K
[01m[K/home/hoapham/ros2_ws/src/gui/src/ExecutePage.cpp:111:25:[m[K [01;35m[Kwarning: [m[K  base â€˜[01m[KQMainWindow[m[Kâ€™ [[01;35m[K]8;;https://gcc.gnu.org/onlinedocs/gcc/Warning-Options.html#index-Wreorder-Wreorder]8;;[m[K]
  111 |     , ui(new Ui::FormHau[01;35m[K)[m[K
      |                         [01;35m[K^[m[K
[01m[K/home/hoapham/ros2_ws/src/gui/src/ExecutePage.cpp:105:1:[m[K [01;35m[Kwarning: [m[K  when initialized here [[01;35m[K]8;;https://gcc.gnu.org/onlinedocs/gcc/Warning-Options.html#index-Wreorder-Wreorder]8;;[m[K]
  105 | [01;35m[KFormHau[m[K::FormHau(
      | [01;35m[K^~~~~~~[m[K
[01m[K/home/hoapham/ros2_ws/src/gui/src/ExecutePage.cpp:119:5:[m[K [01;31m[Kerror: [m[Kâ€˜[01m[Kforce_subscription_[m[Kâ€™ was not declared in this scope; did you mean â€˜[01m[Kjoint_subscription_[m[Kâ€™?
  119 |     [01;31m[Kforce_subscription_[m[K = node->create_subscription<std_msgs::msg::Int64>(
      |     [01;31m[K^~~~~~~~~~~~~~~~~~~[m[K
      |     [32m[Kjoint_subscription_[m[K
[01m[K/home/hoapham/ros2_ws/src/gui/src/ExecutePage.cpp:119:68:[m[K [01;31m[Kerror: [m[Kâ€˜[01m[KInt64[m[Kâ€™ is not a member of â€˜[01m[Kstd_msgs::msg[m[Kâ€™
  119 |  force_subscription_ = node->create_subscription<std_msgs::msg::[01;31m[KInt64[m[K>(
      |                                                                 [01;31m[K^~~~~[m[K

[01m[K/home/hoapham/ros2_ws/src/gui/src/ExecutePage.cpp:121:25:[m[K [01;31m[Kerror: [m[Kâ€˜[01m[Ktopic_callback_Force[m[Kâ€™ is not a member of â€˜[01m[KFormHau[m[Kâ€™
  121 |     std::bind(&FormHau::[01;31m[Ktopic_callback_Force[m[K, this, std::placeholders::_1));
      |                         [01;31m[K^~~~~~~~~~~~~~~~~~~~[m[K
[01m[K/home/hoapham/ros2_ws/src/gui/src/ExecutePage.cpp:123:5:[m[K [01;31m[Kerror: [m[Kâ€˜[01m[Ktorque_subscription_[m[Kâ€™ was not declared in this scope; did you mean â€˜[01m[Kjoint_subscription_[m[Kâ€™?
  123 |     [01;31m[Ktorque_subscription_[m[K = node->create_subscription<std_msgs::msg::Int64>(
      |     [01;31m[K^~~~~~~~~~~~~~~~~~~~[m[K
      |     [32m[Kjoint_subscription_[m[K
[01m[K/home/hoapham/ros2_ws/src/gui/src/ExecutePage.cpp:123:69:[m[K [01;31m[Kerror: [m[Kâ€˜[01m[KInt64[m[Kâ€™ is not a member of â€˜[01m[Kstd_msgs::msg[m[Kâ€™
  123 | torque_subscription_ = node->create_subscription<std_msgs::msg::[01;31m[KInt64[m[K>(
      |                                                                 [01;31m[K^~~~~[m[K

[01m[K/home/hoapham/ros2_ws/src/gui/src/ExecutePage.cpp:125:25:[m[K [01;31m[Kerror: [m[Kâ€˜[01m[Ktopic_callback_Torque[m[Kâ€™ is not a member of â€˜[01m[KFormHau[m[Kâ€™
  125 |     std::bind(&FormHau::[01;31m[Ktopic_callback_Torque[m[K, this, std::placeholders::_1));
      |                         [01;31m[K^~~~~~~~~~~~~~~~~~~~~[m[K
[01m[K/home/hoapham/ros2_ws/src/gui/src/ExecutePage.cpp:127:5:[m[K [01;31m[Kerror: [m[Kâ€˜[01m[Kspindle_subscription_[m[Kâ€™ was not declared in this scope; did you mean â€˜[01m[Kjoint_subscription_[m[Kâ€™?
  127 |     [01;31m[Kspindle_subscription_[m[K = node->create_subscription<std_msgs::msg::Int64>(
      |     [01;31m[K^~~~~~~~~~~~~~~~~~~~~[m[K
      |     [32m[Kjoint_subscription_[m[K
[01m[K/home/hoapham/ros2_ws/src/gui/src/ExecutePage.cpp:127:70:[m[K [01;31m[Kerror: [m[Kâ€˜[01m[KInt64[m[Kâ€™ is not a member of â€˜[01m[Kstd_msgs::msg[m[Kâ€™
  127 | pindle_subscription_ = node->create_subscription<std_msgs::msg::[01;31m[KInt64[m[K>(
      |                                                                 [01;31m[K^~~~~[m[K

[01m[K/home/hoapham/ros2_ws/src/gui/src/ExecutePage.cpp:129:25:[m[K [01;31m[Kerror: [m[Kâ€˜[01m[Ktopic_callback_Spindle[m[Kâ€™ is not a member of â€˜[01m[KFormHau[m[Kâ€™
  129 |     std::bind(&FormHau::[01;31m[Ktopic_callback_Spindle[m[K, this, std::placeholders::_1));
      |                         [01;31m[K^~~~~~~~~~~~~~~~~~~~~~[m[K
[01m[K/home/hoapham/ros2_ws/src/gui/src/ExecutePage.cpp:131:11:[m[K [01;31m[Kerror: [m[Kâ€˜[01m[Kclass FormHau[m[Kâ€™ has no member named â€˜[01m[Ktime_series_plot_Force[m[Kâ€™
  131 |     this->[01;31m[Ktime_series_plot_Force[m[K = new TimeSeriesPlot(this);
      |           [01;31m[K^~~~~~~~~~~~~~~~~~~~~~[m[K
[01m[K/home/hoapham/ros2_ws/src/gui/src/ExecutePage.cpp:131:40:[m[K [01;31m[Kerror: [m[Kexpected type-specifier before â€˜[01m[KTimeSeriesPlot[m[Kâ€™
  131 |     this->time_series_plot_Force = new [01;31m[KTimeSeriesPlot[m[K(this);
      |                                        [01;31m[K^~~~~~~~~~~~~~[m[K
[01m[K/home/hoapham/ros2_ws/src/gui/src/ExecutePage.cpp:132:11:[m[K [01;31m[Kerror: [m[Kâ€˜[01m[Kclass FormHau[m[Kâ€™ has no member named â€˜[01m[Ktime_series_plot_Force[m[Kâ€™
  132 |     this->[01;31m[Ktime_series_plot_Force[m[K->set_xTitle("Time");
      |           [01;31m[K^~~~~~~~~~~~~~~~~~~~~~[m[K
[01m[K/home/hoapham/ros2_ws/src/gui/src/ExecutePage.cpp:133:11:[m[K [01;31m[Kerror: [m[Kâ€˜[01m[Kclass FormHau[m[Kâ€™ has no member named â€˜[01m[Ktime_series_plot_Force[m[Kâ€™
  133 |     this->[01;31m[Ktime_series_plot_Force[m[K->set_yTitle("Force (N)");
      |           [01;31m[K^~~~~~~~~~~~~~~~~~~~~~[m[K
[01m[K/home/hoapham/ros2_ws/src/gui/src/ExecutePage.cpp:134:11:[m[K [01;31m[Kerror: [m[Kâ€˜[01m[Kclass FormHau[m[Kâ€™ has no member named â€˜[01m[Ktime_series_plot_Force[m[Kâ€™
  134 |     this->[01;31m[Ktime_series_plot_Force[m[K->set_Title("Force Time Series Plot");
      |           [01;31m[K^~~~~~~~~~~~~~~~~~~~~~[m[K
[01m[K/home/hoapham/ros2_ws/src/gui/src/ExecutePage.cpp:136:40:[m[K [01;31m[Kerror: [m[Kâ€˜[01m[Ktime_series_plot_Force[m[Kâ€™ was not declared in this scope
  136 |     ui->qwtPlot_1->layout()->addWidget([01;31m[Ktime_series_plot_Force[m[K);
      |                                        [01;31m[K^~~~~~~~~~~~~~~~~~~~~~[m[K
[01m[K/home/hoapham/ros2_ws/src/gui/src/ExecutePage.cpp:140:11:[m[K [01;31m[Kerror: [m[Kâ€˜[01m[Kclass FormHau[m[Kâ€™ has no member named â€˜[01m[Ktime_series_plot_Torque[m[Kâ€™
  140 |     this->[01;31m[Ktime_series_plot_Torque[m[K = new TimeSeriesPlot(this);
      |           [01;31m[K^~~~~~~~~~~~~~~~~~~~~~~[m[K
[01m[K/home/hoapham/ros2_ws/src/gui/src/ExecutePage.cpp:140:41:[m[K [01;31m[Kerror: [m[Kexpected type-specifier before â€˜[01m[KTimeSeriesPlot[m[Kâ€™
  140 |     this->time_series_plot_Torque = new [01;31m[KTimeSeriesPlot[m[K(this);
      |                                         [01;31m[K^~~~~~~~~~~~~~[m[K
[01m[K/home/hoapham/ros2_ws/src/gui/src/ExecutePage.cpp:141:11:[m[K [01;31m[Kerror: [m[Kâ€˜[01m[Kclass FormHau[m[Kâ€™ has no member named â€˜[01m[Ktime_series_plot_Torque[m[Kâ€™
  141 |     this->[01;31m[Ktime_series_plot_Torque[m[K->set_xTitle("Time");
      |           [01;31m[K^~~~~~~~~~~~~~~~~~~~~~~[m[K
[01m[K/home/hoapham/ros2_ws/src/gui/src/ExecutePage.cpp:142:11:[m[K [01;31m[Kerror: [m[Kâ€˜[01m[Kclass FormHau[m[Kâ€™ has no member named â€˜[01m[Ktime_series_plot_Torque[m[Kâ€™
  142 |     this->[01;31m[Ktime_series_plot_Torque[m[K->set_yTitle("Torque (Nm)");
      |           [01;31m[K^~~~~~~~~~~~~~~~~~~~~~~[m[K
[01m[K/home/hoapham/ros2_ws/src/gui/src/ExecutePage.cpp:143:11:[m[K [01;31m[Kerror: [m[Kâ€˜[01m[Kclass FormHau[m[Kâ€™ has no member named â€˜[01m[Ktime_series_plot_Torque[m[Kâ€™
  143 |     this->[01;31m[Ktime_series_plot_Torque[m[K->set_Title("Torque Time Series Plot");
      |           [01;31m[K^~~~~~~~~~~~~~~~~~~~~~~[m[K
[01m[K/home/hoapham/ros2_ws/src/gui/src/ExecutePage.cpp:145:40:[m[K [01;31m[Kerror: [m[Kâ€˜[01m[Ktime_series_plot_Torque[m[Kâ€™ was not declared in this scope
  145 |     ui->qwtPlot_2->layout()->addWidget([01;31m[Ktime_series_plot_Torque[m[K);
      |                                        [01;31m[K^~~~~~~~~~~~~~~~~~~~~~~[m[K
[01m[K/home/hoapham/ros2_ws/src/gui/src/ExecutePage.cpp:147:11:[m[K [01;31m[Kerror: [m[Kâ€˜[01m[Kclass FormHau[m[Kâ€™ has no member named â€˜[01m[Ktime_series_plot_Spindle[m[Kâ€™
  147 |     this->[01;31m[Ktime_series_plot_Spindle[m[K = new TimeSeriesPlot(this);
      |           [01;31m[K^~~~~~~~~~~~~~~~~~~~~~~~[m[K
[01m[K/home/hoapham/ros2_ws/src/gui/src/ExecutePage.cpp:147:42:[m[K [01;31m[Kerror: [m[Kexpected type-specifier before â€˜[01m[KTimeSeriesPlot[m[Kâ€™
  147 |     this->time_series_plot_Spindle = new [01;31m[KTimeSeriesPlot[m[K(this);
      |                                          [01;31m[K^~~~~~~~~~~~~~[m[K
[01m[K/home/hoapham/ros2_ws/src/gui/src/ExecutePage.cpp:148:11:[m[K [01;31m[Kerror: [m[Kâ€˜[01m[Kclass FormHau[m[Kâ€™ has no member named â€˜[01m[Ktime_series_plot_Spindle[m[Kâ€™
  148 |     this->[01;31m[Ktime_series_plot_Spindle[m[K->set_xTitle("Time");
      |           [01;31m[K^~~~~~~~~~~~~~~~~~~~~~~~[m[K
[01m[K/home/hoapham/ros2_ws/src/gui/src/ExecutePage.cpp:149:11:[m[K [01;31m[Kerror: [m[Kâ€˜[01m[Kclass FormHau[m[Kâ€™ has no member named â€˜[01m[Ktime_series_plot_Spindle[m[Kâ€™
  149 |     this->[01;31m[Ktime_series_plot_Spindle[m[K->set_yTitle("Spindle (RPM)");
      |           [01;31m[K^~~~~~~~~~~~~~~~~~~~~~~~[m[K
[01m[K/home/hoapham/ros2_ws/src/gui/src/ExecutePage.cpp:150:11:[m[K [01;31m[Kerror: [m[Kâ€˜[01m[Kclass FormHau[m[Kâ€™ has no member named â€˜[01m[Ktime_series_plot_Spindle[m[Kâ€™
  150 |     this->[01;31m[Ktime_series_plot_Spindle[m[K->set_Title("Spindle Time Series Plot");
      |           [01;31m[K^~~~~~~~~~~~~~~~~~~~~~~~[m[K
[01m[K/home/hoapham/ros2_ws/src/gui/src/ExecutePage.cpp:152:40:[m[K [01;31m[Kerror: [m[Kâ€˜[01m[Ktime_series_plot_Spindle[m[Kâ€™ was not declared in this scope
  152 |     ui->qwtPlot_3->layout()->addWidget([01;31m[Ktime_series_plot_Spindle[m[K);
      |                                        [01;31m[K^~~~~~~~~~~~~~~~~~~~~~~~[m[K
[01m[K/home/hoapham/ros2_ws/src/gui/src/ExecutePage.cpp:158:75:[m[K [01;31m[Kerror: [m[Kâ€˜[01m[Kstart_process[m[Kâ€™ is not a member of â€˜[01m[KFormHau[m[Kâ€™
  158 | ->start_process_btn, &QPushButton::clicked, this, &FormHau::[01;31m[Kstart_process[m[K);
      |                                                             [01;31m[K^~~~~~~~~~~~~[m[K

[01m[K/home/hoapham/ros2_ws/src/gui/src/ExecutePage.cpp:159:74:[m[K [01;31m[Kerror: [m[Kâ€˜[01m[Kstop_process[m[Kâ€™ is not a member of â€˜[01m[KFormHau[m[Kâ€™
  159 | i->stop_process_btn, &QPushButton::clicked, this, &FormHau::[01;31m[Kstop_process[m[K);
      |                                                             [01;31m[K^~~~~~~~~~~~[m[K

[01m[K/home/hoapham/ros2_ws/src/gui/src/ExecutePage.cpp:[m[K At global scope:
[01m[K/home/hoapham/ros2_ws/src/gui/src/ExecutePage.cpp:162:45:[m[K [01;31m[Kerror: [m[Kâ€˜[01m[Kgui_msgs[m[Kâ€™ was not declared in this scope
  162 | void FormHau::callback(const rclcpp::Client<[01;31m[Kgui_msgs[m[K::srv::AutoProcess>::SharedFuture result)
      |                                             [01;31m[K^~~~~~~~[m[K
[01m[K/home/hoapham/ros2_ws/src/gui/src/ExecutePage.cpp:162:71:[m[K [01;31m[Kerror: [m[Ktemplate argument 1 is invalid
  162 | au::callback(const rclcpp::Client<gui_msgs::srv::AutoProcess[01;31m[K>[m[K::SharedFuture result)
      |                                                             [01;31m[K^[m[K

[01m[K/home/hoapham/ros2_ws/src/gui/src/ExecutePage.cpp:162:45:[m[K [01;31m[Kerror: [m[Kâ€˜[01m[Kgui_msgs[m[Kâ€™ was not declared in this scope
  162 | void FormHau::callback(const rclcpp::Client<[01;31m[Kgui_msgs[m[K::srv::AutoProcess>::SharedFuture result)
      |                                             [01;31m[K^~~~~~~~[m[K
[01m[K/home/hoapham/ros2_ws/src/gui/src/ExecutePage.cpp:162:71:[m[K [01;31m[Kerror: [m[Ktemplate argument 1 is invalid
  162 | au::callback(const rclcpp::Client<gui_msgs::srv::AutoProcess[01;31m[K>[m[K::SharedFuture result)
      |                                                             [01;31m[K^[m[K

[01m[K/home/hoapham/ros2_ws/src/gui/src/ExecutePage.cpp:162:45:[m[K [01;31m[Kerror: [m[Kâ€˜[01m[Kgui_msgs[m[Kâ€™ was not declared in this scope
  162 | void FormHau::callback(const rclcpp::Client<[01;31m[Kgui_msgs[m[K::srv::AutoProcess>::SharedFuture result)
      |                                             [01;31m[K^~~~~~~~[m[K
[01m[K/home/hoapham/ros2_ws/src/gui/src/ExecutePage.cpp:162:71:[m[K [01;31m[Kerror: [m[Ktemplate argument 1 is invalid
  162 | au::callback(const rclcpp::Client<gui_msgs::srv::AutoProcess[01;31m[K>[m[K::SharedFuture result)
      |                                                             [01;31m[K^[m[K

[01m[K/home/hoapham/ros2_ws/src/gui/src/ExecutePage.cpp:162:30:[m[K [01;31m[Kerror: [m[Kinvalid template-id
  162 | void FormHau::callback(const [01;31m[Krclcpp[m[K::Client<gui_msgs::srv::AutoProcess>::SharedFuture result)
      |                              [01;31m[K^~~~~~[m[K
[01m[K/home/hoapham/ros2_ws/src/gui/src/ExecutePage.cpp:162:45:[m[K [01;31m[Kerror: [m[Kâ€˜[01m[Kgui_msgs[m[Kâ€™ was not declared in this scope
  162 | void FormHau::callback(const rclcpp::Client<[01;31m[Kgui_msgs[m[K::srv::AutoProcess>::SharedFuture result)
      |                                             [01;31m[K^~~~~~~~[m[K
[01m[K/home/hoapham/ros2_ws/src/gui/src/ExecutePage.cpp:162:6:[m[K [01;31m[Kerror: [m[Kvariable or field â€˜[01m[Kcallback[m[Kâ€™ declared void
  162 | void [01;31m[KFormHau[m[K::callback(const rclcpp::Client<gui_msgs::srv::AutoProcess>::SharedFuture result)
      |      [01;31m[K^~~~~~~[m[K
[01m[K/home/hoapham/ros2_ws/src/gui/src/ExecutePage.cpp:162:24:[m[K [01;31m[Kerror: [m[Kexpected primary-expression before â€˜[01m[Kconst[m[Kâ€™
  162 | void FormHau::callback([01;31m[Kconst[m[K rclcpp::Client<gui_msgs::srv::AutoProcess>::SharedFuture result)
      |                        [01;31m[K^~~~~[m[K
[01m[K/home/hoapham/ros2_ws/src/gui/src/ExecutePage.cpp:169:6:[m[K [01;31m[Kerror: [m[Kno declaration matches â€˜[01m[Kvoid FormHau::start_process()[m[Kâ€™
  169 | void [01;31m[KFormHau[m[K::start_process()
      |      [01;31m[K^~~~~~~[m[K
[01m[K/home/hoapham/ros2_ws/src/gui/src/ExecutePage.cpp:169:6:[m[K [01;36m[Knote: [m[Kno functions named â€˜[01m[Kvoid FormHau::start_process()[m[Kâ€™
In file included from [01m[K/home/hoapham/ros2_ws/src/gui/src/ExecutePage.cpp:1[m[K:
[01m[K/home/hoapham/ros2_ws/src/gui/include/gui/ExecutePage.h:30:7:[m[K [01;36m[Knote: [m[Kâ€˜[01m[Kclass FormHau[m[Kâ€™ defined here
   30 | class [01;36m[KFormHau[m[K : public QMainWindow
      |       [01;36m[K^~~~~~~[m[K
[01m[K/home/hoapham/ros2_ws/src/gui/src/ExecutePage.cpp:192:6:[m[K [01;31m[Kerror: [m[Kno declaration matches â€˜[01m[Kvoid FormHau::stop_process()[m[Kâ€™
  192 | void [01;31m[KFormHau[m[K::stop_process()
      |      [01;31m[K^~~~~~~[m[K
[01m[K/home/hoapham/ros2_ws/src/gui/src/ExecutePage.cpp:192:6:[m[K [01;36m[Knote: [m[Kno functions named â€˜[01m[Kvoid FormHau::stop_process()[m[Kâ€™
In file included from [01m[K/home/hoapham/ros2_ws/src/gui/src/ExecutePage.cpp:1[m[K:
[01m[K/home/hoapham/ros2_ws/src/gui/include/gui/ExecutePage.h:30:7:[m[K [01;36m[Knote: [m[Kâ€˜[01m[Kclass FormHau[m[Kâ€™ defined here
   30 | class [01;36m[KFormHau[m[K : public QMainWindow
      |       [01;36m[K^~~~~~~[m[K
[01m[K/home/hoapham/ros2_ws/src/gui/src/ExecutePage.cpp:[m[K In member function â€˜[01m[Kvoid FormHau::spin_once()[m[Kâ€™:
[01m[K/home/hoapham/ros2_ws/src/gui/src/ExecutePage.cpp:207:15:[m[K [01;31m[Kerror: [m[Kâ€˜[01m[Kclass FormHau[m[Kâ€™ has no member named â€˜[01m[Ktime_series_plot_Force[m[Kâ€™
  207 |         this->[01;31m[Ktime_series_plot_Force[m[K->refreshPlot();
      |               [01;31m[K^~~~~~~~~~~~~~~~~~~~~~[m[K
[01m[K/home/hoapham/ros2_ws/src/gui/src/ExecutePage.cpp:208:15:[m[K [01;31m[Kerror: [m[Kâ€˜[01m[Kclass FormHau[m[Kâ€™ has no member named â€˜[01m[Ktime_series_plot_Torque[m[Kâ€™
  208 |         this->[01;31m[Ktime_series_plot_Torque[m[K->refreshPlot();
      |               [01;31m[K^~~~~~~~~~~~~~~~~~~~~~~[m[K
[01m[K/home/hoapham/ros2_ws/src/gui/src/ExecutePage.cpp:209:15:[m[K [01;31m[Kerror: [m[Kâ€˜[01m[Kclass FormHau[m[Kâ€™ has no member named â€˜[01m[Ktime_series_plot_Spindle[m[Kâ€™
  209 |         this->[01;31m[Ktime_series_plot_Spindle[m[K->refreshPlot();
      |               [01;31m[K^~~~~~~~~~~~~~~~~~~~~~~~[m[K
[01m[K/home/hoapham/ros2_ws/src/gui/src/ExecutePage.cpp:[m[K At global scope:
[01m[K/home/hoapham/ros2_ws/src/gui/src/ExecutePage.cpp:222:57:[m[K [01;31m[Kerror: [m[Kâ€˜[01m[KInt64[m[Kâ€™ in namespace â€˜[01m[Kstd_msgs::msg[m[Kâ€™ does not name a type
  222 | void FormHau::topic_callback_Force(const std_msgs::msg::[01;31m[KInt64[m[K::SharedPtr msg)
      |                                                         [01;31m[K^~~~~[m[K
[01m[K/home/hoapham/ros2_ws/src/gui/src/ExecutePage.cpp:222:74:[m[K [01;31m[Kerror: [m[Kexpected unqualified-id before â€˜[01m[Kmsg[m[Kâ€™
  222 | ormHau::topic_callback_Force(const std_msgs::msg::Int64::SharedPtr [01;31m[Kmsg[m[K)
      |                                                                    [01;31m[K^~~[m[K

[01m[K/home/hoapham/ros2_ws/src/gui/src/ExecutePage.cpp:222:73:[m[K [01;31m[Kerror: [m[Kexpected â€˜[01m[K)[m[Kâ€™ before â€˜[01m[Kmsg[m[Kâ€™
  222 | ormHau::topic_callback_Force[34m[K([m[Kconst std_msgs::msg::Int64::SharedPtr[01;31m[K [m[K[32m[Kmsg[m[K)
      |                             [34m[K~[m[K                                     [01;31m[K^[m[K[32m[K~~~[m[K
      |                                                                   [32m[K)[m[K
[01m[K/home/hoapham/ros2_ws/src/gui/src/ExecutePage.cpp:222:74:[m[K [01;31m[Kerror: [m[Kexpected initializer before â€˜[01m[Kmsg[m[Kâ€™
  222 | ormHau::topic_callback_Force(const std_msgs::msg::Int64::SharedPtr [01;31m[Kmsg[m[K)
      |                                                                    [01;31m[K^~~[m[K

[01m[K/home/hoapham/ros2_ws/src/gui/src/ExecutePage.cpp:228:58:[m[K [01;31m[Kerror: [m[Kâ€˜[01m[KInt64[m[Kâ€™ in namespace â€˜[01m[Kstd_msgs::msg[m[Kâ€™ does not name a type
  228 | void FormHau::topic_callback_Torque(const std_msgs::msg::[01;31m[KInt64[m[K::SharedPtr msg)
      |                                                          [01;31m[K^~~~~[m[K
[01m[K/home/hoapham/ros2_ws/src/gui/src/ExecutePage.cpp:228:75:[m[K [01;31m[Kerror: [m[Kexpected unqualified-id before â€˜[01m[Kmsg[m[Kâ€™
  228 | rmHau::topic_callback_Torque(const std_msgs::msg::Int64::SharedPtr [01;31m[Kmsg[m[K)
      |                                                                    [01;31m[K^~~[m[K

[01m[K/home/hoapham/ros2_ws/src/gui/src/ExecutePage.cpp:228:74:[m[K [01;31m[Kerror: [m[Kexpected â€˜[01m[K)[m[Kâ€™ before â€˜[01m[Kmsg[m[Kâ€™
  228 | rmHau::topic_callback_Torque[34m[K([m[Kconst std_msgs::msg::Int64::SharedPtr[01;31m[K [m[K[32m[Kmsg[m[K)
      |                             [34m[K~[m[K                                     [01;31m[K^[m[K[32m[K~~~[m[K
      |                                                                   [32m[K)[m[K
[01m[K/home/hoapham/ros2_ws/src/gui/src/ExecutePage.cpp:228:75:[m[K [01;31m[Kerror: [m[Kexpected initializer before â€˜[01m[Kmsg[m[Kâ€™
  228 | rmHau::topic_callback_Torque(const std_msgs::msg::Int64::SharedPtr [01;31m[Kmsg[m[K)
      |                                                                    [01;31m[K^~~[m[K

[01m[K/home/hoapham/ros2_ws/src/gui/src/ExecutePage.cpp:233:59:[m[K [01;31m[Kerror: [m[Kâ€˜[01m[KInt64[m[Kâ€™ in namespace â€˜[01m[Kstd_msgs::msg[m[Kâ€™ does not name a type
  233 | void FormHau::topic_callback_Spindle(const std_msgs::msg::[01;31m[KInt64[m[K::SharedPtr msg)
      |                                                           [01;31m[K^~~~~[m[K
[01m[K/home/hoapham/ros2_ws/src/gui/src/ExecutePage.cpp:233:76:[m[K [01;31m[Kerror: [m[Kexpected unqualified-id before â€˜[01m[Kmsg[m[Kâ€™
  233 | mHau::topic_callback_Spindle(const std_msgs::msg::Int64::SharedPtr [01;31m[Kmsg[m[K)
      |                                                                    [01;31m[K^~~[m[K

[01m[K/home/hoapham/ros2_ws/src/gui/src/ExecutePage.cpp:233:75:[m[K [01;31m[Kerror: [m[Kexpected â€˜[01m[K)[m[Kâ€™ before â€˜[01m[Kmsg[m[Kâ€™
  233 | mHau::topic_callback_Spindle[34m[K([m[Kconst std_msgs::msg::Int64::SharedPtr[01;31m[K [m[K[32m[Kmsg[m[K)
      |                             [34m[K~[m[K                                     [01;31m[K^[m[K[32m[K~~~[m[K
      |                                                                   [32m[K)[m[K
[01m[K/home/hoapham/ros2_ws/src/gui/src/ExecutePage.cpp:233:76:[m[K [01;31m[Kerror: [m[Kexpected initializer before â€˜[01m[Kmsg[m[Kâ€™
  233 | mHau::topic_callback_Spindle(const std_msgs::msg::Int64::SharedPtr [01;31m[Kmsg[m[K)
      |                                                                    [01;31m[K^~~[m[K

gmake[2]: *** [CMakeFiles/gui.dir/build.make:160: CMakeFiles/gui.dir/src/ExecutePage.cpp.o] Error 1
gmake[1]: *** [CMakeFiles/Makefile2:138: CMakeFiles/gui.dir/all] Error 2
gmake: *** [Makefile:146: all] Error 2
