[0.012s] Invoking command in '/home/hoapham/ros2_ws/build/gui': CMAKE_PREFIX_PATH=/opt/ros/humble /usr/bin/cmake --build /home/hoapham/ros2_ws/build/gui -- -j16 -l16
[0.087s] [ 11%] [34m[1mAutomatic MOC and UIC for target gui[0m
[0.140s] [ 11%] Built target gui_autogen
[0.189s] [ 22%] [32mBuilding CXX object CMakeFiles/gui.dir/src/ExecutePage.cpp.o[0m
[3.309s] [01m[K/home/hoapham/ros2_ws/src/gui/src/ExecutePage.cpp:26:1:[m[K [01;31m[Kerror: [m[Kâ€˜[01m[KTimeSeriesPlot[m[Kâ€™ does not name a type
[3.309s]    26 | [01;31m[KTimeSeriesPlot[m[K::TimeSeriesPlot(QWidget *parent)
[3.309s]       | [01;31m[K^~~~~~~~~~~~~~[m[K
[3.311s] [01m[K/home/hoapham/ros2_ws/src/gui/src/ExecutePage.cpp:59:1:[m[K [01;31m[Kerror: [m[Kâ€˜[01m[KTimeSeriesPlot[m[Kâ€™ does not name a type
[3.311s]    59 | [01;31m[KTimeSeriesPlot[m[K::~TimeSeriesPlot()
[3.311s]       | [01;31m[K^~~~~~~~~~~~~~[m[K
[3.311s] [01m[K/home/hoapham/ros2_ws/src/gui/src/ExecutePage.cpp:65:6:[m[K [01;31m[Kerror: [m[Kâ€˜[01m[KTimeSeriesPlot[m[Kâ€™ has not been declared
[3.312s]    65 | void [01;31m[KTimeSeriesPlot[m[K::reset()
[3.312s]       |      [01;31m[K^~~~~~~~~~~~~~[m[K
[3.316s] [01m[K/home/hoapham/ros2_ws/src/gui/src/ExecutePage.cpp:[m[K In function â€˜[01m[Kvoid reset()[m[Kâ€™:
[3.316s] [01m[K/home/hoapham/ros2_ws/src/gui/src/ExecutePage.cpp:68:33:[m[K [01;31m[Kerror: [m[Kâ€˜[01m[KplotDataSize[m[Kâ€™ was not declared in this scope
[3.316s]    68 |     for (int index = 0; index < [01;31m[KplotDataSize[m[K; ++index) {
[3.316s]       |                                 [01;31m[K^~~~~~~~~~~~[m[K
[3.318s] [01m[K/home/hoapham/ros2_ws/src/gui/src/ExecutePage.cpp:69:9:[m[K [01;31m[Kerror: [m[Kâ€˜[01m[KxData[m[Kâ€™ was not declared in this scope
[3.319s]    69 |         [01;31m[KxData[m[K[index] = index;
[3.319s]       |         [01;31m[K^~~~~[m[K
[3.321s] [01m[K/home/hoapham/ros2_ws/src/gui/src/ExecutePage.cpp:70:9:[m[K [01;31m[Kerror: [m[Kâ€˜[01m[KyData[m[Kâ€™ was not declared in this scope
[3.321s]    70 |         [01;31m[KyData[m[K[index] = 0;
[3.321s]       |         [01;31m[K^~~~~[m[K
[3.321s] [01m[K/home/hoapham/ros2_ws/src/gui/src/ExecutePage.cpp:[m[K At global scope:
[3.321s] [01m[K/home/hoapham/ros2_ws/src/gui/src/ExecutePage.cpp:74:6:[m[K [01;31m[Kerror: [m[Kâ€˜[01m[KTimeSeriesPlot[m[Kâ€™ has not been declared
[3.321s]    74 | void [01;31m[KTimeSeriesPlot[m[K::append_graph(double inVal)
[3.321s]       |      [01;31m[K^~~~~~~~~~~~~~[m[K
[3.323s] [01m[K/home/hoapham/ros2_ws/src/gui/src/ExecutePage.cpp:[m[K In function â€˜[01m[Kvoid append_graph(double)[m[Kâ€™:
[3.323s] [01m[K/home/hoapham/ros2_ws/src/gui/src/ExecutePage.cpp:76:5:[m[K [01;31m[Kerror: [m[Kâ€˜[01m[Kmtx[m[Kâ€™ was not declared in this scope
[3.323s]    76 |     [01;31m[Kmtx[m[K.lock();
[3.323s]       |     [01;31m[K^~~[m[K
[3.325s] [01m[K/home/hoapham/ros2_ws/src/gui/src/ExecutePage.cpp:77:15:[m[K [01;31m[Kerror: [m[Kâ€˜[01m[KyData[m[Kâ€™ was not declared in this scope
[3.325s]    77 |     std::move([01;31m[KyData[m[K, yData + plotDataSize - 1, yData + 1);
[3.325s]       |               [01;31m[K^~~~~[m[K
[3.328s] [01m[K/home/hoapham/ros2_ws/src/gui/src/ExecutePage.cpp:77:30:[m[K [01;31m[Kerror: [m[Kâ€˜[01m[KplotDataSize[m[Kâ€™ was not declared in this scope
[3.328s]    77 |     std::move(yData, yData + [01;31m[KplotDataSize[m[K - 1, yData + 1);
[3.328s]       |                              [01;31m[K^~~~~~~~~~~~[m[K
[3.328s] [01m[K/home/hoapham/ros2_ws/src/gui/src/ExecutePage.cpp:[m[K At global scope:
[3.328s] [01m[K/home/hoapham/ros2_ws/src/gui/src/ExecutePage.cpp:82:6:[m[K [01;31m[Kerror: [m[Kâ€˜[01m[KTimeSeriesPlot[m[Kâ€™ has not been declared
[3.328s]    82 | void [01;31m[KTimeSeriesPlot[m[K::refreshPlot()
[3.328s]       |      [01;31m[K^~~~~~~~~~~~~~[m[K
[3.330s] [01m[K/home/hoapham/ros2_ws/src/gui/src/ExecutePage.cpp:[m[K In function â€˜[01m[Kvoid refreshPlot()[m[Kâ€™:
[3.330s] [01m[K/home/hoapham/ros2_ws/src/gui/src/ExecutePage.cpp:84:5:[m[K [01;31m[Kerror: [m[Kâ€˜[01m[Kmtx[m[Kâ€™ was not declared in this scope
[3.330s]    84 |     [01;31m[Kmtx[m[K.lock();
[3.330s]       |     [01;31m[K^~~[m[K
[3.333s] [01m[K/home/hoapham/ros2_ws/src/gui/src/ExecutePage.cpp:85:5:[m[K [01;31m[Kerror: [m[Kâ€˜[01m[Kcurve[m[Kâ€™ was not declared in this scope
[3.333s]    85 |     [01;31m[Kcurve[m[K->setSamples(xData, yData, plotDataSize);
[3.333s]       |     [01;31m[K^~~~~[m[K
[3.335s] [01m[K/home/hoapham/ros2_ws/src/gui/src/ExecutePage.cpp:85:23:[m[K [01;31m[Kerror: [m[Kâ€˜[01m[KxData[m[Kâ€™ was not declared in this scope
[3.335s]    85 |     curve->setSamples([01;31m[KxData[m[K, yData, plotDataSize);
[3.335s]       |                       [01;31m[K^~~~~[m[K
[3.337s] [01m[K/home/hoapham/ros2_ws/src/gui/src/ExecutePage.cpp:85:30:[m[K [01;31m[Kerror: [m[Kâ€˜[01m[KyData[m[Kâ€™ was not declared in this scope
[3.337s]    85 |     curve->setSamples(xData, [01;31m[KyData[m[K, plotDataSize);
[3.337s]       |                              [01;31m[K^~~~~[m[K
[3.343s] [01m[K/home/hoapham/ros2_ws/src/gui/src/ExecutePage.cpp:85:37:[m[K [01;31m[Kerror: [m[Kâ€˜[01m[KplotDataSize[m[Kâ€™ was not declared in this scope
[3.343s]    85 |     curve->setSamples(xData, yData, [01;31m[KplotDataSize[m[K);
[3.343s]       |                                     [01;31m[K^~~~~~~~~~~~[m[K
[3.346s] [01m[K/home/hoapham/ros2_ws/src/gui/src/ExecutePage.cpp:87:5:[m[K [01;31m[Kerror: [m[Kâ€˜[01m[Kplot[m[Kâ€™ was not declared in this scope
[3.346s]    87 |     [01;31m[Kplot[m[K->replot();
[3.346s]       |     [01;31m[K^~~~[m[K
[3.346s] [01m[K/home/hoapham/ros2_ws/src/gui/src/ExecutePage.cpp:[m[K At global scope:
[3.346s] [01m[K/home/hoapham/ros2_ws/src/gui/src/ExecutePage.cpp:90:6:[m[K [01;31m[Kerror: [m[Kâ€˜[01m[KTimeSeriesPlot[m[Kâ€™ has not been declared
[3.346s]    90 | void [01;31m[KTimeSeriesPlot[m[K::set_xTitle(const QString &title)
[3.346s]       |      [01;31m[K^~~~~~~~~~~~~~[m[K
[3.349s] [01m[K/home/hoapham/ros2_ws/src/gui/src/ExecutePage.cpp:[m[K In function â€˜[01m[Kvoid set_xTitle(const QString&)[m[Kâ€™:
[3.349s] [01m[K/home/hoapham/ros2_ws/src/gui/src/ExecutePage.cpp:92:5:[m[K [01;31m[Kerror: [m[Kâ€˜[01m[Kplot[m[Kâ€™ was not declared in this scope
[3.349s]    92 |     [01;31m[Kplot[m[K->setAxisTitle(QwtPlot::xBottom, title);
[3.349s]       |     [01;31m[K^~~~[m[K
[3.349s] [01m[K/home/hoapham/ros2_ws/src/gui/src/ExecutePage.cpp:[m[K At global scope:
[3.349s] [01m[K/home/hoapham/ros2_ws/src/gui/src/ExecutePage.cpp:94:6:[m[K [01;31m[Kerror: [m[Kâ€˜[01m[KTimeSeriesPlot[m[Kâ€™ has not been declared
[3.349s]    94 | void [01;31m[KTimeSeriesPlot[m[K::set_yTitle(const QString &title)
[3.349s]       |      [01;31m[K^~~~~~~~~~~~~~[m[K
[3.351s] [01m[K/home/hoapham/ros2_ws/src/gui/src/ExecutePage.cpp:[m[K In function â€˜[01m[Kvoid set_yTitle(const QString&)[m[Kâ€™:
[3.351s] [01m[K/home/hoapham/ros2_ws/src/gui/src/ExecutePage.cpp:96:5:[m[K [01;31m[Kerror: [m[Kâ€˜[01m[Kplot[m[Kâ€™ was not declared in this scope
[3.351s]    96 |     [01;31m[Kplot[m[K->setAxisTitle(QwtPlot::yLeft, title);
[3.351s]       |     [01;31m[K^~~~[m[K
[3.351s] [01m[K/home/hoapham/ros2_ws/src/gui/src/ExecutePage.cpp:[m[K At global scope:
[3.351s] [01m[K/home/hoapham/ros2_ws/src/gui/src/ExecutePage.cpp:98:6:[m[K [01;31m[Kerror: [m[Kâ€˜[01m[KTimeSeriesPlot[m[Kâ€™ has not been declared
[3.352s]    98 | void [01;31m[KTimeSeriesPlot[m[K::set_Title(const QString &title)
[3.352s]       |      [01;31m[K^~~~~~~~~~~~~~[m[K
[3.354s] [01m[K/home/hoapham/ros2_ws/src/gui/src/ExecutePage.cpp:[m[K In function â€˜[01m[Kvoid set_Title(const QString&)[m[Kâ€™:
[3.354s] [01m[K/home/hoapham/ros2_ws/src/gui/src/ExecutePage.cpp:100:5:[m[K [01;31m[Kerror: [m[Kâ€˜[01m[Kplot[m[Kâ€™ was not declared in this scope
[3.354s]   100 |     [01;31m[Kplot[m[K->setTitle(title);
[3.354s]       |     [01;31m[K^~~~[m[K
[3.355s] In file included from [01m[K/home/hoapham/ros2_ws/src/gui/src/ExecutePage.cpp:1[m[K:
[3.355s] [01m[K/home/hoapham/ros2_ws/src/gui/include/gui/ExecutePage.h:[m[K In constructor â€˜[01m[KFormHau::FormHau(QApplication*, rviz_common::ros_integration::RosNodeAbstractionIface::WeakPtr, QWidget*, QWidget*)[m[Kâ€™:
[3.355s] [01m[K/home/hoapham/ros2_ws/src/gui/include/gui/ExecutePage.h:51:14:[m[K [01;35m[Kwarning: [m[Kâ€˜[01m[KFormHau::rviz_widget[m[Kâ€™ will be initialized after [[01;35m[K]8;;https://gcc.gnu.org/onlinedocs/gcc/Warning-Options.html#index-Wreorder-Wreorder]8;;[m[K]
[3.355s]    51 |     QWidget* [01;35m[Krviz_widget[m[K = nullptr;
[3.355s]       |              [01;35m[K^~~~~~~~~~~[m[K
[3.355s] [01m[K/home/hoapham/ros2_ws/src/gui/src/ExecutePage.cpp:111:25:[m[K [01;35m[Kwarning: [m[K  base â€˜[01m[KQMainWindow[m[Kâ€™ [[01;35m[K]8;;https://gcc.gnu.org/onlinedocs/gcc/Warning-Options.html#index-Wreorder-Wreorder]8;;[m[K]
[3.355s]   111 |     , ui(new Ui::FormHau[01;35m[K)[m[K
[3.355s]       |                         [01;35m[K^[m[K
[3.355s] [01m[K/home/hoapham/ros2_ws/src/gui/src/ExecutePage.cpp:105:1:[m[K [01;35m[Kwarning: [m[K  when initialized here [[01;35m[K]8;;https://gcc.gnu.org/onlinedocs/gcc/Warning-Options.html#index-Wreorder-Wreorder]8;;[m[K]
[3.355s]   105 | [01;35m[KFormHau[m[K::FormHau(
[3.355s]       | [01;35m[K^~~~~~~[m[K
[3.364s] [01m[K/home/hoapham/ros2_ws/src/gui/src/ExecutePage.cpp:119:5:[m[K [01;31m[Kerror: [m[Kâ€˜[01m[Kforce_subscription_[m[Kâ€™ was not declared in this scope; did you mean â€˜[01m[Kjoint_subscription_[m[Kâ€™?
[3.365s]   119 |     [01;31m[Kforce_subscription_[m[K = node->create_subscription<std_msgs::msg::Int64>(
[3.365s]       |     [01;31m[K^~~~~~~~~~~~~~~~~~~[m[K
[3.365s]       |     [32m[Kjoint_subscription_[m[K
[3.365s] [01m[K/home/hoapham/ros2_ws/src/gui/src/ExecutePage.cpp:119:68:[m[K [01;31m[Kerror: [m[Kâ€˜[01m[KInt64[m[Kâ€™ is not a member of â€˜[01m[Kstd_msgs::msg[m[Kâ€™
[3.365s]   119 |  force_subscription_ = node->create_subscription<std_msgs::msg::[01;31m[KInt64[m[K>(
[3.365s]       |                                                                 [01;31m[K^~~~~[m[K
[3.365s] 
[3.365s] [01m[K/home/hoapham/ros2_ws/src/gui/src/ExecutePage.cpp:121:25:[m[K [01;31m[Kerror: [m[Kâ€˜[01m[Ktopic_callback_Force[m[Kâ€™ is not a member of â€˜[01m[KFormHau[m[Kâ€™
[3.366s]   121 |     std::bind(&FormHau::[01;31m[Ktopic_callback_Force[m[K, this, std::placeholders::_1));
[3.366s]       |                         [01;31m[K^~~~~~~~~~~~~~~~~~~~[m[K
[3.371s] [01m[K/home/hoapham/ros2_ws/src/gui/src/ExecutePage.cpp:123:5:[m[K [01;31m[Kerror: [m[Kâ€˜[01m[Ktorque_subscription_[m[Kâ€™ was not declared in this scope; did you mean â€˜[01m[Kjoint_subscription_[m[Kâ€™?
[3.371s]   123 |     [01;31m[Ktorque_subscription_[m[K = node->create_subscription<std_msgs::msg::Int64>(
[3.371s]       |     [01;31m[K^~~~~~~~~~~~~~~~~~~~[m[K
[3.371s]       |     [32m[Kjoint_subscription_[m[K
[3.371s] [01m[K/home/hoapham/ros2_ws/src/gui/src/ExecutePage.cpp:123:69:[m[K [01;31m[Kerror: [m[Kâ€˜[01m[KInt64[m[Kâ€™ is not a member of â€˜[01m[Kstd_msgs::msg[m[Kâ€™
[3.371s]   123 | torque_subscription_ = node->create_subscription<std_msgs::msg::[01;31m[KInt64[m[K>(
[3.372s]       |                                                                 [01;31m[K^~~~~[m[K
[3.372s] 
[3.372s] [01m[K/home/hoapham/ros2_ws/src/gui/src/ExecutePage.cpp:125:25:[m[K [01;31m[Kerror: [m[Kâ€˜[01m[Ktopic_callback_Torque[m[Kâ€™ is not a member of â€˜[01m[KFormHau[m[Kâ€™
[3.372s]   125 |     std::bind(&FormHau::[01;31m[Ktopic_callback_Torque[m[K, this, std::placeholders::_1));
[3.372s]       |                         [01;31m[K^~~~~~~~~~~~~~~~~~~~~[m[K
[3.377s] [01m[K/home/hoapham/ros2_ws/src/gui/src/ExecutePage.cpp:127:5:[m[K [01;31m[Kerror: [m[Kâ€˜[01m[Kspindle_subscription_[m[Kâ€™ was not declared in this scope; did you mean â€˜[01m[Kjoint_subscription_[m[Kâ€™?
[3.377s]   127 |     [01;31m[Kspindle_subscription_[m[K = node->create_subscription<std_msgs::msg::Int64>(
[3.377s]       |     [01;31m[K^~~~~~~~~~~~~~~~~~~~~[m[K
[3.377s]       |     [32m[Kjoint_subscription_[m[K
[3.377s] [01m[K/home/hoapham/ros2_ws/src/gui/src/ExecutePage.cpp:127:70:[m[K [01;31m[Kerror: [m[Kâ€˜[01m[KInt64[m[Kâ€™ is not a member of â€˜[01m[Kstd_msgs::msg[m[Kâ€™
[3.377s]   127 | pindle_subscription_ = node->create_subscription<std_msgs::msg::[01;31m[KInt64[m[K>(
[3.378s]       |                                                                 [01;31m[K^~~~~[m[K
[3.378s] 
[3.378s] [01m[K/home/hoapham/ros2_ws/src/gui/src/ExecutePage.cpp:129:25:[m[K [01;31m[Kerror: [m[Kâ€˜[01m[Ktopic_callback_Spindle[m[Kâ€™ is not a member of â€˜[01m[KFormHau[m[Kâ€™
[3.378s]   129 |     std::bind(&FormHau::[01;31m[Ktopic_callback_Spindle[m[K, this, std::placeholders::_1));
[3.378s]       |                         [01;31m[K^~~~~~~~~~~~~~~~~~~~~~[m[K
[3.378s] [01m[K/home/hoapham/ros2_ws/src/gui/src/ExecutePage.cpp:131:11:[m[K [01;31m[Kerror: [m[Kâ€˜[01m[Kclass FormHau[m[Kâ€™ has no member named â€˜[01m[Ktime_series_plot_Force[m[Kâ€™
[3.378s]   131 |     this->[01;31m[Ktime_series_plot_Force[m[K = new TimeSeriesPlot(this);
[3.378s]       |           [01;31m[K^~~~~~~~~~~~~~~~~~~~~~[m[K
[3.378s] [01m[K/home/hoapham/ros2_ws/src/gui/src/ExecutePage.cpp:131:40:[m[K [01;31m[Kerror: [m[Kexpected type-specifier before â€˜[01m[KTimeSeriesPlot[m[Kâ€™
[3.378s]   131 |     this->time_series_plot_Force = new [01;31m[KTimeSeriesPlot[m[K(this);
[3.378s]       |                                        [01;31m[K^~~~~~~~~~~~~~[m[K
[3.378s] [01m[K/home/hoapham/ros2_ws/src/gui/src/ExecutePage.cpp:132:11:[m[K [01;31m[Kerror: [m[Kâ€˜[01m[Kclass FormHau[m[Kâ€™ has no member named â€˜[01m[Ktime_series_plot_Force[m[Kâ€™
[3.378s]   132 |     this->[01;31m[Ktime_series_plot_Force[m[K->set_xTitle("Time");
[3.378s]       |           [01;31m[K^~~~~~~~~~~~~~~~~~~~~~[m[K
[3.378s] [01m[K/home/hoapham/ros2_ws/src/gui/src/ExecutePage.cpp:133:11:[m[K [01;31m[Kerror: [m[Kâ€˜[01m[Kclass FormHau[m[Kâ€™ has no member named â€˜[01m[Ktime_series_plot_Force[m[Kâ€™
[3.378s]   133 |     this->[01;31m[Ktime_series_plot_Force[m[K->set_yTitle("Force (N)");
[3.378s]       |           [01;31m[K^~~~~~~~~~~~~~~~~~~~~~[m[K
[3.378s] [01m[K/home/hoapham/ros2_ws/src/gui/src/ExecutePage.cpp:134:11:[m[K [01;31m[Kerror: [m[Kâ€˜[01m[Kclass FormHau[m[Kâ€™ has no member named â€˜[01m[Ktime_series_plot_Force[m[Kâ€™
[3.378s]   134 |     this->[01;31m[Ktime_series_plot_Force[m[K->set_Title("Force Time Series Plot");
[3.378s]       |           [01;31m[K^~~~~~~~~~~~~~~~~~~~~~[m[K
[3.386s] [01m[K/home/hoapham/ros2_ws/src/gui/src/ExecutePage.cpp:136:40:[m[K [01;31m[Kerror: [m[Kâ€˜[01m[Ktime_series_plot_Force[m[Kâ€™ was not declared in this scope
[3.386s]   136 |     ui->qwtPlot_1->layout()->addWidget([01;31m[Ktime_series_plot_Force[m[K);
[3.386s]       |                                        [01;31m[K^~~~~~~~~~~~~~~~~~~~~~[m[K
[3.386s] [01m[K/home/hoapham/ros2_ws/src/gui/src/ExecutePage.cpp:140:11:[m[K [01;31m[Kerror: [m[Kâ€˜[01m[Kclass FormHau[m[Kâ€™ has no member named â€˜[01m[Ktime_series_plot_Torque[m[Kâ€™
[3.386s]   140 |     this->[01;31m[Ktime_series_plot_Torque[m[K = new TimeSeriesPlot(this);
[3.386s]       |           [01;31m[K^~~~~~~~~~~~~~~~~~~~~~~[m[K
[3.386s] [01m[K/home/hoapham/ros2_ws/src/gui/src/ExecutePage.cpp:140:41:[m[K [01;31m[Kerror: [m[Kexpected type-specifier before â€˜[01m[KTimeSeriesPlot[m[Kâ€™
[3.387s]   140 |     this->time_series_plot_Torque = new [01;31m[KTimeSeriesPlot[m[K(this);
[3.387s]       |                                         [01;31m[K^~~~~~~~~~~~~~[m[K
[3.387s] [01m[K/home/hoapham/ros2_ws/src/gui/src/ExecutePage.cpp:141:11:[m[K [01;31m[Kerror: [m[Kâ€˜[01m[Kclass FormHau[m[Kâ€™ has no member named â€˜[01m[Ktime_series_plot_Torque[m[Kâ€™
[3.387s]   141 |     this->[01;31m[Ktime_series_plot_Torque[m[K->set_xTitle("Time");
[3.387s]       |           [01;31m[K^~~~~~~~~~~~~~~~~~~~~~~[m[K
[3.387s] [01m[K/home/hoapham/ros2_ws/src/gui/src/ExecutePage.cpp:142:11:[m[K [01;31m[Kerror: [m[Kâ€˜[01m[Kclass FormHau[m[Kâ€™ has no member named â€˜[01m[Ktime_series_plot_Torque[m[Kâ€™
[3.387s]   142 |     this->[01;31m[Ktime_series_plot_Torque[m[K->set_yTitle("Torque (Nm)");
[3.387s]       |           [01;31m[K^~~~~~~~~~~~~~~~~~~~~~~[m[K
[3.387s] [01m[K/home/hoapham/ros2_ws/src/gui/src/ExecutePage.cpp:143:11:[m[K [01;31m[Kerror: [m[Kâ€˜[01m[Kclass FormHau[m[Kâ€™ has no member named â€˜[01m[Ktime_series_plot_Torque[m[Kâ€™
[3.387s]   143 |     this->[01;31m[Ktime_series_plot_Torque[m[K->set_Title("Torque Time Series Plot");
[3.387s]       |           [01;31m[K^~~~~~~~~~~~~~~~~~~~~~~[m[K
[3.394s] [01m[K/home/hoapham/ros2_ws/src/gui/src/ExecutePage.cpp:145:40:[m[K [01;31m[Kerror: [m[Kâ€˜[01m[Ktime_series_plot_Torque[m[Kâ€™ was not declared in this scope
[3.395s]   145 |     ui->qwtPlot_2->layout()->addWidget([01;31m[Ktime_series_plot_Torque[m[K);
[3.395s]       |                                        [01;31m[K^~~~~~~~~~~~~~~~~~~~~~~[m[K
[3.395s] [01m[K/home/hoapham/ros2_ws/src/gui/src/ExecutePage.cpp:147:11:[m[K [01;31m[Kerror: [m[Kâ€˜[01m[Kclass FormHau[m[Kâ€™ has no member named â€˜[01m[Ktime_series_plot_Spindle[m[Kâ€™
[3.395s]   147 |     this->[01;31m[Ktime_series_plot_Spindle[m[K = new TimeSeriesPlot(this);
[3.395s]       |           [01;31m[K^~~~~~~~~~~~~~~~~~~~~~~~[m[K
[3.395s] [01m[K/home/hoapham/ros2_ws/src/gui/src/ExecutePage.cpp:147:42:[m[K [01;31m[Kerror: [m[Kexpected type-specifier before â€˜[01m[KTimeSeriesPlot[m[Kâ€™
[3.395s]   147 |     this->time_series_plot_Spindle = new [01;31m[KTimeSeriesPlot[m[K(this);
[3.395s]       |                                          [01;31m[K^~~~~~~~~~~~~~[m[K
[3.395s] [01m[K/home/hoapham/ros2_ws/src/gui/src/ExecutePage.cpp:148:11:[m[K [01;31m[Kerror: [m[Kâ€˜[01m[Kclass FormHau[m[Kâ€™ has no member named â€˜[01m[Ktime_series_plot_Spindle[m[Kâ€™
[3.396s]   148 |     this->[01;31m[Ktime_series_plot_Spindle[m[K->set_xTitle("Time");
[3.396s]       |           [01;31m[K^~~~~~~~~~~~~~~~~~~~~~~~[m[K
[3.396s] [01m[K/home/hoapham/ros2_ws/src/gui/src/ExecutePage.cpp:149:11:[m[K [01;31m[Kerror: [m[Kâ€˜[01m[Kclass FormHau[m[Kâ€™ has no member named â€˜[01m[Ktime_series_plot_Spindle[m[Kâ€™
[3.396s]   149 |     this->[01;31m[Ktime_series_plot_Spindle[m[K->set_yTitle("Spindle (RPM)");
[3.396s]       |           [01;31m[K^~~~~~~~~~~~~~~~~~~~~~~~[m[K
[3.396s] [01m[K/home/hoapham/ros2_ws/src/gui/src/ExecutePage.cpp:150:11:[m[K [01;31m[Kerror: [m[Kâ€˜[01m[Kclass FormHau[m[Kâ€™ has no member named â€˜[01m[Ktime_series_plot_Spindle[m[Kâ€™
[3.396s]   150 |     this->[01;31m[Ktime_series_plot_Spindle[m[K->set_Title("Spindle Time Series Plot");
[3.396s]       |           [01;31m[K^~~~~~~~~~~~~~~~~~~~~~~~[m[K
[3.403s] [01m[K/home/hoapham/ros2_ws/src/gui/src/ExecutePage.cpp:152:40:[m[K [01;31m[Kerror: [m[Kâ€˜[01m[Ktime_series_plot_Spindle[m[Kâ€™ was not declared in this scope
[3.404s]   152 |     ui->qwtPlot_3->layout()->addWidget([01;31m[Ktime_series_plot_Spindle[m[K);
[3.404s]       |                                        [01;31m[K^~~~~~~~~~~~~~~~~~~~~~~~[m[K
[3.404s] [01m[K/home/hoapham/ros2_ws/src/gui/src/ExecutePage.cpp:158:75:[m[K [01;31m[Kerror: [m[Kâ€˜[01m[Kstart_process[m[Kâ€™ is not a member of â€˜[01m[KFormHau[m[Kâ€™
[3.404s]   158 | ->start_process_btn, &QPushButton::clicked, this, &FormHau::[01;31m[Kstart_process[m[K);
[3.404s]       |                                                             [01;31m[K^~~~~~~~~~~~~[m[K
[3.404s] 
[3.404s] [01m[K/home/hoapham/ros2_ws/src/gui/src/ExecutePage.cpp:159:74:[m[K [01;31m[Kerror: [m[Kâ€˜[01m[Kstop_process[m[Kâ€™ is not a member of â€˜[01m[KFormHau[m[Kâ€™
[3.404s]   159 | i->stop_process_btn, &QPushButton::clicked, this, &FormHau::[01;31m[Kstop_process[m[K);
[3.404s]       |                                                             [01;31m[K^~~~~~~~~~~~[m[K
[3.404s] 
[3.410s] [01m[K/home/hoapham/ros2_ws/src/gui/src/ExecutePage.cpp:[m[K At global scope:
[3.410s] [01m[K/home/hoapham/ros2_ws/src/gui/src/ExecutePage.cpp:162:45:[m[K [01;31m[Kerror: [m[Kâ€˜[01m[Kgui_msgs[m[Kâ€™ was not declared in this scope
[3.410s]   162 | void FormHau::callback(const rclcpp::Client<[01;31m[Kgui_msgs[m[K::srv::AutoProcess>::SharedFuture result)
[3.410s]       |                                             [01;31m[K^~~~~~~~[m[K
[3.411s] [01m[K/home/hoapham/ros2_ws/src/gui/src/ExecutePage.cpp:162:71:[m[K [01;31m[Kerror: [m[Ktemplate argument 1 is invalid
[3.411s]   162 | au::callback(const rclcpp::Client<gui_msgs::srv::AutoProcess[01;31m[K>[m[K::SharedFuture result)
[3.411s]       |                                                             [01;31m[K^[m[K
[3.411s] 
[3.414s] [01m[K/home/hoapham/ros2_ws/src/gui/src/ExecutePage.cpp:162:45:[m[K [01;31m[Kerror: [m[Kâ€˜[01m[Kgui_msgs[m[Kâ€™ was not declared in this scope
[3.414s]   162 | void FormHau::callback(const rclcpp::Client<[01;31m[Kgui_msgs[m[K::srv::AutoProcess>::SharedFuture result)
[3.414s]       |                                             [01;31m[K^~~~~~~~[m[K
[3.414s] [01m[K/home/hoapham/ros2_ws/src/gui/src/ExecutePage.cpp:162:71:[m[K [01;31m[Kerror: [m[Ktemplate argument 1 is invalid
[3.415s]   162 | au::callback(const rclcpp::Client<gui_msgs::srv::AutoProcess[01;31m[K>[m[K::SharedFuture result)
[3.415s]       |                                                             [01;31m[K^[m[K
[3.415s] 
[3.418s] [01m[K/home/hoapham/ros2_ws/src/gui/src/ExecutePage.cpp:162:45:[m[K [01;31m[Kerror: [m[Kâ€˜[01m[Kgui_msgs[m[Kâ€™ was not declared in this scope
[3.418s]   162 | void FormHau::callback(const rclcpp::Client<[01;31m[Kgui_msgs[m[K::srv::AutoProcess>::SharedFuture result)
[3.418s]       |                                             [01;31m[K^~~~~~~~[m[K
[3.418s] [01m[K/home/hoapham/ros2_ws/src/gui/src/ExecutePage.cpp:162:71:[m[K [01;31m[Kerror: [m[Ktemplate argument 1 is invalid
[3.418s]   162 | au::callback(const rclcpp::Client<gui_msgs::srv::AutoProcess[01;31m[K>[m[K::SharedFuture result)
[3.418s]       |                                                             [01;31m[K^[m[K
[3.419s] 
[3.419s] [01m[K/home/hoapham/ros2_ws/src/gui/src/ExecutePage.cpp:162:30:[m[K [01;31m[Kerror: [m[Kinvalid template-id
[3.419s]   162 | void FormHau::callback(const [01;31m[Krclcpp[m[K::Client<gui_msgs::srv::AutoProcess>::SharedFuture result)
[3.419s]       |                              [01;31m[K^~~~~~[m[K
[3.422s] [01m[K/home/hoapham/ros2_ws/src/gui/src/ExecutePage.cpp:162:45:[m[K [01;31m[Kerror: [m[Kâ€˜[01m[Kgui_msgs[m[Kâ€™ was not declared in this scope
[3.422s]   162 | void FormHau::callback(const rclcpp::Client<[01;31m[Kgui_msgs[m[K::srv::AutoProcess>::SharedFuture result)
[3.422s]       |                                             [01;31m[K^~~~~~~~[m[K
[3.422s] [01m[K/home/hoapham/ros2_ws/src/gui/src/ExecutePage.cpp:162:6:[m[K [01;31m[Kerror: [m[Kvariable or field â€˜[01m[Kcallback[m[Kâ€™ declared void
[3.422s]   162 | void [01;31m[KFormHau[m[K::callback(const rclcpp::Client<gui_msgs::srv::AutoProcess>::SharedFuture result)
[3.422s]       |      [01;31m[K^~~~~~~[m[K
[3.422s] [01m[K/home/hoapham/ros2_ws/src/gui/src/ExecutePage.cpp:162:24:[m[K [01;31m[Kerror: [m[Kexpected primary-expression before â€˜[01m[Kconst[m[Kâ€™
[3.423s]   162 | void FormHau::callback([01;31m[Kconst[m[K rclcpp::Client<gui_msgs::srv::AutoProcess>::SharedFuture result)
[3.423s]       |                        [01;31m[K^~~~~[m[K
[3.423s] [01m[K/home/hoapham/ros2_ws/src/gui/src/ExecutePage.cpp:169:6:[m[K [01;31m[Kerror: [m[Kno declaration matches â€˜[01m[Kvoid FormHau::start_process()[m[Kâ€™
[3.423s]   169 | void [01;31m[KFormHau[m[K::start_process()
[3.423s]       |      [01;31m[K^~~~~~~[m[K
[3.423s] [01m[K/home/hoapham/ros2_ws/src/gui/src/ExecutePage.cpp:169:6:[m[K [01;36m[Knote: [m[Kno functions named â€˜[01m[Kvoid FormHau::start_process()[m[Kâ€™
[3.423s] In file included from [01m[K/home/hoapham/ros2_ws/src/gui/src/ExecutePage.cpp:1[m[K:
[3.423s] [01m[K/home/hoapham/ros2_ws/src/gui/include/gui/ExecutePage.h:30:7:[m[K [01;36m[Knote: [m[Kâ€˜[01m[Kclass FormHau[m[Kâ€™ defined here
[3.423s]    30 | class [01;36m[KFormHau[m[K : public QMainWindow
[3.423s]       |       [01;36m[K^~~~~~~[m[K
[3.423s] [01m[K/home/hoapham/ros2_ws/src/gui/src/ExecutePage.cpp:192:6:[m[K [01;31m[Kerror: [m[Kno declaration matches â€˜[01m[Kvoid FormHau::stop_process()[m[Kâ€™
[3.424s]   192 | void [01;31m[KFormHau[m[K::stop_process()
[3.424s]       |      [01;31m[K^~~~~~~[m[K
[3.424s] [01m[K/home/hoapham/ros2_ws/src/gui/src/ExecutePage.cpp:192:6:[m[K [01;36m[Knote: [m[Kno functions named â€˜[01m[Kvoid FormHau::stop_process()[m[Kâ€™
[3.424s] In file included from [01m[K/home/hoapham/ros2_ws/src/gui/src/ExecutePage.cpp:1[m[K:
[3.424s] [01m[K/home/hoapham/ros2_ws/src/gui/include/gui/ExecutePage.h:30:7:[m[K [01;36m[Knote: [m[Kâ€˜[01m[Kclass FormHau[m[Kâ€™ defined here
[3.424s]    30 | class [01;36m[KFormHau[m[K : public QMainWindow
[3.424s]       |       [01;36m[K^~~~~~~[m[K
[3.424s] [01m[K/home/hoapham/ros2_ws/src/gui/src/ExecutePage.cpp:[m[K In member function â€˜[01m[Kvoid FormHau::spin_once()[m[Kâ€™:
[3.424s] [01m[K/home/hoapham/ros2_ws/src/gui/src/ExecutePage.cpp:207:15:[m[K [01;31m[Kerror: [m[Kâ€˜[01m[Kclass FormHau[m[Kâ€™ has no member named â€˜[01m[Ktime_series_plot_Force[m[Kâ€™
[3.424s]   207 |         this->[01;31m[Ktime_series_plot_Force[m[K->refreshPlot();
[3.424s]       |               [01;31m[K^~~~~~~~~~~~~~~~~~~~~~[m[K
[3.424s] [01m[K/home/hoapham/ros2_ws/src/gui/src/ExecutePage.cpp:208:15:[m[K [01;31m[Kerror: [m[Kâ€˜[01m[Kclass FormHau[m[Kâ€™ has no member named â€˜[01m[Ktime_series_plot_Torque[m[Kâ€™
[3.424s]   208 |         this->[01;31m[Ktime_series_plot_Torque[m[K->refreshPlot();
[3.424s]       |               [01;31m[K^~~~~~~~~~~~~~~~~~~~~~~[m[K
[3.424s] [01m[K/home/hoapham/ros2_ws/src/gui/src/ExecutePage.cpp:209:15:[m[K [01;31m[Kerror: [m[Kâ€˜[01m[Kclass FormHau[m[Kâ€™ has no member named â€˜[01m[Ktime_series_plot_Spindle[m[Kâ€™
[3.424s]   209 |         this->[01;31m[Ktime_series_plot_Spindle[m[K->refreshPlot();
[3.424s]       |               [01;31m[K^~~~~~~~~~~~~~~~~~~~~~~~[m[K
[3.424s] [01m[K/home/hoapham/ros2_ws/src/gui/src/ExecutePage.cpp:[m[K At global scope:
[3.424s] [01m[K/home/hoapham/ros2_ws/src/gui/src/ExecutePage.cpp:222:57:[m[K [01;31m[Kerror: [m[Kâ€˜[01m[KInt64[m[Kâ€™ in namespace â€˜[01m[Kstd_msgs::msg[m[Kâ€™ does not name a type
[3.424s]   222 | void FormHau::topic_callback_Force(const std_msgs::msg::[01;31m[KInt64[m[K::SharedPtr msg)
[3.424s]       |                                                         [01;31m[K^~~~~[m[K
[3.424s] [01m[K/home/hoapham/ros2_ws/src/gui/src/ExecutePage.cpp:222:74:[m[K [01;31m[Kerror: [m[Kexpected unqualified-id before â€˜[01m[Kmsg[m[Kâ€™
[3.424s]   222 | ormHau::topic_callback_Force(const std_msgs::msg::Int64::SharedPtr [01;31m[Kmsg[m[K)
[3.424s]       |                                                                    [01;31m[K^~~[m[K
[3.424s] 
[3.424s] [01m[K/home/hoapham/ros2_ws/src/gui/src/ExecutePage.cpp:222:73:[m[K [01;31m[Kerror: [m[Kexpected â€˜[01m[K)[m[Kâ€™ before â€˜[01m[Kmsg[m[Kâ€™
[3.424s]   222 | ormHau::topic_callback_Force[34m[K([m[Kconst std_msgs::msg::Int64::SharedPtr[01;31m[K [m[K[32m[Kmsg[m[K)
[3.424s]       |                             [34m[K~[m[K                                     [01;31m[K^[m[K[32m[K~~~[m[K
[3.424s]       |                                                                   [32m[K)[m[K
[3.424s] [01m[K/home/hoapham/ros2_ws/src/gui/src/ExecutePage.cpp:222:74:[m[K [01;31m[Kerror: [m[Kexpected initializer before â€˜[01m[Kmsg[m[Kâ€™
[3.424s]   222 | ormHau::topic_callback_Force(const std_msgs::msg::Int64::SharedPtr [01;31m[Kmsg[m[K)
[3.424s]       |                                                                    [01;31m[K^~~[m[K
[3.424s] 
[3.424s] [01m[K/home/hoapham/ros2_ws/src/gui/src/ExecutePage.cpp:228:58:[m[K [01;31m[Kerror: [m[Kâ€˜[01m[KInt64[m[Kâ€™ in namespace â€˜[01m[Kstd_msgs::msg[m[Kâ€™ does not name a type
[3.425s]   228 | void FormHau::topic_callback_Torque(const std_msgs::msg::[01;31m[KInt64[m[K::SharedPtr msg)
[3.425s]       |                                                          [01;31m[K^~~~~[m[K
[3.425s] [01m[K/home/hoapham/ros2_ws/src/gui/src/ExecutePage.cpp:228:75:[m[K [01;31m[Kerror: [m[Kexpected unqualified-id before â€˜[01m[Kmsg[m[Kâ€™
[3.425s]   228 | rmHau::topic_callback_Torque(const std_msgs::msg::Int64::SharedPtr [01;31m[Kmsg[m[K)
[3.425s]       |                                                                    [01;31m[K^~~[m[K
[3.425s] 
[3.425s] [01m[K/home/hoapham/ros2_ws/src/gui/src/ExecutePage.cpp:228:74:[m[K [01;31m[Kerror: [m[Kexpected â€˜[01m[K)[m[Kâ€™ before â€˜[01m[Kmsg[m[Kâ€™
[3.425s]   228 | rmHau::topic_callback_Torque[34m[K([m[Kconst std_msgs::msg::Int64::SharedPtr[01;31m[K [m[K[32m[Kmsg[m[K)
[3.425s]       |                             [34m[K~[m[K                                     [01;31m[K^[m[K[32m[K~~~[m[K
[3.425s]       |                                                                   [32m[K)[m[K
[3.425s] [01m[K/home/hoapham/ros2_ws/src/gui/src/ExecutePage.cpp:228:75:[m[K [01;31m[Kerror: [m[Kexpected initializer before â€˜[01m[Kmsg[m[Kâ€™
[3.425s]   228 | rmHau::topic_callback_Torque(const std_msgs::msg::Int64::SharedPtr [01;31m[Kmsg[m[K)
[3.425s]       |                                                                    [01;31m[K^~~[m[K
[3.425s] 
[3.425s] [01m[K/home/hoapham/ros2_ws/src/gui/src/ExecutePage.cpp:233:59:[m[K [01;31m[Kerror: [m[Kâ€˜[01m[KInt64[m[Kâ€™ in namespace â€˜[01m[Kstd_msgs::msg[m[Kâ€™ does not name a type
[3.425s]   233 | void FormHau::topic_callback_Spindle(const std_msgs::msg::[01;31m[KInt64[m[K::SharedPtr msg)
[3.425s]       |                                                           [01;31m[K^~~~~[m[K
[3.425s] [01m[K/home/hoapham/ros2_ws/src/gui/src/ExecutePage.cpp:233:76:[m[K [01;31m[Kerror: [m[Kexpected unqualified-id before â€˜[01m[Kmsg[m[Kâ€™
[3.425s]   233 | mHau::topic_callback_Spindle(const std_msgs::msg::Int64::SharedPtr [01;31m[Kmsg[m[K)
[3.425s]       |                                                                    [01;31m[K^~~[m[K
[3.425s] 
[3.425s] [01m[K/home/hoapham/ros2_ws/src/gui/src/ExecutePage.cpp:233:75:[m[K [01;31m[Kerror: [m[Kexpected â€˜[01m[K)[m[Kâ€™ before â€˜[01m[Kmsg[m[Kâ€™
[3.425s]   233 | mHau::topic_callback_Spindle[34m[K([m[Kconst std_msgs::msg::Int64::SharedPtr[01;31m[K [m[K[32m[Kmsg[m[K)
[3.425s]       |                             [34m[K~[m[K                                     [01;31m[K^[m[K[32m[K~~~[m[K
[3.425s]       |                                                                   [32m[K)[m[K
[3.425s] [01m[K/home/hoapham/ros2_ws/src/gui/src/ExecutePage.cpp:233:76:[m[K [01;31m[Kerror: [m[Kexpected initializer before â€˜[01m[Kmsg[m[Kâ€™
[3.425s]   233 | mHau::topic_callback_Spindle(const std_msgs::msg::Int64::SharedPtr [01;31m[Kmsg[m[K)
[3.425s]       |                                                                    [01;31m[K^~~[m[K
[3.425s] 
[4.059s] gmake[2]: *** [CMakeFiles/gui.dir/build.make:160: CMakeFiles/gui.dir/src/ExecutePage.cpp.o] Error 1
[4.059s] gmake[1]: *** [CMakeFiles/Makefile2:138: CMakeFiles/gui.dir/all] Error 2
[4.059s] gmake: *** [Makefile:146: all] Error 2
[4.061s] Invoked command in '/home/hoapham/ros2_ws/build/gui' returned '2': CMAKE_PREFIX_PATH=/opt/ros/humble /usr/bin/cmake --build /home/hoapham/ros2_ws/build/gui -- -j16 -l16
