[0.010s] Invoking command in '/home/hoapham/ros2_ws/build/gui': CMAKE_PREFIX_PATH=${CMAKE_PREFIX_PATH}:/opt/ros/humble /usr/bin/cmake --build /home/hoapham/ros2_ws/build/gui -- -j16 -l16
[0.045s] -- Found ament_cmake: 1.3.11 (/opt/ros/humble/share/ament_cmake/cmake)
[0.124s] -- Found rclcpp: 16.0.12 (/opt/ros/humble/share/rclcpp/cmake)
[0.138s] -- Found rosidl_generator_c: 3.1.6 (/opt/ros/humble/share/rosidl_generator_c/cmake)
[0.139s] -- Found rosidl_adapter: 3.1.6 (/opt/ros/humble/share/rosidl_adapter/cmake)
[0.142s] -- Found rosidl_generator_cpp: 3.1.6 (/opt/ros/humble/share/rosidl_generator_cpp/cmake)
[0.148s] -- Using all available rosidl_typesupport_c: rosidl_typesupport_fastrtps_c;rosidl_typesupport_introspection_c
[0.155s] -- Using all available rosidl_typesupport_cpp: rosidl_typesupport_fastrtps_cpp;rosidl_typesupport_introspection_cpp
[0.172s] -- Found rmw_implementation_cmake: 6.1.2 (/opt/ros/humble/share/rmw_implementation_cmake/cmake)
[0.173s] -- Found rmw_cyclonedds_cpp: 1.3.4 (/opt/ros/humble/share/rmw_cyclonedds_cpp/cmake)
[0.183s] -- Using RMW implementation 'rmw_cyclonedds_cpp' as default
[0.209s] -- Found example_interfaces: 0.9.3 (/opt/ros/humble/share/example_interfaces/cmake)
[0.230s] -- Found action_tutorials_interfaces: 0.20.5 (/opt/ros/humble/share/action_tutorials_interfaces/cmake)
[0.237s] -- Found rclcpp_action: 16.0.12 (/opt/ros/humble/share/rclcpp_action/cmake)
[0.241s] -- Found geometry_msgs: 4.8.0 (/opt/ros/humble/share/geometry_msgs/cmake)
[0.248s] -- Found rviz_default_plugins: 11.2.16 (/opt/ros/humble/share/rviz_default_plugins/cmake)
[0.338s] -- library: /usr/lib/x86_64-linux-gnu/libcurl.so
[0.340s] -- Setting assimp_DIR to: '/opt/ros/humble/share/rviz_assimp_vendor/cmake/../../../opt/rviz_assimp_vendor/lib/cmake/assimp-4.1'
[0.343s] -- Setting OGRE_DIR to: '/opt/ros/humble/share/rviz_ogre_vendor/cmake/../../../opt/rviz_ogre_vendor/lib/OGRE/cmake'
[0.344s] -- Found OGRE
[0.344s] --   static     : OFF
[0.344s] --   components : HLMS;MeshLodGenerator;Overlay;Paging;Property;RTShaderSystem;Terrain;Volume
[0.344s] --   plugins    : Plugin_BSPSceneManager;Plugin_OctreeSceneManager;Plugin_PCZSceneManager;Plugin_ParticleFX;RenderSystem_GL;RenderSystem_GL3Plus;Codec_STBI
[0.344s] --   media      : /opt/ros/humble/opt/rviz_ogre_vendor/share/OGRE/Media
[0.345s] -- OGRE_LIBRARIES: OgreHLMS;OgreMeshLodGenerator;OgreOverlay;OgrePaging;OgreProperty;OgreRTShaderSystem;OgreTerrain;OgreVolume;OgreMain
[0.345s] -- OGRE_LIBRARY_DIRS: /opt/ros/humble/opt/rviz_ogre_vendor/lib
[0.345s] -- OGRE_PLUGINS: Plugin_BSPSceneManager;Plugin_OctreeSceneManager;Plugin_PCZSceneManager;Plugin_ParticleFX;RenderSystem_GL;RenderSystem_GL3Plus;Codec_STBI
[0.345s] -- OGRE_PLUGIN_DIR: /opt/ros/humble/opt/rviz_ogre_vendor/lib/OGRE
[0.345s] -- rviz_ogre_vendor::OgreOverlay for IMPORTED_LOCATION_RELEASE: /opt/ros/humble/opt/rviz_ogre_vendor/lib/libOgreOverlay.so
[0.345s] -- rviz_ogre_vendor::OgreOverlay for IMPORTED_LOCATION_DEBUG: /opt/ros/humble/opt/rviz_ogre_vendor/lib/libOgreOverlay.so
[0.345s] -- rviz_ogre_vendor::OgreMain for IMPORTED_LOCATION_RELEASE: /opt/ros/humble/opt/rviz_ogre_vendor/lib/libOgreMain.so
[0.345s] -- rviz_ogre_vendor::OgreMain for IMPORTED_LOCATION_DEBUG: /opt/ros/humble/opt/rviz_ogre_vendor/lib/libOgreMain.so
[0.378s] -- Ensuring Eigen3 include directory is part of orocos-kdl CMake target
[0.412s] -- Found gui_msgs: 1.1.0 (/home/hoapham/ros2_ws/install/gui_msgs/share/gui_msgs/cmake)
[0.423s] -- Found std_srvs: 4.8.0 (/opt/ros/humble/share/std_srvs/cmake)
[0.435s] -- Found ament_lint_auto: 0.12.12 (/opt/ros/humble/share/ament_lint_auto/cmake)
[0.481s] -- Added test 'copyright' to check source files copyright and LICENSE
[0.483s] -- Added test 'cppcheck' to perform static code analysis on C / C++ code
[0.483s] -- Configured cppcheck include dirs: /home/hoapham/ros2_ws/src/gui/include
[0.483s] -- Configured cppcheck exclude dirs and/or files: 
[0.484s] -- Added test 'cpplint' to check C / C++ code against the Google style
[0.484s] -- Configured cpplint exclude dirs and/or files: 
[0.484s] -- Added test 'flake8' to check Python code syntax and style conventions
[0.484s] -- Added test 'lint_cmake' to check CMake code style
[0.485s] -- Added test 'pep257' to check Python code against some of the docstring style conventions in PEP 257
[0.486s] -- Added test 'uncrustify' to check C / C++ code style
[0.486s] -- Configured uncrustify additional arguments: 
[0.486s] -- Added test 'xmllint' to check XML markup files
[0.487s] -- Configuring done
[0.519s] -- Generating done
[0.523s] -- Build files have been written to: /home/hoapham/ros2_ws/build/gui
[0.560s] [ 11%] [34m[1mAutomatic MOC and UIC for target gui[0m
[0.586s] [ 11%] Built target gui_autogen
[0.602s] [35m[1mConsolidate compiler generated dependencies of target gui[0m
[0.644s] [ 33%] [32mBuilding CXX object CMakeFiles/gui.dir/src/main.cpp.o[0m
[0.645s] [ 33%] [32mBuilding CXX object CMakeFiles/gui.dir/gui_autogen/mocs_compilation.cpp.o[0m
[0.645s] [ 55%] [32mBuilding CXX object CMakeFiles/gui.dir/src/hello_gui.cpp.o[0m
[0.645s] [ 55%] [32mBuilding CXX object CMakeFiles/gui.dir/src/ExecutePage.cpp.o[0m
[0.645s] [ 66%] [32mBuilding CXX object CMakeFiles/gui.dir/src/preparation.cpp.o[0m
[1.017s] In file included from [01m[K/home/hoapham/ros2_ws/build/gui/gui_autogen/BMPI5EA7AM/moc_ExecutePage.cpp:10[m[K,
[1.017s]                  from [01m[K/home/hoapham/ros2_ws/build/gui/gui_autogen/mocs_compilation.cpp:2[m[K:
[1.017s] [01m[K/home/hoapham/ros2_ws/build/gui/gui_autogen/BMPI5EA7AM/../../../../src/gui/include/gui/ExecutePage.h:15:10:[m[K [01;31m[Kfatal error: [m[Kqwt_plot.h: No such file or directory
[1.017s]    15 | #include [01;31m[K<qwt_plot.h>[m[K
[1.017s]       |          [01;31m[K^~~~~~~~~~~~[m[K
[1.017s] compilation terminated.
[1.018s] In file included from [01m[K/home/hoapham/ros2_ws/src/gui/src/ExecutePage.cpp:1[m[K:
[1.018s] [01m[K/home/hoapham/ros2_ws/src/gui/include/gui/ExecutePage.h:15:10:[m[K [01;31m[Kfatal error: [m[Kqwt_plot.h: No such file or directory
[1.018s]    15 | #include [01;31m[K<qwt_plot.h>[m[K
[1.018s]       |          [01;31m[K^~~~~~~~~~~~[m[K
[1.018s] compilation terminated.
[1.022s] gmake[2]: *** [CMakeFiles/gui.dir/build.make:76: CMakeFiles/gui.dir/gui_autogen/mocs_compilation.cpp.o] Error 1
[1.022s] gmake[2]: *** Waiting for unfinished jobs....
[1.022s] gmake[2]: *** [CMakeFiles/gui.dir/build.make:160: CMakeFiles/gui.dir/src/ExecutePage.cpp.o] Error 1
[1.264s] In file included from [01m[K/home/hoapham/ros2_ws/src/gui/include/gui/hello_gui.h:32[m[K,
[1.264s]                  from [01m[K/home/hoapham/ros2_ws/src/gui/src/hello_gui.cpp:3[m[K:
[1.264s] [01m[K/home/hoapham/ros2_ws/src/gui/include/gui/ExecutePage.h:15:10:[m[K [01;31m[Kfatal error: [m[Kqwt_plot.h: No such file or directory
[1.264s]    15 | #include [01;31m[K<qwt_plot.h>[m[K
[1.264s]       |          [01;31m[K^~~~~~~~~~~~[m[K
[1.264s] compilation terminated.
[1.265s] In file included from [01m[K/home/hoapham/ros2_ws/src/gui/include/gui/hello_gui.h:32[m[K,
[1.265s]                  from [01m[K/home/hoapham/ros2_ws/src/gui/src/main.cpp:4[m[K:
[1.265s] [01m[K/home/hoapham/ros2_ws/src/gui/include/gui/ExecutePage.h:15:10:[m[K [01;31m[Kfatal error: [m[Kqwt_plot.h: No such file or directory
[1.265s]    15 | #include [01;31m[K<qwt_plot.h>[m[K
[1.265s]       |          [01;31m[K^~~~~~~~~~~~[m[K
[1.265s] compilation terminated.
[1.272s] gmake[2]: *** [CMakeFiles/gui.dir/build.make:104: CMakeFiles/gui.dir/src/hello_gui.cpp.o] Error 1
[1.272s] gmake[2]: *** [CMakeFiles/gui.dir/build.make:90: CMakeFiles/gui.dir/src/main.cpp.o] Error 1
[1.288s] In file included from [01m[K/home/hoapham/ros2_ws/src/gui/include/gui/hello_gui.h:32[m[K,
[1.288s]                  from [01m[K/home/hoapham/ros2_ws/src/gui/src/preparation.cpp:2[m[K:
[1.288s] [01m[K/home/hoapham/ros2_ws/src/gui/include/gui/ExecutePage.h:15:10:[m[K [01;31m[Kfatal error: [m[Kqwt_plot.h: No such file or directory
[1.288s]    15 | #include [01;31m[K<qwt_plot.h>[m[K
[1.288s]       |          [01;31m[K^~~~~~~~~~~~[m[K
[1.288s] compilation terminated.
[1.297s] gmake[2]: *** [CMakeFiles/gui.dir/build.make:146: CMakeFiles/gui.dir/src/preparation.cpp.o] Error 1
[1.298s] gmake[1]: *** [CMakeFiles/Makefile2:138: CMakeFiles/gui.dir/all] Error 2
[1.298s] gmake: *** [Makefile:146: all] Error 2
[1.300s] Invoked command in '/home/hoapham/ros2_ws/build/gui' returned '2': CMAKE_PREFIX_PATH=${CMAKE_PREFIX_PATH}:/opt/ros/humble /usr/bin/cmake --build /home/hoapham/ros2_ws/build/gui -- -j16 -l16
