[0.010s] Invoking command in '/home/hoapham/ros2_ws/build/gui': CMAKE_PREFIX_PATH=${CMAKE_PREFIX_PATH}:/opt/ros/humble /usr/bin/cmake --build /home/hoapham/ros2_ws/build/gui -- -j16 -l16
[0.065s] [ 11%] [34m[1mAutomatic MOC and UIC for target gui[0m
[0.093s] [ 11%] Built target gui_autogen
[0.140s] [ 44%] [32mBuilding CXX object CMakeFiles/gui.dir/src/main.cpp.o[0m
[0.140s] [ 44%] [32mBuilding CXX object CMakeFiles/gui.dir/src/hello_gui.cpp.o[0m
[0.140s] [ 44%] [32mBuilding CXX object CMakeFiles/gui.dir/gui_autogen/mocs_compilation.cpp.o[0m
[0.140s] [ 55%] [32mBuilding CXX object CMakeFiles/gui.dir/src/preparation.cpp.o[0m
[0.140s] [ 66%] [32mBuilding CXX object CMakeFiles/gui.dir/src/ExecutePage.cpp.o[0m
[0.639s] In file included from [01m[K/home/hoapham/ros2_ws/src/gui/src/ExecutePage.cpp:1[m[K:
[0.639s] [01m[K/home/hoapham/ros2_ws/src/gui/include/gui/ExecutePage.h:32:10:[m[K [01;31m[Kfatal error: [m[Kgui_msgs/msg/auto_process.hpp: No such file or directory
[0.639s]    32 | #include [01;31m[K"gui_msgs/msg/auto_process.hpp"[m[K
[0.639s]       |          [01;31m[K^~~~~~~~~~~~~~~~~~~~~~~~~~~~~~~[m[K
[0.639s] In file included from [01m[K/home/hoapham/ros2_ws/build/gui/gui_autogen/BMPI5EA7AM/moc_ExecutePage.cpp:10[m[K,
[0.639s]                  from [01m[K/home/hoapham/ros2_ws/build/gui/gui_autogen/mocs_compilation.cpp:2[m[K:
[0.639s] [01m[K/home/hoapham/ros2_ws/build/gui/gui_autogen/BMPI5EA7AM/../../../../src/gui/include/gui/ExecutePage.h:32:10:[m[K [01;31m[Kfatal error: [m[Kgui_msgs/msg/auto_process.hpp: No such file or directory
[0.640s]    32 | #include [01;31m[K"gui_msgs/msg/auto_process.hpp"[m[K
[0.640s]       |          [01;31m[K^~~~~~~~~~~~~~~~~~~~~~~~~~~~~~~[m[K
[0.640s] compilation terminated.
[0.640s] compilation terminated.
[0.647s] gmake[2]: *** [CMakeFiles/gui.dir/build.make:76: CMakeFiles/gui.dir/gui_autogen/mocs_compilation.cpp.o] Error 1
[0.647s] gmake[2]: *** Waiting for unfinished jobs....
[0.647s] gmake[2]: *** [CMakeFiles/gui.dir/build.make:160: CMakeFiles/gui.dir/src/ExecutePage.cpp.o] Error 1
[0.975s] In file included from [01m[K/home/hoapham/ros2_ws/src/gui/include/gui/hello_gui.h:34[m[K,
[0.975s]                  from [01m[K/home/hoapham/ros2_ws/src/gui/src/hello_gui.cpp:3[m[K:
[0.975s] [01m[K/home/hoapham/ros2_ws/src/gui/include/gui/ExecutePage.h:32:10:[m[K [01;31m[Kfatal error: [m[Kgui_msgs/msg/auto_process.hpp: No such file or directory
[0.975s]    32 | #include [01;31m[K"gui_msgs/msg/auto_process.hpp"[m[K
[0.975s]       |          [01;31m[K^~~~~~~~~~~~~~~~~~~~~~~~~~~~~~~[m[K
[0.975s] In file included from [01m[K/home/hoapham/ros2_ws/src/gui/include/gui/hello_gui.h:34[m[K,
[0.975s]                  from [01m[K/home/hoapham/ros2_ws/src/gui/src/main.cpp:4[m[K:
[0.976s] [01m[K/home/hoapham/ros2_ws/src/gui/include/gui/ExecutePage.h:32:10:[m[K [01;31m[Kfatal error: [m[Kgui_msgs/msg/auto_process.hpp: No such file or directory
[0.976s]    32 | #include [01;31m[K"gui_msgs/msg/auto_process.hpp"[m[K
[0.976s]       |          [01;31m[K^~~~~~~~~~~~~~~~~~~~~~~~~~~~~~~[m[K
[0.976s] compilation terminated.
[0.976s] compilation terminated.
[0.985s] gmake[2]: *** [CMakeFiles/gui.dir/build.make:90: CMakeFiles/gui.dir/src/main.cpp.o] Error 1
[0.985s] gmake[2]: *** [CMakeFiles/gui.dir/build.make:104: CMakeFiles/gui.dir/src/hello_gui.cpp.o] Error 1
[1.044s] In file included from [01m[K/home/hoapham/ros2_ws/src/gui/include/gui/hello_gui.h:34[m[K,
[1.044s]                  from [01m[K/home/hoapham/ros2_ws/src/gui/src/preparation.cpp:2[m[K:
[1.044s] [01m[K/home/hoapham/ros2_ws/src/gui/include/gui/ExecutePage.h:32:10:[m[K [01;31m[Kfatal error: [m[Kgui_msgs/msg/auto_process.hpp: No such file or directory
[1.045s]    32 | #include [01;31m[K"gui_msgs/msg/auto_process.hpp"[m[K
[1.045s]       |          [01;31m[K^~~~~~~~~~~~~~~~~~~~~~~~~~~~~~~[m[K
[1.045s] compilation terminated.
[1.054s] gmake[2]: *** [CMakeFiles/gui.dir/build.make:146: CMakeFiles/gui.dir/src/preparation.cpp.o] Error 1
[1.055s] gmake[1]: *** [CMakeFiles/Makefile2:138: CMakeFiles/gui.dir/all] Error 2
[1.055s] gmake: *** [Makefile:146: all] Error 2
[1.060s] Invoked command in '/home/hoapham/ros2_ws/build/gui' returned '2': CMAKE_PREFIX_PATH=${CMAKE_PREFIX_PATH}:/opt/ros/humble /usr/bin/cmake --build /home/hoapham/ros2_ws/build/gui -- -j16 -l16
