[0.013s] Invoking command in '/home/hoapham/ros2_ws/build/pointcloud_marker': CMAKE_PREFIX_PATH=${CMAKE_PREFIX_PATH}:/opt/ros/humble /usr/bin/cmake --build /home/hoapham/ros2_ws/build/pointcloud_marker -- -j16 -l16
[0.074s] [35m[1mConsolidate compiler generated dependencies of target pointcloud_marker_node[0m
[0.101s] [ 50%] [32mBuilding CXX object CMakeFiles/pointcloud_marker_node.dir/src/pointcloud_marker_node.cpp.o[0m
[3.857s] [01m[K/home/hoapham/ros2_ws/src/pointcloud_marker/src/pointcloud_marker_node.cpp:[m[K In member function â€˜[01m[Kvoid PointLabeler::click_callback(geometry_msgs::msg::PointStamped_<std::allocator<void> >::SharedPtr)[m[Kâ€™:
[3.857s] [01m[K/home/hoapham/ros2_ws/src/pointcloud_marker/src/pointcloud_marker_node.cpp:114:24:[m[K [01;31m[Kerror: [m[Kno matching function for call to â€˜[01m[Kstd::basic_ofstream<char>::open()[m[Kâ€™
[3.857s]   114 |         [01;31m[Kpoint_log_.open()[m[K;
[3.857s]       |         [01;31m[K~~~~~~~~~~~~~~~^~[m[K
[3.857s] In file included from [01m[K/usr/include/pcl-1.12/pcl/io/impl/pcd_io.hpp:44[m[K,
[3.857s]                  from [01m[K/usr/include/pcl-1.12/pcl/io/pcd_io.h:789[m[K,
[3.857s]                  from [01m[K/opt/ros/humble/include/pcl_conversions/pcl_conversions/pcl_conversions.h:73[m[K,
[3.858s]                  from [01m[K/home/hoapham/ros2_ws/src/pointcloud_marker/src/pointcloud_marker_node.cpp:8[m[K:
[3.858s] [01m[K/usr/include/c++/11/fstream:986:9:[m[K [01;36m[Knote: [m[Kcandidate: â€˜[01m[Ktemplate<class _Path> std::_If_fs_path<_Path, void> std::basic_ofstream<_CharT, _Traits>::open(const _Path&, std::ios_base::openmode) [with _Path = _Path; _CharT = char; _Traits = std::char_traits<char>][m[Kâ€™
[3.858s]   986 |         [01;36m[Kopen[m[K(const _Path& __s, ios_base::openmode __mode = ios_base::out)
[3.858s]       |         [01;36m[K^~~~[m[K
[3.858s] [01m[K/usr/include/c++/11/fstream:986:9:[m[K [01;36m[Knote: [m[K  template argument deduction/substitution failed:
[3.858s] [01m[K/home/hoapham/ros2_ws/src/pointcloud_marker/src/pointcloud_marker_node.cpp:114:24:[m[K [01;36m[Knote: [m[K  candidate expects 2 arguments, 0 provided
[3.858s]   114 |         [01;36m[Kpoint_log_.open()[m[K;
[3.858s]       |         [01;36m[K~~~~~~~~~~~~~~~^~[m[K
[3.858s] In file included from [01m[K/usr/include/pcl-1.12/pcl/io/impl/pcd_io.hpp:44[m[K,
[3.858s]                  from [01m[K/usr/include/pcl-1.12/pcl/io/pcd_io.h:789[m[K,
[3.858s]                  from [01m[K/opt/ros/humble/include/pcl_conversions/pcl_conversions/pcl_conversions.h:73[m[K,
[3.858s]                  from [01m[K/home/hoapham/ros2_ws/src/pointcloud_marker/src/pointcloud_marker_node.cpp:8[m[K:
[3.858s] [01m[K/usr/include/c++/11/fstream:926:7:[m[K [01;36m[Knote: [m[Kcandidate: â€˜[01m[Kvoid std::basic_ofstream<_CharT, _Traits>::open(const char*, std::ios_base::openmode) [with _CharT = char; _Traits = std::char_traits<char>; std::ios_base::openmode = std::ios_base::openmode][m[Kâ€™
[3.858s]   926 |       [01;36m[Kopen[m[K(const char* __s, ios_base::openmode __mode = ios_base::out)
[3.858s]       |       [01;36m[K^~~~[m[K
[3.858s] [01m[K/usr/include/c++/11/fstream:926:7:[m[K [01;36m[Knote: [m[K  candidate expects 2 arguments, 0 provided
[3.858s] [01m[K/usr/include/c++/11/fstream:965:7:[m[K [01;36m[Knote: [m[Kcandidate: â€˜[01m[Kvoid std::basic_ofstream<_CharT, _Traits>::open(const string&, std::ios_base::openmode) [with _CharT = char; _Traits = std::char_traits<char>; std::string = std::__cxx11::basic_string<char>; std::ios_base::openmode = std::ios_base::openmode][m[Kâ€™
[3.858s]   965 |       [01;36m[Kopen[m[K(const std::string& __s, ios_base::openmode __mode = ios_base::out)
[3.858s]       |       [01;36m[K^~~~[m[K
[3.858s] [01m[K/usr/include/c++/11/fstream:965:7:[m[K [01;36m[Knote: [m[K  candidate expects 2 arguments, 0 provided
[7.005s] gmake[2]: *** [CMakeFiles/pointcloud_marker_node.dir/build.make:76: CMakeFiles/pointcloud_marker_node.dir/src/pointcloud_marker_node.cpp.o] Error 1
[7.006s] gmake[1]: *** [CMakeFiles/Makefile2:137: CMakeFiles/pointcloud_marker_node.dir/all] Error 2
[7.006s] gmake: *** [Makefile:146: all] Error 2
[7.009s] Invoked command in '/home/hoapham/ros2_ws/build/pointcloud_marker' returned '2': CMAKE_PREFIX_PATH=${CMAKE_PREFIX_PATH}:/opt/ros/humble /usr/bin/cmake --build /home/hoapham/ros2_ws/build/pointcloud_marker -- -j16 -l16
