[0.012s] Invoking command in '/home/hoapham/ros2_ws/build/gui': CMAKE_PREFIX_PATH=${CMAKE_PREFIX_PATH}:/opt/ros/humble /usr/bin/cmake --build /home/hoapham/ros2_ws/build/gui -- -j16 -l16
[0.076s] [ 12%] [34m[1mAutomatic MOC and UIC for target gui[0m
[0.109s] [ 12%] Built target gui_autogen
[0.137s] [35m[1mConsolidate compiler generated dependencies of target gui[0m
[0.184s] [ 37%] [32mBuilding CXX object CMakeFiles/gui.dir/src/preparation.cpp.o[0m
[0.184s] [ 37%] [32mBuilding CXX object CMakeFiles/gui.dir/src/main.cpp.o[0m
[5.243s] [01m[K/home/hoapham/ros2_ws/src/gui/src/preparation.cpp:[m[K In constructor â€˜[01m[KForm::Form(QApplication*, rviz_common::ros_integration::RosNodeAbstractionIface::WeakPtr, QWidget*)[m[Kâ€™:
[5.243s] [01m[K/home/hoapham/ros2_ws/src/gui/src/preparation.cpp:14:5:[m[K [01;31m[Kerror: [m[Kclass â€˜[01m[KForm[m[Kâ€™ does not have any field named â€˜[01m[Kapp_[m[Kâ€™
[5.244s]    14 |     [01;31m[Kapp_[m[K(app), node_weak_ptr_(rviz_ros_node), QMainWindow(parent),
[5.244s]       |     [01;31m[K^~~~[m[K
[5.244s] [01m[K/home/hoapham/ros2_ws/src/gui/src/preparation.cpp:14:16:[m[K [01;31m[Kerror: [m[Kclass â€˜[01m[KForm[m[Kâ€™ does not have any field named â€˜[01m[Knode_weak_ptr_[m[Kâ€™
[5.244s]    14 |     app_(app), [01;31m[Knode_weak_ptr_[m[K(rviz_ros_node), QMainWindow(parent),
[5.244s]       |                [01;31m[K^~~~~~~~~~~~~~[m[K
[5.255s] [01m[K/home/hoapham/ros2_ws/src/gui/src/preparation.cpp:22:5:[m[K [01;31m[Kerror: [m[Kâ€˜[01m[Krviz_panel[m[Kâ€™ was not declared in this scope; did you mean â€˜[01m[KRvizPanel[m[Kâ€™?
[5.255s]    22 |     [01;31m[Krviz_panel[m[K = std::make_shared<RvizPanel>(app_);
[5.255s]       |     [01;31m[K^~~~~~~~~~[m[K
[5.255s]       |     [32m[KRvizPanel[m[K
[5.263s] [01m[K/home/hoapham/ros2_ws/src/gui/src/preparation.cpp:22:46:[m[K [01;31m[Kerror: [m[Kâ€˜[01m[Kapp_[m[Kâ€™ was not declared in this scope; did you mean â€˜[01m[Kapp[m[Kâ€™?
[5.263s]    22 |     rviz_panel = std::make_shared<RvizPanel>([01;31m[Kapp_[m[K);
[5.263s]       |                                              [01;31m[K^~~~[m[K
[5.263s]       |                                              [32m[Kapp[m[K
[5.278s] [01m[K/home/hoapham/ros2_ws/src/gui/src/preparation.cpp:23:57:[m[K [01;31m[Kerror: [m[Kâ€˜[01m[Knode_weak_ptr_[m[Kâ€™ was not declared in this scope
[5.278s]    23 |     QWidget *rviz_widget = rviz_panel->initializeWidget([01;31m[Knode_weak_ptr_[m[K);
[5.278s]       |                                                         [01;31m[K^~~~~~~~~~~~~~[m[K
[6.164s] gmake[2]: *** [CMakeFiles/gui.dir/build.make:146: CMakeFiles/gui.dir/src/preparation.cpp.o] Error 1
[6.165s] gmake[1]: *** [CMakeFiles/Makefile2:138: CMakeFiles/gui.dir/all] Error 2
[6.165s] gmake: *** [Makefile:146: all] Error 2
[6.167s] Invoked command in '/home/hoapham/ros2_ws/build/gui' returned '2': CMAKE_PREFIX_PATH=${CMAKE_PREFIX_PATH}:/opt/ros/humble /usr/bin/cmake --build /home/hoapham/ros2_ws/build/gui -- -j16 -l16
